[+] Starting task at 2019-12-29 08:59:56.558607 (16,4)
[+] Reading datasets ...
[-]ugr16_multiclass.csv OK
[-]ugr16_multiclass_folds.csv OK
[-]ugr16_multiclass_folds_selecvars.csv OK
[+] Computing hyper-parameters for the classifier: SVC ...


[+] The best parameters for Rep.: 16 and Kfold: 4 are:  [+]
{'C': 0.8381481445005399}

---BEST PARAMETERS WRITED---
[+] PARAMETERS SELECTED MODEL SVC [+]

cs:  0.8381481445005399
[+] TRAINING MODELS [+]

[+] Model Training: SVC


[+] MODEL PREDICTING svc


[+] CLASSIFICATION REPORT TEST svc

              precision    recall  f1-score   support

  background       0.82      0.93      0.87      6018
         dos       0.99      0.83      0.90        83
 nerisbotnet       0.97      0.85      0.90       118
        scan       0.92      0.94      0.93        35
     sshscan       0.00      0.00      0.00         6
     udpscan       1.00      1.00      1.00         1
        spam       0.85      0.60      0.70      3190

   micro avg       0.83      0.82      0.82      9451
   macro avg       0.79      0.74      0.76      9451
weighted avg       0.83      0.82      0.82      9451
 samples avg       0.81      0.82      0.81      9451


[+] CLASSIFICATION REPORT TRAIN svc

              precision    recall  f1-score   support

  background       0.82      0.93      0.87     24070
         dos       0.98      0.92      0.95       334
 nerisbotnet       0.98      0.91      0.94       476
        scan       0.99      0.94      0.96       141
     sshscan       0.00      0.00      0.00        21
     udpscan       1.00      0.50      0.67         8
        spam       0.84      0.60      0.70     12768

   micro avg       0.83      0.82      0.82     37818
   macro avg       0.80      0.68      0.73     37818
weighted avg       0.83      0.82      0.82     37818
 samples avg       0.81      0.82      0.82     37818


SUM SUPPORTS TEST:  9451
AUC_W TEST:  0.7872195868003528

SUM SUPPORTS TRAIN:  37818
AUC_W TRAIN:  0.7850989620316163

[+] Line added ...
[+] Line added ...
---FPR TEST WRITTEN---
---TPR TEST WRITTEN---
---FPR TRAIN WRITTEN---
---TPR TRAIN WRITTEN---
------------------
 [+] Time Stamp: --- REP: ---16--- Kfold: ---4--- Model: ---SVC--- FINISHED! [+]
------------------
Elapsed time (s):  103374.88092899323
[+] Finishing task at 2019-12-30 13:42:51.470472 (16,4)
