[+] Starting task at 2019-12-29 08:57:31.570346 (4,5)
[+] Reading datasets ...
[-]ugr16_multiclass.csv OK
[-]ugr16_multiclass_folds.csv OK
[-]ugr16_multiclass_folds_selecvars.csv OK
[+] Computing hyper-parameters for the classifier: SVC ...


[+] The best parameters for Rep.: 4 and Kfold: 5 are:  [+]
{'C': 0.44151037131230175}

---BEST PARAMETERS WRITED---
[+] PARAMETERS SELECTED MODEL SVC [+]

cs:  0.44151037131230175
[+] TRAINING MODELS [+]

[+] Model Training: SVC


[+] MODEL PREDICTING svc


[+] CLASSIFICATION REPORT TEST svc

              precision    recall  f1-score   support

  background       0.82      0.93      0.88      6018
         dos       0.96      0.95      0.96        83
 nerisbotnet       0.99      0.91      0.95       118
        scan       1.00      0.89      0.94        35
     sshscan       0.00      0.00      0.00         5
     udpscan       0.50      0.50      0.50         2
        spam       0.83      0.62      0.71      3191

   micro avg       0.83      0.83      0.83      9452
   macro avg       0.73      0.69      0.70      9452
weighted avg       0.83      0.83      0.82      9452
 samples avg       0.82      0.83      0.82      9452


[+] CLASSIFICATION REPORT TRAIN svc

              precision    recall  f1-score   support

  background       0.82      0.93      0.87     24073
         dos       0.99      0.90      0.94       334
 nerisbotnet       0.97      0.90      0.93       476
        scan       1.00      0.93      0.96       141
     sshscan       0.00      0.00      0.00        22
     udpscan       1.00      0.57      0.73         7
        spam       0.84      0.60      0.70     12768

   micro avg       0.83      0.82      0.82     37821
   macro avg       0.80      0.69      0.73     37821
weighted avg       0.83      0.82      0.82     37821
 samples avg       0.82      0.82      0.82     37821


SUM SUPPORTS TEST:  9452
AUC_W TEST:  0.7908494494274322

SUM SUPPORTS TRAIN:  37821
AUC_W TRAIN:  0.7857866762051392

[+] Line added ...
[+] Line added ...
---FPR TEST WRITTEN---
---TPR TEST WRITTEN---
---FPR TRAIN WRITTEN---
---TPR TRAIN WRITTEN---
------------------
 [+] Time Stamp: --- REP: ---4--- Kfold: ---5--- Model: ---SVC--- FINISHED! [+]
------------------
Elapsed time (s):  131892.36949253082
[+] Finishing task at 2019-12-30 21:35:43.986835 (4,5)
