[+] Starting task at 2019-12-29 08:59:43.833397 (15,5)
[+] Reading datasets ...
[-]ugr16_multiclass.csv OK
[-]ugr16_multiclass_folds.csv OK
[-]ugr16_multiclass_folds_selecvars.csv OK
[+] Computing hyper-parameters for the classifier: SVC ...


[+] The best parameters for Rep.: 15 and Kfold: 5 are:  [+]
{'C': 0.2171189304848049}

---BEST PARAMETERS WRITED---
[+] PARAMETERS SELECTED MODEL SVC [+]

cs:  0.2171189304848049
[+] TRAINING MODELS [+]

[+] Model Training: SVC


[+] MODEL PREDICTING svc


[+] CLASSIFICATION REPORT TEST svc

              precision    recall  f1-score   support

  background       0.82      0.92      0.87      6018
         dos       0.99      0.85      0.91        84
 nerisbotnet       0.96      0.96      0.96       118
        scan       0.94      0.94      0.94        35
     sshscan       0.00      0.00      0.00         5
     udpscan       0.50      0.50      0.50         2
        spam       0.83      0.59      0.69      3191

   micro avg       0.83      0.81      0.82      9453
   macro avg       0.72      0.68      0.70      9453
weighted avg       0.83      0.81      0.81      9453
 samples avg       0.81      0.81      0.81      9453


[+] CLASSIFICATION REPORT TRAIN svc

              precision    recall  f1-score   support

  background       0.82      0.94      0.87     24073
         dos       0.98      0.93      0.96       333
 nerisbotnet       0.97      0.91      0.94       476
        scan       0.99      0.94      0.96       141
     sshscan       0.00      0.00      0.00        22
     udpscan       1.00      0.57      0.73         7
        spam       0.85      0.60      0.70     12768

   micro avg       0.83      0.82      0.83     37820
   macro avg       0.80      0.70      0.74     37820
weighted avg       0.83      0.82      0.82     37820
 samples avg       0.82      0.82      0.82     37820


SUM SUPPORTS TEST:  9453
AUC_W TEST:  0.7828985096484328

SUM SUPPORTS TRAIN:  37820
AUC_W TRAIN:  0.7872971208559016

[+] Line added ...
[+] Line added ...
---FPR TEST WRITTEN---
---TPR TEST WRITTEN---
---FPR TRAIN WRITTEN---
---TPR TRAIN WRITTEN---
------------------
 [+] Time Stamp: --- REP: ---15--- Kfold: ---5--- Model: ---SVC--- FINISHED! [+]
------------------
Elapsed time (s):  128724.96406340599
[+] Finishing task at 2019-12-30 20:45:08.848874 (15,5)
