[+] Starting task at 2019-12-29 08:59:50.521860 (16,1)
[+] Reading datasets ...
[-]ugr16_multiclass.csv OK
[-]ugr16_multiclass_folds.csv OK
[-]ugr16_multiclass_folds_selecvars.csv OK
[+] Computing hyper-parameters for the classifier: SVC ...


[+] The best parameters for Rep.: 16 and Kfold: 1 are:  [+]
{'C': 0.17504673924457956}

---BEST PARAMETERS WRITED---
[+] PARAMETERS SELECTED MODEL SVC [+]

cs:  0.17504673924457956
[+] TRAINING MODELS [+]

[+] Model Training: SVC


[+] MODEL PREDICTING svc


[+] CLASSIFICATION REPORT TEST svc

              precision    recall  f1-score   support

  background       0.82      0.93      0.87      6018
         dos       0.99      0.95      0.97        84
 nerisbotnet       0.96      0.92      0.94       119
        scan       0.91      0.86      0.89        36
     sshscan       0.00      0.00      0.00         6
     udpscan       1.00      1.00      1.00         2
        spam       0.83      0.61      0.70      3191

   micro avg       0.83      0.82      0.82      9456
   macro avg       0.79      0.75      0.77      9456
weighted avg       0.83      0.82      0.82      9456
 samples avg       0.82      0.82      0.82      9456


[+] CLASSIFICATION REPORT TRAIN svc

              precision    recall  f1-score   support

  background       0.82      0.93      0.87     24073
         dos       0.99      0.91      0.95       333
 nerisbotnet       0.98      0.92      0.95       475
        scan       0.99      0.93      0.96       140
     sshscan       0.00      0.00      0.00        21
     udpscan       1.00      0.43      0.60         7
        spam       0.84      0.61      0.70     12768

   micro avg       0.83      0.82      0.83     37817
   macro avg       0.80      0.68      0.72     37817
weighted avg       0.83      0.82      0.82     37817
 samples avg       0.82      0.82      0.82     37817


SUM SUPPORTS TEST:  9456
AUC_W TEST:  0.7880867766753759

SUM SUPPORTS TRAIN:  37817
AUC_W TRAIN:  0.7866962528257411

[+] Line added ...
[+] Line added ...
---FPR TEST WRITTEN---
---TPR TEST WRITTEN---
---FPR TRAIN WRITTEN---
---TPR TRAIN WRITTEN---
------------------
 [+] Time Stamp: --- REP: ---16--- Kfold: ---1--- Model: ---SVC--- FINISHED! [+]
------------------
Elapsed time (s):  153389.34420585632
[+] Finishing task at 2019-12-31 03:36:19.900607 (16,1)
