[+] Starting task at 2019-12-29 08:57:44.013619 (5,4)
[+] Reading datasets ...
[-]ugr16_multiclass.csv OK
[-]ugr16_multiclass_folds.csv OK
[-]ugr16_multiclass_folds_selecvars.csv OK
[+] Computing hyper-parameters for the classifier: SVC ...


[+] The best parameters for Rep.: 5 and Kfold: 4 are:  [+]
{'C': 0.3110038031013243}

---BEST PARAMETERS WRITED---
[+] PARAMETERS SELECTED MODEL SVC [+]

cs:  0.3110038031013243
[+] TRAINING MODELS [+]

[+] Model Training: SVC


[+] MODEL PREDICTING svc


[+] CLASSIFICATION REPORT TEST svc

              precision    recall  f1-score   support

  background       0.82      0.92      0.87      6019
         dos       0.95      0.96      0.96        83
 nerisbotnet       0.97      0.89      0.93       119
        scan       0.97      0.86      0.91        35
     sshscan       0.00      0.00      0.00         6
     udpscan       0.00      0.00      0.00         2
        spam       0.81      0.62      0.70      3192

   micro avg       0.82      0.82      0.82      9456
   macro avg       0.65      0.61      0.62      9456
weighted avg       0.82      0.82      0.81      9456
 samples avg       0.81      0.82      0.81      9456


[+] CLASSIFICATION REPORT TRAIN svc

              precision    recall  f1-score   support

  background       0.82      0.93      0.87     24072
         dos       0.99      0.91      0.95       334
 nerisbotnet       0.97      0.92      0.95       475
        scan       1.00      0.96      0.98       141
     sshscan       0.00      0.00      0.00        21
     udpscan       1.00      0.71      0.83         7
        spam       0.84      0.60      0.70     12769

   micro avg       0.83      0.82      0.83     37819
   macro avg       0.80      0.72      0.75     37819
weighted avg       0.83      0.82      0.82     37819
 samples avg       0.82      0.82      0.82     37819


SUM SUPPORTS TEST:  9456
AUC_W TEST:  0.7839745756679931

SUM SUPPORTS TRAIN:  37819
AUC_W TRAIN:  0.7869091923659782

[+] Line added ...
[+] Line added ...
---FPR TEST WRITTEN---
---TPR TEST WRITTEN---
---FPR TRAIN WRITTEN---
---TPR TRAIN WRITTEN---
------------------
 [+] Time Stamp: --- REP: ---5--- Kfold: ---4--- Model: ---SVC--- FINISHED! [+]
------------------
Elapsed time (s):  89678.10542917252
[+] Finishing task at 2019-12-30 09:52:22.152762 (5,4)
