[+] Starting task at 2019-12-29 08:58:53.566317 (11,2)
[+] Reading datasets ...
[-]ugr16_multiclass.csv OK
[-]ugr16_multiclass_folds.csv OK
[-]ugr16_multiclass_folds_selecvars.csv OK
[+] Computing hyper-parameters for the classifier: SVC ...


[+] The best parameters for Rep.: 11 and Kfold: 2 are:  [+]
{'C': 0.2703757179828428}

---BEST PARAMETERS WRITED---
[+] PARAMETERS SELECTED MODEL SVC [+]

cs:  0.2703757179828428
[+] TRAINING MODELS [+]

[+] Model Training: SVC


[+] MODEL PREDICTING svc


[+] CLASSIFICATION REPORT TEST svc

              precision    recall  f1-score   support

  background       0.82      0.93      0.87      6016
         dos       0.97      0.90      0.94        84
 nerisbotnet       0.96      0.91      0.93       119
        scan       0.94      0.91      0.93        35
     sshscan       0.00      0.00      0.00         5
     udpscan       0.00      0.00      0.00         1
        spam       0.83      0.61      0.70      3193

   micro avg       0.82      0.82      0.82      9453
   macro avg       0.65      0.61      0.62      9453
weighted avg       0.82      0.82      0.81      9453
 samples avg       0.81      0.82      0.81      9453


[+] CLASSIFICATION REPORT TRAIN svc

              precision    recall  f1-score   support

  background       0.82      0.94      0.87     24072
         dos       0.99      0.91      0.95       333
 nerisbotnet       0.98      0.93      0.96       475
        scan       0.99      0.95      0.97       141
     sshscan       0.00      0.00      0.00        22
     udpscan       1.00      0.62      0.77         8
        spam       0.84      0.60      0.70     12767

   micro avg       0.83      0.82      0.83     37818
   macro avg       0.80      0.71      0.75     37818
weighted avg       0.83      0.82      0.82     37818
 samples avg       0.82      0.82      0.82     37818


SUM SUPPORTS TEST:  9453
AUC_W TEST:  0.7836914338320328

SUM SUPPORTS TRAIN:  37818
AUC_W TRAIN:  0.7866893721325341

[+] Line added ...
[+] Line added ...
---FPR TEST WRITTEN---
---TPR TEST WRITTEN---
---FPR TRAIN WRITTEN---
---TPR TRAIN WRITTEN---
------------------
 [+] Time Stamp: --- REP: ---11--- Kfold: ---2--- Model: ---SVC--- FINISHED! [+]
------------------
Elapsed time (s):  113378.7753264904
[+] Finishing task at 2019-12-30 16:28:32.372471 (11,2)
