[+] Starting task at 2019-12-29 08:57:31.567250 (4,4)
[+] Reading datasets ...
[-]ugr16_multiclass.csv OK
[-]ugr16_multiclass_folds.csv OK
[-]ugr16_multiclass_folds_selecvars.csv OK
[+] Computing hyper-parameters for the classifier: SVC ...


[+] The best parameters for Rep.: 4 and Kfold: 4 are:  [+]
{'C': 0.2538502528604303}

---BEST PARAMETERS WRITED---
[+] PARAMETERS SELECTED MODEL SVC [+]

cs:  0.2538502528604303
[+] TRAINING MODELS [+]

[+] Model Training: SVC


[+] MODEL PREDICTING svc


[+] CLASSIFICATION REPORT TEST svc

              precision    recall  f1-score   support

  background       0.82      0.93      0.87      6018
         dos       0.94      0.89      0.91        84
 nerisbotnet       0.94      0.92      0.93       119
        scan       0.94      0.86      0.90        35
     sshscan       0.00      0.00      0.00         6
     udpscan       0.67      1.00      0.80         2
        spam       0.83      0.62      0.71      3191

   micro avg       0.82      0.82      0.82      9455
   macro avg       0.73      0.74      0.73      9455
weighted avg       0.82      0.82      0.82      9455
 samples avg       0.81      0.82      0.82      9455


[+] CLASSIFICATION REPORT TRAIN svc

              precision    recall  f1-score   support

  background       0.82      0.93      0.87     24072
         dos       0.98      0.92      0.95       333
 nerisbotnet       0.98      0.92      0.95       475
        scan       1.00      0.95      0.97       141
     sshscan       0.00      0.00      0.00        21
     udpscan       1.00      0.43      0.60         7
        spam       0.84      0.60      0.70     12767

   micro avg       0.83      0.82      0.83     37816
   macro avg       0.80      0.68      0.72     37816
weighted avg       0.83      0.82      0.82     37816
 samples avg       0.82      0.82      0.82     37816


SUM SUPPORTS TEST:  9455
AUC_W TEST:  0.7833609708063027

SUM SUPPORTS TRAIN:  37816
AUC_W TRAIN:  0.7870401208084619

[+] Line added ...
[+] Line added ...
---FPR TEST WRITTEN---
---TPR TEST WRITTEN---
---FPR TRAIN WRITTEN---
---TPR TRAIN WRITTEN---
------------------
 [+] Time Stamp: --- REP: ---4--- Kfold: ---4--- Model: ---SVC--- FINISHED! [+]
------------------
Elapsed time (s):  121170.9004945755
[+] Finishing task at 2019-12-30 18:37:02.503241 (4,4)
