[+] Starting task at 2019-12-29 08:59:39.262604 (15,2)
[+] Reading datasets ...
[-]ugr16_multiclass.csv OK
[-]ugr16_multiclass_folds.csv OK
[-]ugr16_multiclass_folds_selecvars.csv OK
[+] Computing hyper-parameters for the classifier: SVC ...


[+] The best parameters for Rep.: 15 and Kfold: 2 are:  [+]
{'C': 0.9193053352176692}

---BEST PARAMETERS WRITED---
[+] PARAMETERS SELECTED MODEL SVC [+]

cs:  0.9193053352176692
[+] TRAINING MODELS [+]

[+] Model Training: SVC


[+] MODEL PREDICTING svc


[+] CLASSIFICATION REPORT TEST svc

              precision    recall  f1-score   support

  background       0.82      0.92      0.87      6018
         dos       0.95      0.90      0.93        83
 nerisbotnet       0.96      0.90      0.93       119
        scan       0.94      0.89      0.91        36
     sshscan       0.00      0.00      0.00         6
     udpscan       1.00      1.00      1.00         1
        spam       0.82      0.62      0.71      3191

   micro avg       0.82      0.82      0.82      9454
   macro avg       0.78      0.75      0.76      9454
weighted avg       0.82      0.82      0.82      9454
 samples avg       0.81      0.82      0.82      9454


[+] CLASSIFICATION REPORT TRAIN svc

              precision    recall  f1-score   support

  background       0.82      0.93      0.87     24073
         dos       0.98      0.90      0.94       334
 nerisbotnet       0.98      0.91      0.94       475
        scan       1.00      0.95      0.97       140
     sshscan       0.00      0.00      0.00        21
     udpscan       1.00      0.50      0.67         8
        spam       0.84      0.60      0.70     12768

   micro avg       0.83      0.82      0.82     37819
   macro avg       0.80      0.69      0.73     37819
weighted avg       0.83      0.82      0.82     37819
 samples avg       0.82      0.82      0.82     37819


SUM SUPPORTS TEST:  9454
AUC_W TEST:  0.7861846281077206

SUM SUPPORTS TRAIN:  37819
AUC_W TRAIN:  0.7855641380483278

[+] Line added ...
[+] Line added ...
---FPR TEST WRITTEN---
---TPR TEST WRITTEN---
---FPR TRAIN WRITTEN---
---TPR TRAIN WRITTEN---
------------------
 [+] Time Stamp: --- REP: ---15--- Kfold: ---2--- Model: ---SVC--- FINISHED! [+]
------------------
Elapsed time (s):  122375.53325033188
[+] Finishing task at 2019-12-30 18:59:14.829215 (15,2)
