nohup: ignoring input
[+] Running experiment 20200709_174035 with rep (1,20) and k-folds (1,5)
[-] Running task for model: lr, rep: 1, k-fold: 1
Submitted batch job 7788695
[-] Running task for model: lr, rep: 1, k-fold: 2
Submitted batch job 7788696
[-] Running task for model: lr, rep: 1, k-fold: 3
Submitted batch job 7788697
[-] Running task for model: lr, rep: 1, k-fold: 4
Submitted batch job 7788698
[-] Running task for model: lr, rep: 1, k-fold: 5
Submitted batch job 7788699
[-] Running task for model: lr, rep: 2, k-fold: 1
Submitted batch job 7788700
[-] Running task for model: lr, rep: 2, k-fold: 2
Submitted batch job 7788701
[-] Running task for model: lr, rep: 2, k-fold: 3
Submitted batch job 7788702
[-] Running task for model: lr, rep: 2, k-fold: 4
Submitted batch job 7788703
[-] Running task for model: lr, rep: 2, k-fold: 5
Submitted batch job 7788704
[-] Running task for model: lr, rep: 3, k-fold: 1
Submitted batch job 7788705
[-] Running task for model: lr, rep: 3, k-fold: 2
Submitted batch job 7788706
[-] Running task for model: lr, rep: 3, k-fold: 3
Submitted batch job 7788707
[-] Running task for model: lr, rep: 3, k-fold: 4
Submitted batch job 7788708
[-] Running task for model: lr, rep: 3, k-fold: 5
Submitted batch job 7788709
[-] Running task for model: lr, rep: 4, k-fold: 1
Submitted batch job 7788710
[-] Running task for model: lr, rep: 4, k-fold: 2
Submitted batch job 7788711
[-] Running task for model: lr, rep: 4, k-fold: 3
Submitted batch job 7788712
[-] Running task for model: lr, rep: 4, k-fold: 4
Submitted batch job 7788713
[-] Running task for model: lr, rep: 4, k-fold: 5
Submitted batch job 7788714
[-] Running task for model: lr, rep: 5, k-fold: 1
Submitted batch job 7788715
[-] Running task for model: lr, rep: 5, k-fold: 2
Submitted batch job 7788716
[-] Running task for model: lr, rep: 5, k-fold: 3
Submitted batch job 7788717
[-] Running task for model: lr, rep: 5, k-fold: 4
Submitted batch job 7788718
[-] Running task for model: lr, rep: 5, k-fold: 5
Submitted batch job 7788719
[-] Running task for model: lr, rep: 6, k-fold: 1
Submitted batch job 7788721
[-] Running task for model: lr, rep: 6, k-fold: 2
Submitted batch job 7788723
[-] Running task for model: lr, rep: 6, k-fold: 3
Submitted batch job 7788726
[-] Running task for model: lr, rep: 6, k-fold: 4
Submitted batch job 7788728
[-] Running task for model: lr, rep: 6, k-fold: 5
Submitted batch job 7788729
[-] Running task for model: lr, rep: 7, k-fold: 1
Submitted batch job 7788731
[-] Running task for model: lr, rep: 7, k-fold: 2
Submitted batch job 7788733
[-] Running task for model: lr, rep: 7, k-fold: 3
Submitted batch job 7788735
[-] Running task for model: lr, rep: 7, k-fold: 4
Submitted batch job 7788737
[-] Running task for model: lr, rep: 7, k-fold: 5
Submitted batch job 7788739
[-] Running task for model: lr, rep: 8, k-fold: 1
Submitted batch job 7788741
[-] Running task for model: lr, rep: 8, k-fold: 2
Submitted batch job 7788743
[-] Running task for model: lr, rep: 8, k-fold: 3
Submitted batch job 7788745
[-] Running task for model: lr, rep: 8, k-fold: 4
Submitted batch job 7788747
[-] Running task for model: lr, rep: 8, k-fold: 5
Submitted batch job 7788749
[-] Running task for model: lr, rep: 9, k-fold: 1
Submitted batch job 7788751
[-] Running task for model: lr, rep: 9, k-fold: 2
Submitted batch job 7788754
[-] Running task for model: lr, rep: 9, k-fold: 3
Submitted batch job 7788755
[-] Running task for model: lr, rep: 9, k-fold: 4
Submitted batch job 7788757
[-] Running task for model: lr, rep: 9, k-fold: 5
Submitted batch job 7788760
[-] Running task for model: lr, rep: 10, k-fold: 1
Submitted batch job 7788762
[-] Running task for model: lr, rep: 10, k-fold: 2
Submitted batch job 7788763
[-] Running task for model: lr, rep: 10, k-fold: 3
Submitted batch job 7788766
[-] Running task for model: lr, rep: 10, k-fold: 4
Submitted batch job 7788767
[-] Running task for model: lr, rep: 10, k-fold: 5
Submitted batch job 7788769
[-] Running task for model: lr, rep: 11, k-fold: 1
Submitted batch job 7788772
[-] Running task for model: lr, rep: 11, k-fold: 2
Submitted batch job 7788774
[-] Running task for model: lr, rep: 11, k-fold: 3
Submitted batch job 7788776
[-] Running task for model: lr, rep: 11, k-fold: 4
Submitted batch job 7788778
[-] Running task for model: lr, rep: 11, k-fold: 5
Submitted batch job 7788780
[-] Running task for model: lr, rep: 12, k-fold: 1
Submitted batch job 7788782
[-] Running task for model: lr, rep: 12, k-fold: 2
Submitted batch job 7788784
[-] Running task for model: lr, rep: 12, k-fold: 3
Submitted batch job 7788785
[-] Running task for model: lr, rep: 12, k-fold: 4
Submitted batch job 7788788
[-] Running task for model: lr, rep: 12, k-fold: 5
Submitted batch job 7788789
[-] Running task for model: lr, rep: 13, k-fold: 1
Submitted batch job 7788791
[-] Running task for model: lr, rep: 13, k-fold: 2
Submitted batch job 7788794
[-] Running task for model: lr, rep: 13, k-fold: 3
Submitted batch job 7788796
[-] Running task for model: lr, rep: 13, k-fold: 4
Submitted batch job 7788797
[-] Running task for model: lr, rep: 13, k-fold: 5
Submitted batch job 7788800
[-] Running task for model: lr, rep: 14, k-fold: 1
Submitted batch job 7788802
[-] Running task for model: lr, rep: 14, k-fold: 2
Submitted batch job 7788803
[-] Running task for model: lr, rep: 14, k-fold: 3
Submitted batch job 7788805
[-] Running task for model: lr, rep: 14, k-fold: 4
Submitted batch job 7788807
[-] Running task for model: lr, rep: 14, k-fold: 5
Submitted batch job 7788809
[-] Running task for model: lr, rep: 15, k-fold: 1
Submitted batch job 7788810
[-] Running task for model: lr, rep: 15, k-fold: 2
Submitted batch job 7788813
[-] Running task for model: lr, rep: 15, k-fold: 3
Submitted batch job 7788814
[-] Running task for model: lr, rep: 15, k-fold: 4
Submitted batch job 7788816
[-] Running task for model: lr, rep: 15, k-fold: 5
Submitted batch job 7788818
[-] Running task for model: lr, rep: 16, k-fold: 1
Submitted batch job 7788821
[-] Running task for model: lr, rep: 16, k-fold: 2
Submitted batch job 7788822
[-] Running task for model: lr, rep: 16, k-fold: 3
Submitted batch job 7788824
[-] Running task for model: lr, rep: 16, k-fold: 4
Submitted batch job 7788826
[-] Running task for model: lr, rep: 16, k-fold: 5
Submitted batch job 7788828
[-] Running task for model: lr, rep: 17, k-fold: 1
Submitted batch job 7788830
[-] Running task for model: lr, rep: 17, k-fold: 2
Submitted batch job 7788832
[-] Running task for model: lr, rep: 17, k-fold: 3
Submitted batch job 7788835
[-] Running task for model: lr, rep: 17, k-fold: 4
Submitted batch job 7788837
[-] Running task for model: lr, rep: 17, k-fold: 5
Submitted batch job 7788838
[-] Running task for model: lr, rep: 18, k-fold: 1
Submitted batch job 7788841
[-] Running task for model: lr, rep: 18, k-fold: 2
Submitted batch job 7788842
[-] Running task for model: lr, rep: 18, k-fold: 3
Submitted batch job 7788844
[-] Running task for model: lr, rep: 18, k-fold: 4
Submitted batch job 7788846
[-] Running task for model: lr, rep: 18, k-fold: 5
Submitted batch job 7788849
[-] Running task for model: lr, rep: 19, k-fold: 1
Submitted batch job 7788851
[-] Running task for model: lr, rep: 19, k-fold: 2
Submitted batch job 7788853
[-] Running task for model: lr, rep: 19, k-fold: 3
Submitted batch job 7788855
[-] Running task for model: lr, rep: 19, k-fold: 4
Submitted batch job 7788857
[-] Running task for model: lr, rep: 19, k-fold: 5
Submitted batch job 7788859
[-] Running task for model: lr, rep: 20, k-fold: 1
Submitted batch job 7788862
[-] Running task for model: lr, rep: 20, k-fold: 2
Submitted batch job 7788864
[-] Running task for model: lr, rep: 20, k-fold: 3
Submitted batch job 7788866
[-] Running task for model: lr, rep: 20, k-fold: 4
Submitted batch job 7788867
[-] Running task for model: lr, rep: 20, k-fold: 5
Submitted batch job 7788870
[+] 100 repetitions have been launched for the experiment 20200709_174035
