nohup: ignoring input
[+] Running experiment 20200710_173030 with rep (1,20) and k-folds (1,5)
[-] Running task for model: rf, rep: 1, k-fold: 1
Submitted batch job 7789359
[-] Running task for model: rf, rep: 1, k-fold: 2
Submitted batch job 7789360
[-] Running task for model: rf, rep: 1, k-fold: 3
Submitted batch job 7789361
[-] Running task for model: rf, rep: 1, k-fold: 4
Submitted batch job 7789362
[-] Running task for model: rf, rep: 1, k-fold: 5
Submitted batch job 7789363
[-] Running task for model: rf, rep: 2, k-fold: 1
Submitted batch job 7789364
[-] Running task for model: rf, rep: 2, k-fold: 2
Submitted batch job 7789365
[-] Running task for model: rf, rep: 2, k-fold: 3
Submitted batch job 7789366
[-] Running task for model: rf, rep: 2, k-fold: 4
Submitted batch job 7789368
[-] Running task for model: rf, rep: 2, k-fold: 5
Submitted batch job 7789370
[-] Running task for model: rf, rep: 3, k-fold: 1
Submitted batch job 7789372
[-] Running task for model: rf, rep: 3, k-fold: 2
Submitted batch job 7789374
[-] Running task for model: rf, rep: 3, k-fold: 3
Submitted batch job 7789376
[-] Running task for model: rf, rep: 3, k-fold: 4
Submitted batch job 7789378
[-] Running task for model: rf, rep: 3, k-fold: 5
Submitted batch job 7789380
[-] Running task for model: rf, rep: 4, k-fold: 1
Submitted batch job 7789382
[-] Running task for model: rf, rep: 4, k-fold: 2
Submitted batch job 7789384
[-] Running task for model: rf, rep: 4, k-fold: 3
Submitted batch job 7789386
[-] Running task for model: rf, rep: 4, k-fold: 4
Submitted batch job 7789388
[-] Running task for model: rf, rep: 4, k-fold: 5
Submitted batch job 7789390
[-] Running task for model: rf, rep: 5, k-fold: 1
Submitted batch job 7789392
[-] Running task for model: rf, rep: 5, k-fold: 2
Submitted batch job 7789394
[-] Running task for model: rf, rep: 5, k-fold: 3
Submitted batch job 7789396
[-] Running task for model: rf, rep: 5, k-fold: 4
Submitted batch job 7789398
[-] Running task for model: rf, rep: 5, k-fold: 5
Submitted batch job 7789400
[-] Running task for model: rf, rep: 6, k-fold: 1
Submitted batch job 7789402
[-] Running task for model: rf, rep: 6, k-fold: 2
Submitted batch job 7789404
[-] Running task for model: rf, rep: 6, k-fold: 3
Submitted batch job 7789406
[-] Running task for model: rf, rep: 6, k-fold: 4
Submitted batch job 7789408
[-] Running task for model: rf, rep: 6, k-fold: 5
Submitted batch job 7789410
[-] Running task for model: rf, rep: 7, k-fold: 1
Submitted batch job 7789412
[-] Running task for model: rf, rep: 7, k-fold: 2
Submitted batch job 7789414
[-] Running task for model: rf, rep: 7, k-fold: 3
Submitted batch job 7789416
[-] Running task for model: rf, rep: 7, k-fold: 4
Submitted batch job 7789418
[-] Running task for model: rf, rep: 7, k-fold: 5
Submitted batch job 7789420
[-] Running task for model: rf, rep: 8, k-fold: 1
Submitted batch job 7789422
[-] Running task for model: rf, rep: 8, k-fold: 2
Submitted batch job 7789424
[-] Running task for model: rf, rep: 8, k-fold: 3
Submitted batch job 7789426
[-] Running task for model: rf, rep: 8, k-fold: 4
Submitted batch job 7789428
[-] Running task for model: rf, rep: 8, k-fold: 5
Submitted batch job 7789430
[-] Running task for model: rf, rep: 9, k-fold: 1
Submitted batch job 7789432
[-] Running task for model: rf, rep: 9, k-fold: 2
Submitted batch job 7789434
[-] Running task for model: rf, rep: 9, k-fold: 3
Submitted batch job 7789436
[-] Running task for model: rf, rep: 9, k-fold: 4
Submitted batch job 7789438
[-] Running task for model: rf, rep: 9, k-fold: 5
Submitted batch job 7789440
[-] Running task for model: rf, rep: 10, k-fold: 1
Submitted batch job 7789442
[-] Running task for model: rf, rep: 10, k-fold: 2
Submitted batch job 7789444
[-] Running task for model: rf, rep: 10, k-fold: 3
Submitted batch job 7789446
[-] Running task for model: rf, rep: 10, k-fold: 4
Submitted batch job 7789448
[-] Running task for model: rf, rep: 10, k-fold: 5
Submitted batch job 7789450
[-] Running task for model: rf, rep: 11, k-fold: 1
Submitted batch job 7789452
[-] Running task for model: rf, rep: 11, k-fold: 2
Submitted batch job 7789454
[-] Running task for model: rf, rep: 11, k-fold: 3
Submitted batch job 7789456
[-] Running task for model: rf, rep: 11, k-fold: 4
Submitted batch job 7789458
[-] Running task for model: rf, rep: 11, k-fold: 5
Submitted batch job 7789460
[-] Running task for model: rf, rep: 12, k-fold: 1
Submitted batch job 7789462
[-] Running task for model: rf, rep: 12, k-fold: 2
Submitted batch job 7789464
[-] Running task for model: rf, rep: 12, k-fold: 3
Submitted batch job 7789466
[-] Running task for model: rf, rep: 12, k-fold: 4
Submitted batch job 7789468
[-] Running task for model: rf, rep: 12, k-fold: 5
Submitted batch job 7789470
[-] Running task for model: rf, rep: 13, k-fold: 1
Submitted batch job 7789472
[-] Running task for model: rf, rep: 13, k-fold: 2
Submitted batch job 7789474
[-] Running task for model: rf, rep: 13, k-fold: 3
Submitted batch job 7789476
[-] Running task for model: rf, rep: 13, k-fold: 4
Submitted batch job 7789478
[-] Running task for model: rf, rep: 13, k-fold: 5
Submitted batch job 7789480
[-] Running task for model: rf, rep: 14, k-fold: 1
Submitted batch job 7789482
[-] Running task for model: rf, rep: 14, k-fold: 2
Submitted batch job 7789484
[-] Running task for model: rf, rep: 14, k-fold: 3
Submitted batch job 7789486
[-] Running task for model: rf, rep: 14, k-fold: 4
Submitted batch job 7789488
[-] Running task for model: rf, rep: 14, k-fold: 5
Submitted batch job 7789490
[-] Running task for model: rf, rep: 15, k-fold: 1
Submitted batch job 7789492
[-] Running task for model: rf, rep: 15, k-fold: 2
Submitted batch job 7789494
[-] Running task for model: rf, rep: 15, k-fold: 3
Submitted batch job 7789496
[-] Running task for model: rf, rep: 15, k-fold: 4
Submitted batch job 7789498
[-] Running task for model: rf, rep: 15, k-fold: 5
Submitted batch job 7789500
[-] Running task for model: rf, rep: 16, k-fold: 1
Submitted batch job 7789502
[-] Running task for model: rf, rep: 16, k-fold: 2
Submitted batch job 7789504
[-] Running task for model: rf, rep: 16, k-fold: 3
Submitted batch job 7789506
[-] Running task for model: rf, rep: 16, k-fold: 4
Submitted batch job 7789508
[-] Running task for model: rf, rep: 16, k-fold: 5
Submitted batch job 7789510
[-] Running task for model: rf, rep: 17, k-fold: 1
Submitted batch job 7789512
[-] Running task for model: rf, rep: 17, k-fold: 2
Submitted batch job 7789514
[-] Running task for model: rf, rep: 17, k-fold: 3
Submitted batch job 7789516
[-] Running task for model: rf, rep: 17, k-fold: 4
Submitted batch job 7789518
[-] Running task for model: rf, rep: 17, k-fold: 5
Submitted batch job 7789520
[-] Running task for model: rf, rep: 18, k-fold: 1
Submitted batch job 7789522
[-] Running task for model: rf, rep: 18, k-fold: 2
Submitted batch job 7789524
[-] Running task for model: rf, rep: 18, k-fold: 3
Submitted batch job 7789526
[-] Running task for model: rf, rep: 18, k-fold: 4
Submitted batch job 7789528
[-] Running task for model: rf, rep: 18, k-fold: 5
Submitted batch job 7789530
[-] Running task for model: rf, rep: 19, k-fold: 1
Submitted batch job 7789532
[-] Running task for model: rf, rep: 19, k-fold: 2
Submitted batch job 7789534
[-] Running task for model: rf, rep: 19, k-fold: 3
Submitted batch job 7789536
[-] Running task for model: rf, rep: 19, k-fold: 4
Submitted batch job 7789538
[-] Running task for model: rf, rep: 19, k-fold: 5
Submitted batch job 7789540
[-] Running task for model: rf, rep: 20, k-fold: 1
Submitted batch job 7789542
[-] Running task for model: rf, rep: 20, k-fold: 2
Submitted batch job 7789544
[-] Running task for model: rf, rep: 20, k-fold: 3
Submitted batch job 7789546
[-] Running task for model: rf, rep: 20, k-fold: 4
Submitted batch job 7789548
[-] Running task for model: rf, rep: 20, k-fold: 5
Submitted batch job 7789550
[+] 100 repetitions have been launched for the experiment 20200710_173030
