nohup: ignoring input
[+] Running experiment 20200710_173045 with rep (1,20) and k-folds (1,5)
[-] Running task for model: rf, rep: 1, k-fold: 1
Submitted batch job 7789367
[-] Running task for model: rf, rep: 1, k-fold: 2
Submitted batch job 7789369
[-] Running task for model: rf, rep: 1, k-fold: 3
Submitted batch job 7789371
[-] Running task for model: rf, rep: 1, k-fold: 4
Submitted batch job 7789373
[-] Running task for model: rf, rep: 1, k-fold: 5
Submitted batch job 7789375
[-] Running task for model: rf, rep: 2, k-fold: 1
Submitted batch job 7789377
[-] Running task for model: rf, rep: 2, k-fold: 2
Submitted batch job 7789379
[-] Running task for model: rf, rep: 2, k-fold: 3
Submitted batch job 7789381
[-] Running task for model: rf, rep: 2, k-fold: 4
Submitted batch job 7789383
[-] Running task for model: rf, rep: 2, k-fold: 5
Submitted batch job 7789385
[-] Running task for model: rf, rep: 3, k-fold: 1
Submitted batch job 7789387
[-] Running task for model: rf, rep: 3, k-fold: 2
Submitted batch job 7789389
[-] Running task for model: rf, rep: 3, k-fold: 3
Submitted batch job 7789391
[-] Running task for model: rf, rep: 3, k-fold: 4
Submitted batch job 7789393
[-] Running task for model: rf, rep: 3, k-fold: 5
Submitted batch job 7789395
[-] Running task for model: rf, rep: 4, k-fold: 1
Submitted batch job 7789397
[-] Running task for model: rf, rep: 4, k-fold: 2
Submitted batch job 7789399
[-] Running task for model: rf, rep: 4, k-fold: 3
Submitted batch job 7789401
[-] Running task for model: rf, rep: 4, k-fold: 4
Submitted batch job 7789403
[-] Running task for model: rf, rep: 4, k-fold: 5
Submitted batch job 7789405
[-] Running task for model: rf, rep: 5, k-fold: 1
Submitted batch job 7789407
[-] Running task for model: rf, rep: 5, k-fold: 2
Submitted batch job 7789409
[-] Running task for model: rf, rep: 5, k-fold: 3
Submitted batch job 7789411
[-] Running task for model: rf, rep: 5, k-fold: 4
Submitted batch job 7789413
[-] Running task for model: rf, rep: 5, k-fold: 5
Submitted batch job 7789415
[-] Running task for model: rf, rep: 6, k-fold: 1
Submitted batch job 7789417
[-] Running task for model: rf, rep: 6, k-fold: 2
Submitted batch job 7789419
[-] Running task for model: rf, rep: 6, k-fold: 3
Submitted batch job 7789421
[-] Running task for model: rf, rep: 6, k-fold: 4
Submitted batch job 7789423
[-] Running task for model: rf, rep: 6, k-fold: 5
Submitted batch job 7789425
[-] Running task for model: rf, rep: 7, k-fold: 1
Submitted batch job 7789427
[-] Running task for model: rf, rep: 7, k-fold: 2
Submitted batch job 7789429
[-] Running task for model: rf, rep: 7, k-fold: 3
Submitted batch job 7789431
[-] Running task for model: rf, rep: 7, k-fold: 4
Submitted batch job 7789433
[-] Running task for model: rf, rep: 7, k-fold: 5
Submitted batch job 7789435
[-] Running task for model: rf, rep: 8, k-fold: 1
Submitted batch job 7789437
[-] Running task for model: rf, rep: 8, k-fold: 2
Submitted batch job 7789439
[-] Running task for model: rf, rep: 8, k-fold: 3
Submitted batch job 7789441
[-] Running task for model: rf, rep: 8, k-fold: 4
Submitted batch job 7789443
[-] Running task for model: rf, rep: 8, k-fold: 5
Submitted batch job 7789445
[-] Running task for model: rf, rep: 9, k-fold: 1
Submitted batch job 7789447
[-] Running task for model: rf, rep: 9, k-fold: 2
Submitted batch job 7789449
[-] Running task for model: rf, rep: 9, k-fold: 3
Submitted batch job 7789451
[-] Running task for model: rf, rep: 9, k-fold: 4
Submitted batch job 7789453
[-] Running task for model: rf, rep: 9, k-fold: 5
Submitted batch job 7789455
[-] Running task for model: rf, rep: 10, k-fold: 1
Submitted batch job 7789457
[-] Running task for model: rf, rep: 10, k-fold: 2
Submitted batch job 7789459
[-] Running task for model: rf, rep: 10, k-fold: 3
Submitted batch job 7789461
[-] Running task for model: rf, rep: 10, k-fold: 4
Submitted batch job 7789463
[-] Running task for model: rf, rep: 10, k-fold: 5
Submitted batch job 7789465
[-] Running task for model: rf, rep: 11, k-fold: 1
Submitted batch job 7789467
[-] Running task for model: rf, rep: 11, k-fold: 2
Submitted batch job 7789469
[-] Running task for model: rf, rep: 11, k-fold: 3
Submitted batch job 7789471
[-] Running task for model: rf, rep: 11, k-fold: 4
Submitted batch job 7789473
[-] Running task for model: rf, rep: 11, k-fold: 5
Submitted batch job 7789475
[-] Running task for model: rf, rep: 12, k-fold: 1
Submitted batch job 7789477
[-] Running task for model: rf, rep: 12, k-fold: 2
Submitted batch job 7789479
[-] Running task for model: rf, rep: 12, k-fold: 3
Submitted batch job 7789481
[-] Running task for model: rf, rep: 12, k-fold: 4
Submitted batch job 7789483
[-] Running task for model: rf, rep: 12, k-fold: 5
Submitted batch job 7789485
[-] Running task for model: rf, rep: 13, k-fold: 1
Submitted batch job 7789487
[-] Running task for model: rf, rep: 13, k-fold: 2
Submitted batch job 7789489
[-] Running task for model: rf, rep: 13, k-fold: 3
Submitted batch job 7789491
[-] Running task for model: rf, rep: 13, k-fold: 4
Submitted batch job 7789493
[-] Running task for model: rf, rep: 13, k-fold: 5
Submitted batch job 7789495
[-] Running task for model: rf, rep: 14, k-fold: 1
Submitted batch job 7789497
[-] Running task for model: rf, rep: 14, k-fold: 2
Submitted batch job 7789499
[-] Running task for model: rf, rep: 14, k-fold: 3
Submitted batch job 7789501
[-] Running task for model: rf, rep: 14, k-fold: 4
Submitted batch job 7789503
[-] Running task for model: rf, rep: 14, k-fold: 5
Submitted batch job 7789505
[-] Running task for model: rf, rep: 15, k-fold: 1
Submitted batch job 7789507
[-] Running task for model: rf, rep: 15, k-fold: 2
Submitted batch job 7789509
[-] Running task for model: rf, rep: 15, k-fold: 3
Submitted batch job 7789511
[-] Running task for model: rf, rep: 15, k-fold: 4
Submitted batch job 7789513
[-] Running task for model: rf, rep: 15, k-fold: 5
Submitted batch job 7789515
[-] Running task for model: rf, rep: 16, k-fold: 1
Submitted batch job 7789517
[-] Running task for model: rf, rep: 16, k-fold: 2
Submitted batch job 7789519
[-] Running task for model: rf, rep: 16, k-fold: 3
Submitted batch job 7789521
[-] Running task for model: rf, rep: 16, k-fold: 4
Submitted batch job 7789523
[-] Running task for model: rf, rep: 16, k-fold: 5
Submitted batch job 7789525
[-] Running task for model: rf, rep: 17, k-fold: 1
Submitted batch job 7789527
[-] Running task for model: rf, rep: 17, k-fold: 2
Submitted batch job 7789529
[-] Running task for model: rf, rep: 17, k-fold: 3
Submitted batch job 7789531
[-] Running task for model: rf, rep: 17, k-fold: 4
Submitted batch job 7789533
[-] Running task for model: rf, rep: 17, k-fold: 5
Submitted batch job 7789535
[-] Running task for model: rf, rep: 18, k-fold: 1
Submitted batch job 7789537
[-] Running task for model: rf, rep: 18, k-fold: 2
Submitted batch job 7789539
[-] Running task for model: rf, rep: 18, k-fold: 3
Submitted batch job 7789541
[-] Running task for model: rf, rep: 18, k-fold: 4
Submitted batch job 7789543
[-] Running task for model: rf, rep: 18, k-fold: 5
Submitted batch job 7789545
[-] Running task for model: rf, rep: 19, k-fold: 1
Submitted batch job 7789547
[-] Running task for model: rf, rep: 19, k-fold: 2
Submitted batch job 7789549
[-] Running task for model: rf, rep: 19, k-fold: 3
Submitted batch job 7789551
[-] Running task for model: rf, rep: 19, k-fold: 4
Submitted batch job 7789552
[-] Running task for model: rf, rep: 19, k-fold: 5
Submitted batch job 7789553
[-] Running task for model: rf, rep: 20, k-fold: 1
Submitted batch job 7789554
[-] Running task for model: rf, rep: 20, k-fold: 2
Submitted batch job 7789555
[-] Running task for model: rf, rep: 20, k-fold: 3
Submitted batch job 7789556
[-] Running task for model: rf, rep: 20, k-fold: 4
Submitted batch job 7789557
[-] Running task for model: rf, rep: 20, k-fold: 5
Submitted batch job 7789558
[+] 100 repetitions have been launched for the experiment 20200710_173045
