nohup: ignoring input
[+] Running experiment 20200710_165026 with rep (1,20) and k-folds (1,5)
[-] Running task for model: lr, rep: 1, k-fold: 1
Submitted batch job 7789144
[-] Running task for model: lr, rep: 1, k-fold: 2
Submitted batch job 7789145
[-] Running task for model: lr, rep: 1, k-fold: 3
Submitted batch job 7789146
[-] Running task for model: lr, rep: 1, k-fold: 4
Submitted batch job 7789147
[-] Running task for model: lr, rep: 1, k-fold: 5
Submitted batch job 7789148
[-] Running task for model: lr, rep: 2, k-fold: 1
Submitted batch job 7789149
[-] Running task for model: lr, rep: 2, k-fold: 2
Submitted batch job 7789150
[-] Running task for model: lr, rep: 2, k-fold: 3
Submitted batch job 7789151
[-] Running task for model: lr, rep: 2, k-fold: 4
Submitted batch job 7789152
[-] Running task for model: lr, rep: 2, k-fold: 5
Submitted batch job 7789153
[-] Running task for model: lr, rep: 3, k-fold: 1
Submitted batch job 7789154
[-] Running task for model: lr, rep: 3, k-fold: 2
Submitted batch job 7789155
[-] Running task for model: lr, rep: 3, k-fold: 3
Submitted batch job 7789156
[-] Running task for model: lr, rep: 3, k-fold: 4
Submitted batch job 7789158
[-] Running task for model: lr, rep: 3, k-fold: 5
Submitted batch job 7789160
[-] Running task for model: lr, rep: 4, k-fold: 1
Submitted batch job 7789162
[-] Running task for model: lr, rep: 4, k-fold: 2
Submitted batch job 7789163
[-] Running task for model: lr, rep: 4, k-fold: 3
Submitted batch job 7789165
[-] Running task for model: lr, rep: 4, k-fold: 4
Submitted batch job 7789167
[-] Running task for model: lr, rep: 4, k-fold: 5
Submitted batch job 7789169
[-] Running task for model: lr, rep: 5, k-fold: 1
Submitted batch job 7789171
[-] Running task for model: lr, rep: 5, k-fold: 2
Submitted batch job 7789173
[-] Running task for model: lr, rep: 5, k-fold: 3
Submitted batch job 7789175
[-] Running task for model: lr, rep: 5, k-fold: 4
Submitted batch job 7789178
[-] Running task for model: lr, rep: 5, k-fold: 5
Submitted batch job 7789179
[-] Running task for model: lr, rep: 6, k-fold: 1
Submitted batch job 7789181
[-] Running task for model: lr, rep: 6, k-fold: 2
Submitted batch job 7789184
[-] Running task for model: lr, rep: 6, k-fold: 3
Submitted batch job 7789185
[-] Running task for model: lr, rep: 6, k-fold: 4
Submitted batch job 7789188
[-] Running task for model: lr, rep: 6, k-fold: 5
Submitted batch job 7789189
[-] Running task for model: lr, rep: 7, k-fold: 1
Submitted batch job 7789191
[-] Running task for model: lr, rep: 7, k-fold: 2
Submitted batch job 7789193
[-] Running task for model: lr, rep: 7, k-fold: 3
Submitted batch job 7789195
[-] Running task for model: lr, rep: 7, k-fold: 4
Submitted batch job 7789198
[-] Running task for model: lr, rep: 7, k-fold: 5
Submitted batch job 7789199
[-] Running task for model: lr, rep: 8, k-fold: 1
Submitted batch job 7789201
[-] Running task for model: lr, rep: 8, k-fold: 2
Submitted batch job 7789203
[-] Running task for model: lr, rep: 8, k-fold: 3
Submitted batch job 7789205
[-] Running task for model: lr, rep: 8, k-fold: 4
Submitted batch job 7789207
[-] Running task for model: lr, rep: 8, k-fold: 5
Submitted batch job 7789210
[-] Running task for model: lr, rep: 9, k-fold: 1
Submitted batch job 7789211
[-] Running task for model: lr, rep: 9, k-fold: 2
Submitted batch job 7789213
[-] Running task for model: lr, rep: 9, k-fold: 3
Submitted batch job 7789215
[-] Running task for model: lr, rep: 9, k-fold: 4
Submitted batch job 7789217
[-] Running task for model: lr, rep: 9, k-fold: 5
Submitted batch job 7789219
[-] Running task for model: lr, rep: 10, k-fold: 1
Submitted batch job 7789221
[-] Running task for model: lr, rep: 10, k-fold: 2
Submitted batch job 7789223
[-] Running task for model: lr, rep: 10, k-fold: 3
Submitted batch job 7789225
[-] Running task for model: lr, rep: 10, k-fold: 4
Submitted batch job 7789227
[-] Running task for model: lr, rep: 10, k-fold: 5
Submitted batch job 7789230
[-] Running task for model: lr, rep: 11, k-fold: 1
Submitted batch job 7789232
[-] Running task for model: lr, rep: 11, k-fold: 2
Submitted batch job 7789234
[-] Running task for model: lr, rep: 11, k-fold: 3
Submitted batch job 7789236
[-] Running task for model: lr, rep: 11, k-fold: 4
Submitted batch job 7789238
[-] Running task for model: lr, rep: 11, k-fold: 5
Submitted batch job 7789240
[-] Running task for model: lr, rep: 12, k-fold: 1
Submitted batch job 7789241
[-] Running task for model: lr, rep: 12, k-fold: 2
Submitted batch job 7789243
[-] Running task for model: lr, rep: 12, k-fold: 3
Submitted batch job 7789246
[-] Running task for model: lr, rep: 12, k-fold: 4
Submitted batch job 7789247
[-] Running task for model: lr, rep: 12, k-fold: 5
Submitted batch job 7789249
[-] Running task for model: lr, rep: 13, k-fold: 1
Submitted batch job 7789251
[-] Running task for model: lr, rep: 13, k-fold: 2
Submitted batch job 7789254
[-] Running task for model: lr, rep: 13, k-fold: 3
Submitted batch job 7789256
[-] Running task for model: lr, rep: 13, k-fold: 4
Submitted batch job 7789257
[-] Running task for model: lr, rep: 13, k-fold: 5
Submitted batch job 7789259
[-] Running task for model: lr, rep: 14, k-fold: 1
Submitted batch job 7789262
[-] Running task for model: lr, rep: 14, k-fold: 2
Submitted batch job 7789263
[-] Running task for model: lr, rep: 14, k-fold: 3
Submitted batch job 7789265
[-] Running task for model: lr, rep: 14, k-fold: 4
Submitted batch job 7789267
[-] Running task for model: lr, rep: 14, k-fold: 5
Submitted batch job 7789270
[-] Running task for model: lr, rep: 15, k-fold: 1
Submitted batch job 7789272
[-] Running task for model: lr, rep: 15, k-fold: 2
Submitted batch job 7789274
[-] Running task for model: lr, rep: 15, k-fold: 3
Submitted batch job 7789276
[-] Running task for model: lr, rep: 15, k-fold: 4
Submitted batch job 7789278
[-] Running task for model: lr, rep: 15, k-fold: 5
Submitted batch job 7789279
[-] Running task for model: lr, rep: 16, k-fold: 1
Submitted batch job 7789282
[-] Running task for model: lr, rep: 16, k-fold: 2
Submitted batch job 7789284
[-] Running task for model: lr, rep: 16, k-fold: 3
Submitted batch job 7789285
[-] Running task for model: lr, rep: 16, k-fold: 4
Submitted batch job 7789287
[-] Running task for model: lr, rep: 16, k-fold: 5
Submitted batch job 7789289
[-] Running task for model: lr, rep: 17, k-fold: 1
Submitted batch job 7789291
[-] Running task for model: lr, rep: 17, k-fold: 2
Submitted batch job 7789293
[-] Running task for model: lr, rep: 17, k-fold: 3
Submitted batch job 7789295
[-] Running task for model: lr, rep: 17, k-fold: 4
Submitted batch job 7789297
[-] Running task for model: lr, rep: 17, k-fold: 5
Submitted batch job 7789300
[-] Running task for model: lr, rep: 18, k-fold: 1
Submitted batch job 7789301
[-] Running task for model: lr, rep: 18, k-fold: 2
Submitted batch job 7789304
[-] Running task for model: lr, rep: 18, k-fold: 3
Submitted batch job 7789306
[-] Running task for model: lr, rep: 18, k-fold: 4
Submitted batch job 7789308
[-] Running task for model: lr, rep: 18, k-fold: 5
Submitted batch job 7789310
[-] Running task for model: lr, rep: 19, k-fold: 1
Submitted batch job 7789312
[-] Running task for model: lr, rep: 19, k-fold: 2
Submitted batch job 7789314
[-] Running task for model: lr, rep: 19, k-fold: 3
Submitted batch job 7789316
[-] Running task for model: lr, rep: 19, k-fold: 4
Submitted batch job 7789317
[-] Running task for model: lr, rep: 19, k-fold: 5
Submitted batch job 7789319
[-] Running task for model: lr, rep: 20, k-fold: 1
Submitted batch job 7789321
[-] Running task for model: lr, rep: 20, k-fold: 2
Submitted batch job 7789323
[-] Running task for model: lr, rep: 20, k-fold: 3
Submitted batch job 7789325
[-] Running task for model: lr, rep: 20, k-fold: 4
Submitted batch job 7789327
[-] Running task for model: lr, rep: 20, k-fold: 5
Submitted batch job 7789329
[+] 100 repetitions have been launched for the experiment 20200710_165026
