nohup: ignoring input
[+] Running experiment 20200710_165107 with rep (1,20) and k-folds (1,5)
[-] Running task for model: lr, rep: 1, k-fold: 1
Submitted batch job 7789157
[-] Running task for model: lr, rep: 1, k-fold: 2
Submitted batch job 7789159
[-] Running task for model: lr, rep: 1, k-fold: 3
Submitted batch job 7789161
[-] Running task for model: lr, rep: 1, k-fold: 4
Submitted batch job 7789164
[-] Running task for model: lr, rep: 1, k-fold: 5
Submitted batch job 7789166
[-] Running task for model: lr, rep: 2, k-fold: 1
Submitted batch job 7789168
[-] Running task for model: lr, rep: 2, k-fold: 2
Submitted batch job 7789170
[-] Running task for model: lr, rep: 2, k-fold: 3
Submitted batch job 7789172
[-] Running task for model: lr, rep: 2, k-fold: 4
Submitted batch job 7789174
[-] Running task for model: lr, rep: 2, k-fold: 5
Submitted batch job 7789176
[-] Running task for model: lr, rep: 3, k-fold: 1
Submitted batch job 7789177
[-] Running task for model: lr, rep: 3, k-fold: 2
Submitted batch job 7789180
[-] Running task for model: lr, rep: 3, k-fold: 3
Submitted batch job 7789182
[-] Running task for model: lr, rep: 3, k-fold: 4
Submitted batch job 7789183
[-] Running task for model: lr, rep: 3, k-fold: 5
Submitted batch job 7789186
[-] Running task for model: lr, rep: 4, k-fold: 1
Submitted batch job 7789187
[-] Running task for model: lr, rep: 4, k-fold: 2
Submitted batch job 7789190
[-] Running task for model: lr, rep: 4, k-fold: 3
Submitted batch job 7789192
[-] Running task for model: lr, rep: 4, k-fold: 4
Submitted batch job 7789194
[-] Running task for model: lr, rep: 4, k-fold: 5
Submitted batch job 7789196
[-] Running task for model: lr, rep: 5, k-fold: 1
Submitted batch job 7789197
[-] Running task for model: lr, rep: 5, k-fold: 2
Submitted batch job 7789200
[-] Running task for model: lr, rep: 5, k-fold: 3
Submitted batch job 7789202
[-] Running task for model: lr, rep: 5, k-fold: 4
Submitted batch job 7789204
[-] Running task for model: lr, rep: 5, k-fold: 5
Submitted batch job 7789206
[-] Running task for model: lr, rep: 6, k-fold: 1
Submitted batch job 7789208
[-] Running task for model: lr, rep: 6, k-fold: 2
Submitted batch job 7789209
[-] Running task for model: lr, rep: 6, k-fold: 3
Submitted batch job 7789212
[-] Running task for model: lr, rep: 6, k-fold: 4
Submitted batch job 7789214
[-] Running task for model: lr, rep: 6, k-fold: 5
Submitted batch job 7789216
[-] Running task for model: lr, rep: 7, k-fold: 1
Submitted batch job 7789218
[-] Running task for model: lr, rep: 7, k-fold: 2
Submitted batch job 7789220
[-] Running task for model: lr, rep: 7, k-fold: 3
Submitted batch job 7789222
[-] Running task for model: lr, rep: 7, k-fold: 4
Submitted batch job 7789224
[-] Running task for model: lr, rep: 7, k-fold: 5
Submitted batch job 7789226
[-] Running task for model: lr, rep: 8, k-fold: 1
Submitted batch job 7789228
[-] Running task for model: lr, rep: 8, k-fold: 2
Submitted batch job 7789229
[-] Running task for model: lr, rep: 8, k-fold: 3
Submitted batch job 7789231
[-] Running task for model: lr, rep: 8, k-fold: 4
Submitted batch job 7789233
[-] Running task for model: lr, rep: 8, k-fold: 5
Submitted batch job 7789235
[-] Running task for model: lr, rep: 9, k-fold: 1
Submitted batch job 7789237
[-] Running task for model: lr, rep: 9, k-fold: 2
Submitted batch job 7789239
[-] Running task for model: lr, rep: 9, k-fold: 3
Submitted batch job 7789242
[-] Running task for model: lr, rep: 9, k-fold: 4
Submitted batch job 7789244
[-] Running task for model: lr, rep: 9, k-fold: 5
Submitted batch job 7789245
[-] Running task for model: lr, rep: 10, k-fold: 1
Submitted batch job 7789248
[-] Running task for model: lr, rep: 10, k-fold: 2
Submitted batch job 7789250
[-] Running task for model: lr, rep: 10, k-fold: 3
Submitted batch job 7789252
[-] Running task for model: lr, rep: 10, k-fold: 4
Submitted batch job 7789253
[-] Running task for model: lr, rep: 10, k-fold: 5
Submitted batch job 7789255
[-] Running task for model: lr, rep: 11, k-fold: 1
Submitted batch job 7789258
[-] Running task for model: lr, rep: 11, k-fold: 2
Submitted batch job 7789260
[-] Running task for model: lr, rep: 11, k-fold: 3
Submitted batch job 7789261
[-] Running task for model: lr, rep: 11, k-fold: 4
Submitted batch job 7789264
[-] Running task for model: lr, rep: 11, k-fold: 5
Submitted batch job 7789266
[-] Running task for model: lr, rep: 12, k-fold: 1
Submitted batch job 7789268
[-] Running task for model: lr, rep: 12, k-fold: 2
Submitted batch job 7789269
[-] Running task for model: lr, rep: 12, k-fold: 3
Submitted batch job 7789271
[-] Running task for model: lr, rep: 12, k-fold: 4
Submitted batch job 7789273
[-] Running task for model: lr, rep: 12, k-fold: 5
Submitted batch job 7789275
[-] Running task for model: lr, rep: 13, k-fold: 1
Submitted batch job 7789277
[-] Running task for model: lr, rep: 13, k-fold: 2
Submitted batch job 7789280
[-] Running task for model: lr, rep: 13, k-fold: 3
Submitted batch job 7789281
[-] Running task for model: lr, rep: 13, k-fold: 4
Submitted batch job 7789283
[-] Running task for model: lr, rep: 13, k-fold: 5
Submitted batch job 7789286
[-] Running task for model: lr, rep: 14, k-fold: 1
Submitted batch job 7789288
[-] Running task for model: lr, rep: 14, k-fold: 2
Submitted batch job 7789290
[-] Running task for model: lr, rep: 14, k-fold: 3
Submitted batch job 7789292
[-] Running task for model: lr, rep: 14, k-fold: 4
Submitted batch job 7789294
[-] Running task for model: lr, rep: 14, k-fold: 5
Submitted batch job 7789296
[-] Running task for model: lr, rep: 15, k-fold: 1
Submitted batch job 7789298
[-] Running task for model: lr, rep: 15, k-fold: 2
Submitted batch job 7789299
[-] Running task for model: lr, rep: 15, k-fold: 3
Submitted batch job 7789302
[-] Running task for model: lr, rep: 15, k-fold: 4
Submitted batch job 7789303
[-] Running task for model: lr, rep: 15, k-fold: 5
Submitted batch job 7789305
[-] Running task for model: lr, rep: 16, k-fold: 1
Submitted batch job 7789307
[-] Running task for model: lr, rep: 16, k-fold: 2
Submitted batch job 7789309
[-] Running task for model: lr, rep: 16, k-fold: 3
Submitted batch job 7789311
[-] Running task for model: lr, rep: 16, k-fold: 4
Submitted batch job 7789313
[-] Running task for model: lr, rep: 16, k-fold: 5
Submitted batch job 7789315
[-] Running task for model: lr, rep: 17, k-fold: 1
Submitted batch job 7789318
[-] Running task for model: lr, rep: 17, k-fold: 2
Submitted batch job 7789320
[-] Running task for model: lr, rep: 17, k-fold: 3
Submitted batch job 7789322
[-] Running task for model: lr, rep: 17, k-fold: 4
Submitted batch job 7789324
[-] Running task for model: lr, rep: 17, k-fold: 5
Submitted batch job 7789326
[-] Running task for model: lr, rep: 18, k-fold: 1
Submitted batch job 7789328
[-] Running task for model: lr, rep: 18, k-fold: 2
Submitted batch job 7789330
[-] Running task for model: lr, rep: 18, k-fold: 3
Submitted batch job 7789331
[-] Running task for model: lr, rep: 18, k-fold: 4
Submitted batch job 7789332
[-] Running task for model: lr, rep: 18, k-fold: 5
Submitted batch job 7789333
[-] Running task for model: lr, rep: 19, k-fold: 1
Submitted batch job 7789334
[-] Running task for model: lr, rep: 19, k-fold: 2
Submitted batch job 7789335
[-] Running task for model: lr, rep: 19, k-fold: 3
Submitted batch job 7789336
[-] Running task for model: lr, rep: 19, k-fold: 4
Submitted batch job 7789337
[-] Running task for model: lr, rep: 19, k-fold: 5
Submitted batch job 7789338
[-] Running task for model: lr, rep: 20, k-fold: 1
Submitted batch job 7789339
[-] Running task for model: lr, rep: 20, k-fold: 2
Submitted batch job 7789340
[-] Running task for model: lr, rep: 20, k-fold: 3
Submitted batch job 7789341
[-] Running task for model: lr, rep: 20, k-fold: 4
Submitted batch job 7789342
[-] Running task for model: lr, rep: 20, k-fold: 5
Submitted batch job 7789343
[+] 100 repetitions have been launched for the experiment 20200710_165107
