[+] Reading datasets ...
[-]ugr16_multiclass.csv OK
[-]ugr16_multiclass_folds.csv OK
[-]ugr16_multiclass_folds_selecvars.csv OK
[+] Calculating hyper-parameters for the classifier: SVC ...


[+] The best parameters for Rep.: 11 and Kfold: 1 are:  [+]
{'C': 0.1, 'gamma': 0.125}

---BEST PARAMETERS WRITED---
[+] PARAMETERS SELECTED MODEL SVC [+]

cs:  0.1
ga:  0.125
[+] TRAINING MODELS [+]

[+] Model Training: SVC


[+] MODEL PREDICTING svc


[+] CLASSIFICATION REPORT TEST svc

              precision    recall  f1-score   support

  background       0.69      0.98      0.81      6017
         dos       0.00      0.00      0.00        84
 nerisbotnet       0.00      0.00      0.00       119
        scan       0.00      0.00      0.00        36
     sshscan       0.00      0.00      0.00         6
     udpscan       0.00      0.00      0.00         2
        spam       0.88      0.25      0.39      3191

   micro avg       0.71      0.71      0.71      9455
   macro avg       0.22      0.18      0.17      9455
weighted avg       0.74      0.71      0.65      9455
 samples avg       0.71      0.71      0.71      9455


[+] CLASSIFICATION REPORT TRAIN svc

              precision    recall  f1-score   support

  background       0.70      0.99      0.82     24072
         dos       0.00      0.00      0.00       333
 nerisbotnet       0.00      0.00      0.00       475
        scan       0.00      0.00      0.00       140
     sshscan       0.00      0.00      0.00        21
     udpscan       0.00      0.00      0.00         7
        spam       0.93      0.26      0.40     12768

   micro avg       0.72      0.72      0.72     37816
   macro avg       0.23      0.18      0.17     37816
weighted avg       0.76      0.72      0.66     37816
 samples avg       0.72      0.72      0.72     37816


SUM SUPPORTS TEST:  9455
AUC_W TEST:  0.6102757988592716

SUM SUPPORTS TRAIN:  37816
AUC_W TRAIN:  0.6173842866610899

[+] Line added ...
[+] Line added ...
---FPR TEST WRITTEN---
---TPR TEST WRITTEN---
---FPR TRAIN WRITTEN---
---TPR TRAIN WRITTEN---
------------------
 [+] Time Stamp: --- REP: ---11--- Kfold: ---1--- Model: ---SVC--- FINISHED! [+]
------------------
Elapsed time:  1 day, 18:05:37.197371
