[+] Reading datasets ...
[-]ugr16_multiclass.csv OK
[-]ugr16_multiclass_folds.csv OK
[-]ugr16_multiclass_folds_selecvars.csv OK
[+] Calculating hyper-parameters for the classifier: SVC ...


[+] The best parameters for Rep.: 2 and Kfold: 1 are:  [+]
{'C': 0.1, 'gamma': 0.5}

---BEST PARAMETERS WRITED---
[+] PARAMETERS SELECTED MODEL SVC [+]

cs:  0.1
ga:  0.5
[+] TRAINING MODELS [+]

[+] Model Training: SVC


[+] MODEL PREDICTING svc


[+] CLASSIFICATION REPORT TEST svc

              precision    recall  f1-score   support

  background       0.64      1.00      0.78      6017
         dos       0.00      0.00      0.00        84
 nerisbotnet       0.00      0.00      0.00       118
        scan       0.00      0.00      0.00        35
     sshscan       0.00      0.00      0.00         6
     udpscan       0.00      0.00      0.00         2
        spam       0.00      0.00      0.00      3193

   micro avg       0.64      0.64      0.64      9455
   macro avg       0.09      0.14      0.11      9455
weighted avg       0.40      0.64      0.49      9455
 samples avg       0.64      0.64      0.64      9455


[+] CLASSIFICATION REPORT TRAIN svc

              precision    recall  f1-score   support

  background       0.64      1.00      0.78     24071
         dos       0.00      0.00      0.00       333
 nerisbotnet       0.00      0.00      0.00       476
        scan       0.00      0.00      0.00       141
     sshscan       0.00      0.00      0.00        21
     udpscan       0.00      0.00      0.00         7
        spam       0.00      0.00      0.00     12767

   micro avg       0.64      0.64      0.64     37816
   macro avg       0.09      0.14      0.11     37816
weighted avg       0.41      0.64      0.50     37816
 samples avg       0.64      0.64      0.64     37816


SUM SUPPORTS TEST:  9455
AUC_W TEST:  0.5

SUM SUPPORTS TRAIN:  37816
AUC_W TRAIN:  0.5

[+] Line added ...
[+] Line added ...
---FPR TEST WRITTEN---
---TPR TEST WRITTEN---
---FPR TRAIN WRITTEN---
---TPR TRAIN WRITTEN---
------------------
 [+] Time Stamp: --- REP: ---2--- Kfold: ---1--- Model: ---SVC--- FINISHED! [+]
------------------
Elapsed time:  1 day, 17:40:56.968027
