[+] Starting task at 2019-12-17 18:13:32.842321 (14,2)
[+] Reading datasets ...
[-]ugr16_multiclass.csv OK
[-]ugr16_multiclass_folds.csv OK
[-]ugr16_multiclass_folds_selecvars.csv OK
[+] Computing hyper-parameters for the classifier: RANDOM FOREST ...


[+] The best parameters for Rep.: 14 and Kfold: 2 are:  [+]
{'max_features': 5, 'n_estimators': 568}

---BEST PARAMETERS WRITED---
[+] PARAMETERS SELECTED MODEL RANDOM FOREST [+]

Max_Features:  5
n_estimators:  568
[+] TRAINING MODELS [+]

[+] Model Training: RANDOM FOREST


[+] MODEL PREDICTING rf


[+] CLASSIFICATION REPORT TEST rf

              precision    recall  f1-score   support

  background       0.87      0.97      0.91      6018
         dos       1.00      0.98      0.99        84
 nerisbotnet       0.99      0.94      0.97       118
        scan       0.97      0.92      0.94        36
     sshscan       0.00      0.00      0.00         6
     udpscan       1.00      0.50      0.67         2
        spam       0.92      0.70      0.80      3190

   micro avg       0.89      0.88      0.88      9454
   macro avg       0.82      0.71      0.75      9454
weighted avg       0.89      0.88      0.88      9454
 samples avg       0.87      0.88      0.87      9454


[+] CLASSIFICATION REPORT TRAIN rf

              precision    recall  f1-score   support

  background       1.00      1.00      1.00     24070
         dos       1.00      1.00      1.00       333
 nerisbotnet       1.00      1.00      1.00       476
        scan       1.00      1.00      1.00       140
     sshscan       1.00      1.00      1.00        21
     udpscan       1.00      1.00      1.00         7
        spam       1.00      1.00      1.00     12768

   micro avg       1.00      1.00      1.00     37815
   macro avg       1.00      1.00      1.00     37815
weighted avg       1.00      1.00      1.00     37815
 samples avg       1.00      1.00      1.00     37815


SUM SUPPORTS TEST:  9454
AUC_W TEST:  0.8506849618759523

SUM SUPPORTS TRAIN:  37815
AUC_W TRAIN:  1.0

[+] Line added ...
[+] Line added ...
---FPR TEST WRITTEN---
---TPR TEST WRITTEN---
---FPR TRAIN WRITTEN---
---TPR TRAIN WRITTEN---
------------------
 [+] Time Stamp: --- REP: ---14--- Kfold: ---2--- Model: ---RANDOM FOREST--- FINISHED! [+]
------------------
Elapsed time (s):  22957.27083015442
[+] Finishing task at 2019-12-18 00:36:10.138693 (14,2)
