[+] Starting task at 2019-12-17 18:10:30.979109 (1,1)
[+] Reading datasets ...
[-]ugr16_multiclass.csv OK
[-]ugr16_multiclass_folds.csv OK
[-]ugr16_multiclass_folds_selecvars.csv OK
[+] Computing hyper-parameters for the classifier: RANDOM FOREST ...


[+] The best parameters for Rep.: 1 and Kfold: 1 are:  [+]
{'max_features': 5, 'n_estimators': 503}

---BEST PARAMETERS WRITED---
[+] PARAMETERS SELECTED MODEL RANDOM FOREST [+]

Max_Features:  5
n_estimators:  503
[+] TRAINING MODELS [+]

[+] Model Training: RANDOM FOREST


[+] MODEL PREDICTING rf


[+] CLASSIFICATION REPORT TEST rf

              precision    recall  f1-score   support

  background       0.90      0.96      0.93      6018
         dos       0.96      0.89      0.93        84
 nerisbotnet       0.97      0.93      0.95       119
        scan       0.89      0.89      0.89        36
     sshscan       0.00      0.00      0.00         5
     udpscan       0.00      0.00      0.00         2
        spam       0.92      0.74      0.82      3192

   micro avg       0.91      0.89      0.90      9456
   macro avg       0.66      0.63      0.65      9456
weighted avg       0.91      0.89      0.89      9456
 samples avg       0.88      0.89      0.88      9456


[+] CLASSIFICATION REPORT TRAIN rf

              precision    recall  f1-score   support

  background       1.00      1.00      1.00     24071
         dos       1.00      1.00      1.00       333
 nerisbotnet       1.00      1.00      1.00       475
        scan       1.00      1.00      1.00       140
     sshscan       1.00      1.00      1.00        22
     udpscan       1.00      1.00      1.00         7
        spam       1.00      1.00      1.00     12767

   micro avg       1.00      1.00      1.00     37815
   macro avg       1.00      1.00      1.00     37815
weighted avg       1.00      1.00      1.00     37815
 samples avg       1.00      1.00      1.00     37815


SUM SUPPORTS TEST:  9456
AUC_W TEST:  0.8769507375535962

SUM SUPPORTS TRAIN:  37815
AUC_W TRAIN:  1.0

[+] Line added ...
[+] Line added ...
---FPR TEST WRITTEN---
---TPR TEST WRITTEN---
---FPR TRAIN WRITTEN---
---TPR TRAIN WRITTEN---
------------------
 [+] Time Stamp: --- REP: ---1--- Kfold: ---1--- Model: ---RANDOM FOREST--- FINISHED! [+]
------------------
Elapsed time (s):  21463.61833548546
[+] Finishing task at 2019-12-18 00:08:14.624202 (1,1)
