[+] Starting task at 2019-12-17 18:12:49.560920 (10,4)
[+] Reading datasets ...
[-]ugr16_multiclass.csv OK
[-]ugr16_multiclass_folds.csv OK
[-]ugr16_multiclass_folds_selecvars.csv OK
[+] Computing hyper-parameters for the classifier: RANDOM FOREST ...


[+] The best parameters for Rep.: 10 and Kfold: 4 are:  [+]
{'max_features': 3, 'n_estimators': 594}

---BEST PARAMETERS WRITED---
[+] PARAMETERS SELECTED MODEL RANDOM FOREST [+]

Max_Features:  3
n_estimators:  594
[+] TRAINING MODELS [+]

[+] Model Training: RANDOM FOREST


[+] MODEL PREDICTING rf


[+] CLASSIFICATION REPORT TEST rf

              precision    recall  f1-score   support

  background       0.87      0.97      0.91      6018
         dos       0.96      0.92      0.94        84
 nerisbotnet       0.98      0.93      0.96       119
        scan       0.89      0.91      0.90        35
     sshscan       0.00      0.00      0.00         6
     udpscan       1.00      0.50      0.67         2
        spam       0.92      0.74      0.82      3192

   micro avg       0.88      0.89      0.89      9456
   macro avg       0.80      0.71      0.74      9456
weighted avg       0.89      0.89      0.88      9456
 samples avg       0.88      0.89      0.88      9456


[+] CLASSIFICATION REPORT TRAIN rf

              precision    recall  f1-score   support

  background       1.00      1.00      1.00     24073
         dos       1.00      1.00      1.00       333
 nerisbotnet       1.00      1.00      1.00       475
        scan       1.00      1.00      1.00       141
     sshscan       1.00      1.00      1.00        21
     udpscan       1.00      1.00      1.00         7
        spam       1.00      1.00      1.00     12767

   micro avg       1.00      1.00      1.00     37817
   macro avg       1.00      1.00      1.00     37817
weighted avg       1.00      1.00      1.00     37817
 samples avg       1.00      1.00      1.00     37817


SUM SUPPORTS TEST:  9456
AUC_W TEST:  0.8559602879569483

SUM SUPPORTS TRAIN:  37817
AUC_W TRAIN:  1.0

[+] Line added ...
[+] Line added ...
---FPR TEST WRITTEN---
---TPR TEST WRITTEN---
---FPR TRAIN WRITTEN---
---TPR TRAIN WRITTEN---
------------------
 [+] Time Stamp: --- REP: ---10--- Kfold: ---4--- Model: ---RANDOM FOREST--- FINISHED! [+]
------------------
Elapsed time (s):  21487.32162809372
[+] Finishing task at 2019-12-18 00:10:56.909825 (10,4)
