[+] Starting task at 2019-12-17 18:10:45.361448 (2,1)
[+] Reading datasets ...
[-]ugr16_multiclass.csv OK
[-]ugr16_multiclass_folds.csv OK
[-]ugr16_multiclass_folds_selecvars.csv OK
[+] Computing hyper-parameters for the classifier: RANDOM FOREST ...


[+] The best parameters for Rep.: 2 and Kfold: 1 are:  [+]
{'max_features': 3, 'n_estimators': 510}

---BEST PARAMETERS WRITED---
[+] PARAMETERS SELECTED MODEL RANDOM FOREST [+]

Max_Features:  3
n_estimators:  510
[+] TRAINING MODELS [+]

[+] Model Training: RANDOM FOREST


[+] MODEL PREDICTING rf


[+] CLASSIFICATION REPORT TEST rf

              precision    recall  f1-score   support

  background       0.88      0.96      0.92      6017
         dos       1.00      0.82      0.90        84
 nerisbotnet       0.97      0.92      0.94       118
        scan       0.88      0.86      0.87        35
     sshscan       0.00      0.00      0.00         6
     udpscan       0.00      0.00      0.00         2
        spam       0.92      0.75      0.83      3193

   micro avg       0.90      0.89      0.89      9455
   macro avg       0.67      0.62      0.64      9455
weighted avg       0.90      0.89      0.89      9455
 samples avg       0.88      0.89      0.88      9455


[+] CLASSIFICATION REPORT TRAIN rf

              precision    recall  f1-score   support

  background       1.00      1.00      1.00     24071
         dos       1.00      1.00      1.00       333
 nerisbotnet       1.00      1.00      1.00       476
        scan       1.00      1.00      1.00       141
     sshscan       1.00      1.00      1.00        21
     udpscan       1.00      1.00      1.00         7
        spam       1.00      1.00      1.00     12767

   micro avg       1.00      1.00      1.00     37816
   macro avg       1.00      1.00      1.00     37816
weighted avg       1.00      1.00      1.00     37816
 samples avg       1.00      1.00      1.00     37816


SUM SUPPORTS TEST:  9455
AUC_W TEST:  0.8673091342941618

SUM SUPPORTS TRAIN:  37816
AUC_W TRAIN:  1.0

[+] Line added ...
[+] Line added ...
---FPR TEST WRITTEN---
---TPR TEST WRITTEN---
---FPR TRAIN WRITTEN---
---TPR TRAIN WRITTEN---
------------------
 [+] Time Stamp: --- REP: ---2--- Kfold: ---1--- Model: ---RANDOM FOREST--- FINISHED! [+]
------------------
Elapsed time (s):  21800.033662557602
[+] Finishing task at 2019-12-18 00:14:05.422975 (2,1)
