[+] Starting task at 2019-12-17 18:13:20.233475 (13,3)
[+] Reading datasets ...
[-]ugr16_multiclass.csv OK
[-]ugr16_multiclass_folds.csv OK
[-]ugr16_multiclass_folds_selecvars.csv OK
[+] Computing hyper-parameters for the classifier: RANDOM FOREST ...


[+] The best parameters for Rep.: 13 and Kfold: 3 are:  [+]
{'max_features': 2, 'n_estimators': 518}

---BEST PARAMETERS WRITED---
[+] PARAMETERS SELECTED MODEL RANDOM FOREST [+]

Max_Features:  2
n_estimators:  518
[+] TRAINING MODELS [+]

[+] Model Training: RANDOM FOREST


[+] MODEL PREDICTING rf


[+] CLASSIFICATION REPORT TEST rf

              precision    recall  f1-score   support

  background       0.91      0.96      0.94      6018
         dos       1.00      0.92      0.96        83
 nerisbotnet       0.97      0.92      0.95       119
        scan       0.85      0.92      0.88        36
     sshscan       0.00      0.00      0.00         6
     udpscan       0.00      0.00      0.00         2
        spam       0.92      0.81      0.86      3192

   micro avg       0.92      0.91      0.91      9456
   macro avg       0.66      0.65      0.65      9456
weighted avg       0.91      0.91      0.91      9456
 samples avg       0.91      0.91      0.91      9456


[+] CLASSIFICATION REPORT TRAIN rf

              precision    recall  f1-score   support

  background       1.00      1.00      1.00     24073
         dos       1.00      1.00      1.00       334
 nerisbotnet       1.00      1.00      1.00       475
        scan       1.00      1.00      1.00       140
     sshscan       1.00      1.00      1.00        21
     udpscan       1.00      1.00      1.00         7
        spam       1.00      1.00      1.00     12769

   micro avg       1.00      1.00      1.00     37819
   macro avg       1.00      1.00      1.00     37819
weighted avg       1.00      1.00      1.00     37819
 samples avg       1.00      1.00      1.00     37819


SUM SUPPORTS TEST:  9456
AUC_W TEST:  0.8961139123392715

SUM SUPPORTS TRAIN:  37819
AUC_W TRAIN:  1.0

[+] Line added ...
[+] Line added ...
---FPR TEST WRITTEN---
---TPR TEST WRITTEN---
---FPR TRAIN WRITTEN---
---TPR TRAIN WRITTEN---
------------------
 [+] Time Stamp: --- REP: ---13--- Kfold: ---3--- Model: ---RANDOM FOREST--- FINISHED! [+]
------------------
Elapsed time (s):  22091.608104467392
[+] Finishing task at 2019-12-18 00:21:31.874702 (13,3)
