[+] Starting task at 2019-12-17 18:10:39.198441 (1,4)
[+] Reading datasets ...
[-]ugr16_multiclass.csv OK
[-]ugr16_multiclass_folds.csv OK
[-]ugr16_multiclass_folds_selecvars.csv OK
[+] Computing hyper-parameters for the classifier: RANDOM FOREST ...


[+] The best parameters for Rep.: 1 and Kfold: 4 are:  [+]
{'max_features': 6, 'n_estimators': 513}

---BEST PARAMETERS WRITED---
[+] PARAMETERS SELECTED MODEL RANDOM FOREST [+]

Max_Features:  6
n_estimators:  513
[+] TRAINING MODELS [+]

[+] Model Training: RANDOM FOREST


[+] MODEL PREDICTING rf


[+] CLASSIFICATION REPORT TEST rf

              precision    recall  f1-score   support

  background       0.89      0.96      0.92      6017
         dos       0.96      0.85      0.90        84
 nerisbotnet       0.98      0.91      0.94       118
        scan       0.86      0.86      0.86        35
     sshscan       0.00      0.00      0.00         5
     udpscan       1.00      1.00      1.00         2
        spam       0.91      0.77      0.83      3192

   micro avg       0.90      0.89      0.89      9453
   macro avg       0.80      0.76      0.78      9453
weighted avg       0.90      0.89      0.89      9453
 samples avg       0.89      0.89      0.89      9453


[+] CLASSIFICATION REPORT TRAIN rf

              precision    recall  f1-score   support

  background       1.00      1.00      1.00     24072
         dos       1.00      1.00      1.00       333
 nerisbotnet       1.00      1.00      1.00       476
        scan       1.00      1.00      1.00       141
     sshscan       1.00      1.00      1.00        22
     udpscan       1.00      1.00      1.00         7
        spam       1.00      1.00      1.00     12769

   micro avg       1.00      1.00      1.00     37820
   macro avg       1.00      1.00      1.00     37820
weighted avg       1.00      1.00      1.00     37820
 samples avg       1.00      1.00      1.00     37820


SUM SUPPORTS TEST:  9453
AUC_W TEST:  0.8728625207506265

SUM SUPPORTS TRAIN:  37820
AUC_W TRAIN:  1.0

[+] Line added ...
[+] Line added ...
---FPR TEST WRITTEN---
---TPR TEST WRITTEN---
---FPR TRAIN WRITTEN---
---TPR TRAIN WRITTEN---
------------------
 [+] Time Stamp: --- REP: ---1--- Kfold: ---4--- Model: ---RANDOM FOREST--- FINISHED! [+]
------------------
Elapsed time (s):  22295.178632497787
[+] Finishing task at 2019-12-18 00:22:14.411959 (1,4)
