[+] Starting task at 2019-12-17 18:12:16.936727 (8,2)
[+] Reading datasets ...
[-]ugr16_multiclass.csv OK
[-]ugr16_multiclass_folds.csv OK
[-]ugr16_multiclass_folds_selecvars.csv OK
[+] Computing hyper-parameters for the classifier: RANDOM FOREST ...


[+] The best parameters for Rep.: 8 and Kfold: 2 are:  [+]
{'max_features': 3, 'n_estimators': 544}

---BEST PARAMETERS WRITED---
[+] PARAMETERS SELECTED MODEL RANDOM FOREST [+]

Max_Features:  3
n_estimators:  544
[+] TRAINING MODELS [+]

[+] Model Training: RANDOM FOREST


[+] MODEL PREDICTING rf


[+] CLASSIFICATION REPORT TEST rf

              precision    recall  f1-score   support

  background       0.87      0.96      0.91      6018
         dos       0.97      0.87      0.92        83
 nerisbotnet       0.98      0.93      0.96       119
        scan       0.85      0.83      0.84        35
     sshscan       0.00      0.00      0.00         6
     udpscan       0.00      0.00      0.00         2
        spam       0.93      0.72      0.81      3192

   micro avg       0.89      0.88      0.88      9455
   macro avg       0.66      0.62      0.63      9455
weighted avg       0.89      0.88      0.88      9455
 samples avg       0.87      0.88      0.87      9455


[+] CLASSIFICATION REPORT TRAIN rf

              precision    recall  f1-score   support

  background       1.00      1.00      1.00     24073
         dos       1.00      1.00      1.00       334
 nerisbotnet       1.00      1.00      1.00       475
        scan       1.00      1.00      1.00       141
     sshscan       1.00      1.00      1.00        21
     udpscan       1.00      1.00      1.00         7
        spam       1.00      1.00      1.00     12769

   micro avg       1.00      1.00      1.00     37820
   macro avg       1.00      1.00      1.00     37820
weighted avg       1.00      1.00      1.00     37820
 samples avg       1.00      1.00      1.00     37820


SUM SUPPORTS TEST:  9455
AUC_W TEST:  0.8534815567527757

SUM SUPPORTS TRAIN:  37820
AUC_W TRAIN:  1.0

[+] Line added ...
[+] Line added ...
---FPR TEST WRITTEN---
---TPR TEST WRITTEN---
---FPR TRAIN WRITTEN---
---TPR TRAIN WRITTEN---
------------------
 [+] Time Stamp: --- REP: ---8--- Kfold: ---2--- Model: ---RANDOM FOREST--- FINISHED! [+]
------------------
Elapsed time (s):  21595.730432510376
[+] Finishing task at 2019-12-18 00:12:12.695753 (8,2)
