[+] Starting task at 2019-12-17 19:38:35.863756 (13,4)
[+] Reading datasets ...
[-]ugr16_multiclass.csv OK
[-]ugr16_multiclass_folds.csv OK
[-]ugr16_multiclass_folds_selecvars.csv OK
[+] Computing hyper-parameters for the classifier: SVC ...


[+] The best parameters for Rep.: 13 and Kfold: 4 are:  [+]
{'C': 1.1559574837601634, 'gamma': 0.007797091370601814}

---BEST PARAMETERS WRITED---
[+] PARAMETERS SELECTED MODEL SVC [+]

cs:  1.1559574837601634
ga:  0.007797091370601814
[+] TRAINING MODELS [+]

[+] Model Training: SVC


[+] MODEL PREDICTING svc


[+] CLASSIFICATION REPORT TEST svc

              precision    recall  f1-score   support

  background       0.82      0.94      0.88      6018
         dos       0.96      0.87      0.91        84
 nerisbotnet       0.96      0.92      0.94       118
        scan       1.00      0.40      0.57        35
     sshscan       0.00      0.00      0.00         5
     udpscan       1.00      1.00      1.00         1
        spam       0.86      0.75      0.80      3191

   micro avg       0.83      0.87      0.85      9452
   macro avg       0.80      0.70      0.73      9452
weighted avg       0.84      0.87      0.85      9452
 samples avg       0.84      0.87      0.85      9452


[+] CLASSIFICATION REPORT TRAIN svc

              precision    recall  f1-score   support

  background       0.82      0.94      0.88     24070
         dos       1.00      0.99      1.00       333
 nerisbotnet       0.98      0.93      0.95       476
        scan       1.00      1.00      1.00       141
     sshscan       0.00      0.00      0.00        22
     udpscan       1.00      0.50      0.67         8
        spam       0.88      0.79      0.83     12769

   micro avg       0.84      0.89      0.87     37819
   macro avg       0.81      0.74      0.76     37819
weighted avg       0.85      0.89      0.86     37819
 samples avg       0.86      0.89      0.87     37819


SUM SUPPORTS TEST:  9452
AUC_W TEST:  0.8106291372624016

SUM SUPPORTS TRAIN:  37819
AUC_W TRAIN:  0.8233301914401864

[+] Line added ...
[+] Line added ...
---FPR TEST WRITTEN---
---TPR TEST WRITTEN---
---FPR TRAIN WRITTEN---
---TPR TRAIN WRITTEN---
------------------
 [+] Time Stamp: --- REP: ---13--- Kfold: ---4--- Model: ---SVC--- FINISHED! [+]
------------------
Elapsed time (s):  129917.15706753731
[+] Finishing task at 2019-12-19 07:43:53.059319 (13,4)
