[+] Starting task at 2019-12-17 19:39:04.541656 (16,2)
[+] Reading datasets ...
[-]ugr16_multiclass.csv OK
[-]ugr16_multiclass_folds.csv OK
[-]ugr16_multiclass_folds_selecvars.csv OK
[+] Computing hyper-parameters for the classifier: SVC ...


[+] The best parameters for Rep.: 16 and Kfold: 2 are:  [+]
{'C': 0.5576506874467411, 'gamma': 0.00676022468995796}

---BEST PARAMETERS WRITED---
[+] PARAMETERS SELECTED MODEL SVC [+]

cs:  0.5576506874467411
ga:  0.00676022468995796
[+] TRAINING MODELS [+]

[+] Model Training: SVC


[+] MODEL PREDICTING svc


[+] CLASSIFICATION REPORT TEST svc

              precision    recall  f1-score   support

  background       0.84      0.93      0.89      6017
         dos       0.97      0.82      0.89        84
 nerisbotnet       0.99      0.92      0.95       119
        scan       0.94      0.43      0.59        35
     sshscan       0.00      0.00      0.00         5
     udpscan       0.00      0.00      0.00         2
        spam       0.84      0.63      0.72      3193

   micro avg       0.85      0.83      0.84      9455
   macro avg       0.65      0.53      0.58      9455
weighted avg       0.85      0.83      0.83      9455
 samples avg       0.82      0.83      0.82      9455


[+] CLASSIFICATION REPORT TRAIN svc

              precision    recall  f1-score   support

  background       0.85      0.94      0.89     24072
         dos       0.98      0.91      0.94       333
 nerisbotnet       0.97      0.91      0.94       475
        scan       0.99      0.90      0.94       141
     sshscan       0.00      0.00      0.00        22
     udpscan       1.00      0.86      0.92         7
        spam       0.86      0.64      0.73     12768

   micro avg       0.86      0.84      0.85     37818
   macro avg       0.81      0.74      0.77     37818
weighted avg       0.86      0.84      0.84     37818
 samples avg       0.83      0.84      0.83     37818


SUM SUPPORTS TEST:  9455
AUC_W TEST:  0.8067579333071937

SUM SUPPORTS TRAIN:  37818
AUC_W TRAIN:  0.8196542261786308

[+] Line added ...
[+] Line added ...
---FPR TEST WRITTEN---
---TPR TEST WRITTEN---
---FPR TRAIN WRITTEN---
---TPR TRAIN WRITTEN---
------------------
 [+] Time Stamp: --- REP: ---16--- Kfold: ---2--- Model: ---SVC--- FINISHED! [+]
------------------
Elapsed time (s):  119712.92059087753
[+] Finishing task at 2019-12-19 04:54:17.507153 (16,2)
