[+] Starting task at 2019-12-17 19:39:17.740515 (17,5)
[+] Reading datasets ...
[-]ugr16_multiclass.csv OK
[-]ugr16_multiclass_folds.csv OK
[-]ugr16_multiclass_folds_selecvars.csv OK
[+] Computing hyper-parameters for the classifier: SVC ...


[+] The best parameters for Rep.: 17 and Kfold: 5 are:  [+]
{'C': 0.27204105780821747, 'gamma': 0.025736410389553026}

---BEST PARAMETERS WRITED---
[+] PARAMETERS SELECTED MODEL SVC [+]

cs:  0.27204105780821747
ga:  0.025736410389553026
[+] TRAINING MODELS [+]

[+] Model Training: SVC


[+] MODEL PREDICTING svc


[+] CLASSIFICATION REPORT TEST svc

              precision    recall  f1-score   support

  background       0.83      0.94      0.88      6017
         dos       0.97      0.84      0.90        83
 nerisbotnet       0.95      0.85      0.90       119
        scan       1.00      0.14      0.25        35
     sshscan       0.00      0.00      0.00         5
     udpscan       0.00      0.00      0.00         1
        spam       0.86      0.71      0.78      3191

   micro avg       0.84      0.86      0.85      9451
   macro avg       0.66      0.50      0.53      9451
weighted avg       0.84      0.86      0.84      9451
 samples avg       0.83      0.86      0.84      9451


[+] CLASSIFICATION REPORT TRAIN svc

              precision    recall  f1-score   support

  background       0.83      0.94      0.88     24071
         dos       1.00      1.00      1.00       334
 nerisbotnet       0.97      0.89      0.93       475
        scan       1.00      0.99      0.99       141
     sshscan       0.00      0.00      0.00        22
     udpscan       1.00      1.00      1.00         8
        spam       0.88      0.73      0.79     12769

   micro avg       0.84      0.87      0.86     37820
   macro avg       0.81      0.79      0.80     37820
weighted avg       0.85      0.87      0.85     37820
 samples avg       0.84      0.87      0.85     37820


SUM SUPPORTS TEST:  9451
AUC_W TEST:  0.8103209995385022

SUM SUPPORTS TRAIN:  37820
AUC_W TRAIN:  0.8158237630957358

[+] Line added ...
[+] Line added ...
---FPR TEST WRITTEN---
---TPR TEST WRITTEN---
---FPR TRAIN WRITTEN---
---TPR TRAIN WRITTEN---
------------------
 [+] Time Stamp: --- REP: ---17--- Kfold: ---5--- Model: ---SVC--- FINISHED! [+]
------------------
Elapsed time (s):  128492.92218852043
[+] Finishing task at 2019-12-19 07:20:50.702026 (17,5)
