[+] Starting task at 2019-12-17 19:42:33.550039 (19,5)
[+] Reading datasets ...
[-]ugr16_multiclass.csv OK
[-]ugr16_multiclass_folds.csv OK
[-]ugr16_multiclass_folds_selecvars.csv OK
[+] Computing hyper-parameters for the classifier: SVC ...


[+] The best parameters for Rep.: 19 and Kfold: 5 are:  [+]
{'C': 1.5788766818827908, 'gamma': 0.0021913459833395586}

---BEST PARAMETERS WRITED---
[+] PARAMETERS SELECTED MODEL SVC [+]

cs:  1.5788766818827908
ga:  0.0021913459833395586
[+] TRAINING MODELS [+]

[+] Model Training: SVC


[+] MODEL PREDICTING svc


[+] CLASSIFICATION REPORT TEST svc

              precision    recall  f1-score   support

  background       0.82      0.94      0.87      6018
         dos       0.97      0.81      0.88        83
 nerisbotnet       0.96      0.87      0.92       119
        scan       0.97      0.86      0.91        35
     sshscan       0.00      0.00      0.00         6
     udpscan       0.00      0.00      0.00         2
        spam       0.84      0.68      0.75      3191

   micro avg       0.83      0.85      0.84      9454
   macro avg       0.65      0.59      0.62      9454
weighted avg       0.83      0.85      0.83      9454
 samples avg       0.83      0.85      0.84      9454


[+] CLASSIFICATION REPORT TRAIN svc

              precision    recall  f1-score   support

  background       0.82      0.94      0.88     24072
         dos       1.00      1.00      1.00       334
 nerisbotnet       0.97      0.88      0.92       475
        scan       0.98      0.89      0.93       141
     sshscan       0.00      0.00      0.00        21
     udpscan       1.00      0.71      0.83         7
        spam       0.86      0.69      0.76     12769

   micro avg       0.84      0.86      0.85     37819
   macro avg       0.80      0.73      0.76     37819
weighted avg       0.84      0.86      0.84     37819
 samples avg       0.84      0.86      0.85     37819


SUM SUPPORTS TEST:  9454
AUC_W TEST:  0.7972071044919471

SUM SUPPORTS TRAIN:  37819
AUC_W TRAIN:  0.8064477862527224

[+] Line added ...
[+] Line added ...
---FPR TEST WRITTEN---
---TPR TEST WRITTEN---
---FPR TRAIN WRITTEN---
---TPR TRAIN WRITTEN---
------------------
 [+] Time Stamp: --- REP: ---19--- Kfold: ---5--- Model: ---SVC--- FINISHED! [+]
------------------
Elapsed time (s):  94907.72222924232
[+] Finishing task at 2019-12-18 22:04:21.527903 (19,5)
