[+] Starting task at 2019-12-17 19:37:41.320705 (8,2)
[+] Reading datasets ...
[-]ugr16_multiclass.csv OK
[-]ugr16_multiclass_folds.csv OK
[-]ugr16_multiclass_folds_selecvars.csv OK
[+] Computing hyper-parameters for the classifier: SVC ...


[+] The best parameters for Rep.: 8 and Kfold: 2 are:  [+]
{'C': 7.318365738431964, 'gamma': 0.0025823925486910073}

---BEST PARAMETERS WRITED---
[+] PARAMETERS SELECTED MODEL SVC [+]

cs:  7.318365738431964
ga:  0.0025823925486910073
[+] TRAINING MODELS [+]

[+] Model Training: SVC


[+] MODEL PREDICTING svc


[+] CLASSIFICATION REPORT TEST svc

              precision    recall  f1-score   support

  background       0.87      0.94      0.90      6018
         dos       0.97      0.84      0.90        83
 nerisbotnet       0.98      0.88      0.93       119
        scan       1.00      0.80      0.89        35
     sshscan       0.00      0.00      0.00         6
     udpscan       0.00      0.00      0.00         2
        spam       0.85      0.60      0.70      3192

   micro avg       0.87      0.82      0.84      9455
   macro avg       0.67      0.58      0.62      9455
weighted avg       0.86      0.82      0.83      9455
 samples avg       0.81      0.82      0.82      9455


[+] CLASSIFICATION REPORT TRAIN svc

              precision    recall  f1-score   support

  background       0.89      0.94      0.91     24073
         dos       1.00      1.00      1.00       334
 nerisbotnet       0.96      0.88      0.92       475
        scan       0.97      0.92      0.95       141
     sshscan       1.00      1.00      1.00        21
     udpscan       1.00      1.00      1.00         7
        spam       0.86      0.61      0.71     12769

   micro avg       0.88      0.83      0.85     37820
   macro avg       0.95      0.91      0.93     37820
weighted avg       0.88      0.83      0.85     37820
 samples avg       0.82      0.83      0.82     37820


SUM SUPPORTS TEST:  9455
AUC_W TEST:  0.821566808373089

SUM SUPPORTS TRAIN:  37820
AUC_W TRAIN:  0.8376299298752389

[+] Line added ...
[+] Line added ...
---FPR TEST WRITTEN---
---TPR TEST WRITTEN---
---FPR TRAIN WRITTEN---
---TPR TRAIN WRITTEN---
------------------
 [+] Time Stamp: --- REP: ---8--- Kfold: ---2--- Model: ---SVC--- FINISHED! [+]
------------------
Elapsed time (s):  134747.2977461815
[+] Finishing task at 2019-12-19 09:03:28.648979 (8,2)
