[+] Starting task at 2019-12-17 19:36:55.240045 (3,4)
[+] Reading datasets ...
[-]ugr16_multiclass.csv OK
[-]ugr16_multiclass_folds.csv OK
[-]ugr16_multiclass_folds_selecvars.csv OK
[+] Computing hyper-parameters for the classifier: SVC ...


[+] The best parameters for Rep.: 3 and Kfold: 4 are:  [+]
{'C': 0.3165347452663032, 'gamma': 0.010047706251702116}

---BEST PARAMETERS WRITED---
[+] PARAMETERS SELECTED MODEL SVC [+]

cs:  0.3165347452663032
ga:  0.010047706251702116
[+] TRAINING MODELS [+]

[+] Model Training: SVC


[+] MODEL PREDICTING svc


[+] CLASSIFICATION REPORT TEST svc

              precision    recall  f1-score   support

  background       0.87      0.93      0.90      6017
         dos       0.99      0.93      0.96        83
 nerisbotnet       0.95      0.86      0.90       118
        scan       1.00      0.74      0.85        35
     sshscan       0.00      0.00      0.00         5
     udpscan       0.00      0.00      0.00         2
        spam       0.88      0.47      0.62      3192

   micro avg       0.88      0.78      0.82      9452
   macro avg       0.67      0.56      0.60      9452
weighted avg       0.88      0.78      0.81      9452
 samples avg       0.77      0.78      0.77      9452


[+] CLASSIFICATION REPORT TRAIN svc

              precision    recall  f1-score   support

  background       0.89      0.94      0.92     24073
         dos       0.99      0.94      0.97       334
 nerisbotnet       0.97      0.88      0.92       476
        scan       0.97      0.87      0.91       141
     sshscan       0.00      0.00      0.00        22
     udpscan       1.00      0.43      0.60         7
        spam       0.86      0.47      0.61     12768

   micro avg       0.89      0.78      0.83     37821
   macro avg       0.81      0.65      0.70     37821
weighted avg       0.88      0.78      0.81     37821
 samples avg       0.77      0.78      0.78     37821


SUM SUPPORTS TEST:  9452
AUC_W TEST:  0.8071079088895413

SUM SUPPORTS TRAIN:  37821
AUC_W TRAIN:  0.8187026561599927

[+] Line added ...
[+] Line added ...
---FPR TEST WRITTEN---
---TPR TEST WRITTEN---
---FPR TRAIN WRITTEN---
---TPR TRAIN WRITTEN---
------------------
 [+] Time Stamp: --- REP: ---3--- Kfold: ---4--- Model: ---SVC--- FINISHED! [+]
------------------
Elapsed time (s):  114299.61260795593
[+] Finishing task at 2019-12-19 03:21:54.897035 (3,4)
