[+] Starting task at 2019-12-17 19:38:17.714426 (11,5)
[+] Reading datasets ...
[-]ugr16_multiclass.csv OK
[-]ugr16_multiclass_folds.csv OK
[-]ugr16_multiclass_folds_selecvars.csv OK
[+] Computing hyper-parameters for the classifier: SVC ...


[+] The best parameters for Rep.: 11 and Kfold: 5 are:  [+]
{'C': 14.952767105169993, 'gamma': 0.002174187137299009}

---BEST PARAMETERS WRITED---
[+] PARAMETERS SELECTED MODEL SVC [+]

cs:  14.952767105169993
ga:  0.002174187137299009
[+] TRAINING MODELS [+]

[+] Model Training: SVC


[+] MODEL PREDICTING svc


[+] CLASSIFICATION REPORT TEST svc

              precision    recall  f1-score   support

  background       0.83      0.94      0.88      6018
         dos       0.98      0.65      0.78        83
 nerisbotnet       0.98      0.84      0.90       118
        scan       0.00      0.00      0.00        35
     sshscan       0.00      0.00      0.00         6
     udpscan       1.00      0.50      0.67         2
        spam       0.84      0.62      0.71      3192

   micro avg       0.83      0.82      0.83      9454
   macro avg       0.66      0.51      0.56      9454
weighted avg       0.83      0.82      0.82      9454
 samples avg       0.82      0.82      0.82      9454


[+] CLASSIFICATION REPORT TRAIN svc

              precision    recall  f1-score   support

  background       0.83      0.94      0.88     24073
         dos       0.94      0.76      0.84       334
 nerisbotnet       0.97      0.93      0.95       476
        scan       1.00      1.00      1.00       141
     sshscan       1.00      1.00      1.00        21
     udpscan       1.00      0.57      0.73         7
        spam       0.86      0.63      0.72     12769

   micro avg       0.84      0.83      0.84     37821
   macro avg       0.94      0.83      0.87     37821
weighted avg       0.84      0.83      0.83     37821
 samples avg       0.83      0.83      0.83     37821


SUM SUPPORTS TEST:  9454
AUC_W TEST:  0.7893087009460528

SUM SUPPORTS TRAIN:  37821
AUC_W TRAIN:  0.801243623153388

[+] Line added ...
[+] Line added ...
---FPR TEST WRITTEN---
---TPR TEST WRITTEN---
---FPR TRAIN WRITTEN---
---TPR TRAIN WRITTEN---
------------------
 [+] Time Stamp: --- REP: ---11--- Kfold: ---5--- Model: ---SVC--- FINISHED! [+]
------------------
Elapsed time (s):  184238.3322415352
[+] Finishing task at 2019-12-19 22:48:56.078771 (11,5)
