[+] Starting task at 2019-12-17 19:38:50.745939 (15,1)
[+] Reading datasets ...
[-]ugr16_multiclass.csv OK
[-]ugr16_multiclass_folds.csv OK
[-]ugr16_multiclass_folds_selecvars.csv OK
[+] Computing hyper-parameters for the classifier: SVC ...


[+] The best parameters for Rep.: 15 and Kfold: 1 are:  [+]
{'C': 0.1482085197373181, 'gamma': 0.008623655940701974}

---BEST PARAMETERS WRITED---
[+] PARAMETERS SELECTED MODEL SVC [+]

cs:  0.1482085197373181
ga:  0.008623655940701974
[+] TRAINING MODELS [+]

[+] Model Training: SVC


[+] MODEL PREDICTING svc


[+] CLASSIFICATION REPORT TEST svc

              precision    recall  f1-score   support

  background       0.87      0.94      0.90      6019
         dos       0.96      0.87      0.91        84
 nerisbotnet       0.98      0.90      0.94       119
        scan       0.97      0.83      0.89        35
     sshscan       0.00      0.00      0.00         5
     udpscan       0.00      0.00      0.00         2
        spam       0.85      0.67      0.75      3192

   micro avg       0.86      0.85      0.85      9456
   macro avg       0.66      0.60      0.63      9456
weighted avg       0.86      0.85      0.85      9456
 samples avg       0.84      0.85      0.84      9456


[+] CLASSIFICATION REPORT TRAIN svc

              precision    recall  f1-score   support

  background       0.88      0.94      0.91     24072
         dos       0.99      0.93      0.96       333
 nerisbotnet       0.96      0.88      0.92       475
        scan       0.97      0.82      0.89       141
     sshscan       0.00      0.00      0.00        22
     udpscan       1.00      0.71      0.83         7
        spam       0.86      0.68      0.76     12769

   micro avg       0.88      0.85      0.86     37819
   macro avg       0.81      0.71      0.75     37819
weighted avg       0.87      0.85      0.86     37819
 samples avg       0.84      0.85      0.84     37819


SUM SUPPORTS TEST:  9456
AUC_W TEST:  0.8312037584511534

SUM SUPPORTS TRAIN:  37819
AUC_W TRAIN:  0.8425232533824552

[+] Line added ...
[+] Line added ...
---FPR TEST WRITTEN---
---TPR TEST WRITTEN---
---FPR TRAIN WRITTEN---
---TPR TRAIN WRITTEN---
------------------
 [+] Time Stamp: --- REP: ---15--- Kfold: ---1--- Model: ---SVC--- FINISHED! [+]
------------------
Elapsed time (s):  106024.62950897217
[+] Finishing task at 2019-12-19 01:05:55.407809 (15,1)
