[+] Starting task at 2019-12-17 19:38:41.687227 (14,2)
[+] Reading datasets ...
[-]ugr16_multiclass.csv OK
[-]ugr16_multiclass_folds.csv OK
[-]ugr16_multiclass_folds_selecvars.csv OK
[+] Computing hyper-parameters for the classifier: SVC ...


[+] The best parameters for Rep.: 14 and Kfold: 2 are:  [+]
{'C': 0.6096535146519814, 'gamma': 0.004276690223416152}

---BEST PARAMETERS WRITED---
[+] PARAMETERS SELECTED MODEL SVC [+]

cs:  0.6096535146519814
ga:  0.004276690223416152
[+] TRAINING MODELS [+]

[+] Model Training: SVC


[+] MODEL PREDICTING svc


[+] CLASSIFICATION REPORT TEST svc

              precision    recall  f1-score   support

  background       0.86      0.93      0.89      6018
         dos       0.92      0.96      0.94        84
 nerisbotnet       0.95      0.92      0.94       118
        scan       1.00      0.25      0.40        36
     sshscan       0.00      0.00      0.00         6
     udpscan       1.00      0.50      0.67         2
        spam       0.00      0.00      0.00      3190

   micro avg       0.86      0.61      0.72      9454
   macro avg       0.68      0.51      0.55      9454
weighted avg       0.57      0.61      0.59      9454
 samples avg       0.61      0.61      0.61      9454


[+] CLASSIFICATION REPORT TRAIN svc

              precision    recall  f1-score   support

  background       0.87      0.94      0.90     24070
         dos       0.96      0.88      0.92       333
 nerisbotnet       0.98      0.93      0.95       476
        scan       1.00      0.96      0.98       140
     sshscan       1.00      0.05      0.09        21
     udpscan       1.00      0.57      0.73         7
        spam       0.00      0.00      0.00     12768

   micro avg       0.87      0.62      0.73     37815
   macro avg       0.83      0.62      0.65     37815
weighted avg       0.58      0.62      0.60     37815
 samples avg       0.62      0.62      0.62     37815


SUM SUPPORTS TEST:  9454
AUC_W TEST:  0.7214151060041861

SUM SUPPORTS TRAIN:  37815
AUC_W TRAIN:  0.7310490795655313

[+] Line added ...
[+] Line added ...
---FPR TEST WRITTEN---
---TPR TEST WRITTEN---
---FPR TRAIN WRITTEN---
---TPR TRAIN WRITTEN---
------------------
 [+] Time Stamp: --- REP: ---14--- Kfold: ---2--- Model: ---SVC--- FINISHED! [+]
------------------
Elapsed time (s):  132821.39356517792
[+] Finishing task at 2019-12-19 08:32:23.111320 (14,2)
