[+] Starting task at 2019-12-17 19:39:23.916517 (18,3)
[+] Reading datasets ...
[-]ugr16_multiclass.csv OK
[-]ugr16_multiclass_folds.csv OK
[-]ugr16_multiclass_folds_selecvars.csv OK
[+] Computing hyper-parameters for the classifier: SVC ...


[+] The best parameters for Rep.: 18 and Kfold: 3 are:  [+]
{'C': 0.2524767957667279, 'gamma': 0.008781439452144782}

---BEST PARAMETERS WRITED---
[+] PARAMETERS SELECTED MODEL SVC [+]

cs:  0.2524767957667279
ga:  0.008781439452144782
[+] TRAINING MODELS [+]

[+] Model Training: SVC


[+] MODEL PREDICTING svc


[+] CLASSIFICATION REPORT TEST svc

              precision    recall  f1-score   support

  background       0.87      0.94      0.90      6016
         dos       0.98      0.95      0.96        84
 nerisbotnet       0.98      0.92      0.95       118
        scan       1.00      0.31      0.47        36
     sshscan       0.00      0.00      0.00         5
     udpscan       0.00      0.00      0.00         2
        spam       0.85      0.73      0.78      3192

   micro avg       0.86      0.86      0.86      9453
   macro avg       0.67      0.55      0.58      9453
weighted avg       0.86      0.86      0.86      9453
 samples avg       0.85      0.86      0.86      9453


[+] CLASSIFICATION REPORT TRAIN svc

              precision    recall  f1-score   support

  background       0.88      0.94      0.91     24072
         dos       1.00      0.97      0.99       333
 nerisbotnet       0.98      0.96      0.97       476
        scan       1.00      0.94      0.97       140
     sshscan       1.00      1.00      1.00        22
     udpscan       1.00      1.00      1.00         7
        spam       0.86      0.73      0.79     12768

   micro avg       0.87      0.87      0.87     37818
   macro avg       0.96      0.93      0.95     37818
weighted avg       0.87      0.87      0.87     37818
 samples avg       0.86      0.87      0.86     37818


SUM SUPPORTS TEST:  9453
AUC_W TEST:  0.8395850517592952

SUM SUPPORTS TRAIN:  37818
AUC_W TRAIN:  0.8496391218482845

[+] Line added ...
[+] Line added ...
---FPR TEST WRITTEN---
---TPR TEST WRITTEN---
---FPR TRAIN WRITTEN---
---TPR TRAIN WRITTEN---
------------------
 [+] Time Stamp: --- REP: ---18--- Kfold: ---3--- Model: ---SVC--- FINISHED! [+]
------------------
Elapsed time (s):  120899.92215585709
[+] Finishing task at 2019-12-19 05:14:23.879355 (18,3)
