[+] Starting task at 2019-12-17 19:39:11.701734 (17,1)
[+] Reading datasets ...
[-]ugr16_multiclass.csv OK
[-]ugr16_multiclass_folds.csv OK
[-]ugr16_multiclass_folds_selecvars.csv OK
[+] Computing hyper-parameters for the classifier: SVC ...


[+] The best parameters for Rep.: 17 and Kfold: 1 are:  [+]
{'C': 4.35246483815834, 'gamma': 0.0023352847111513305}

---BEST PARAMETERS WRITED---
[+] PARAMETERS SELECTED MODEL SVC [+]

cs:  4.35246483815834
ga:  0.0023352847111513305
[+] TRAINING MODELS [+]

[+] Model Training: SVC


[+] MODEL PREDICTING svc


[+] CLASSIFICATION REPORT TEST svc

              precision    recall  f1-score   support

  background       0.86      0.93      0.89      6016
         dos       0.95      0.93      0.94        84
 nerisbotnet       0.96      0.89      0.93       118
        scan       0.96      0.74      0.84        35
     sshscan       0.00      0.00      0.00         5
     udpscan       1.00      0.50      0.67         2
        spam       0.85      0.63      0.73      3191

   micro avg       0.86      0.83      0.84      9451
   macro avg       0.80      0.66      0.71      9451
weighted avg       0.86      0.83      0.84      9451
 samples avg       0.82      0.83      0.82      9451


[+] CLASSIFICATION REPORT TRAIN svc

              precision    recall  f1-score   support

  background       0.87      0.94      0.91     24072
         dos       1.00      0.96      0.98       333
 nerisbotnet       0.97      0.88      0.92       476
        scan       0.98      0.84      0.90       141
     sshscan       0.00      0.00      0.00        22
     udpscan       1.00      0.57      0.73         7
        spam       0.86      0.65      0.74     12767

   micro avg       0.87      0.84      0.86     37818
   macro avg       0.81      0.69      0.74     37818
weighted avg       0.87      0.84      0.85     37818
 samples avg       0.83      0.84      0.84     37818


SUM SUPPORTS TEST:  9451
AUC_W TEST:  0.8217626328408683

SUM SUPPORTS TRAIN:  37818
AUC_W TRAIN:  0.835666735526122

[+] Line added ...
[+] Line added ...
---FPR TEST WRITTEN---
---TPR TEST WRITTEN---
---FPR TRAIN WRITTEN---
---TPR TRAIN WRITTEN---
------------------
 [+] Time Stamp: --- REP: ---17--- Kfold: ---1--- Model: ---SVC--- FINISHED! [+]
------------------
Elapsed time (s):  128454.50836467743
[+] Finishing task at 2019-12-19 07:20:06.251386 (17,1)
