[+] Starting task at 2019-12-17 19:36:48.657203 (3,1)
[+] Reading datasets ...
[-]ugr16_multiclass.csv OK
[-]ugr16_multiclass_folds.csv OK
[-]ugr16_multiclass_folds_selecvars.csv OK
[+] Computing hyper-parameters for the classifier: SVC ...


[+] The best parameters for Rep.: 3 and Kfold: 1 are:  [+]
{'C': 2.245572992960335, 'gamma': 0.0027402313800543713}

---BEST PARAMETERS WRITED---
[+] PARAMETERS SELECTED MODEL SVC [+]

cs:  2.245572992960335
ga:  0.0027402313800543713
[+] TRAINING MODELS [+]

[+] Model Training: SVC


[+] MODEL PREDICTING svc


[+] CLASSIFICATION REPORT TEST svc

              precision    recall  f1-score   support

  background       0.86      0.93      0.89      6018
         dos       0.95      0.88      0.91        84
 nerisbotnet       0.96      0.92      0.94       119
        scan       1.00      0.28      0.43        36
     sshscan       0.00      0.00      0.00         5
     udpscan       1.00      0.50      0.67         2
        spam       0.00      0.00      0.00      3193

   micro avg       0.87      0.61      0.72      9457
   macro avg       0.68      0.50      0.55      9457
weighted avg       0.57      0.61      0.59      9457
 samples avg       0.61      0.61      0.61      9457


[+] CLASSIFICATION REPORT TRAIN svc

              precision    recall  f1-score   support

  background       0.87      0.94      0.90     24073
         dos       1.00      0.96      0.98       333
 nerisbotnet       0.99      0.96      0.97       475
        scan       1.00      1.00      1.00       140
     sshscan       0.00      0.00      0.00        22
     udpscan       1.00      0.29      0.44         7
        spam       0.00      0.00      0.00     12768

   micro avg       0.87      0.62      0.73     37818
   macro avg       0.69      0.59      0.61     37818
weighted avg       0.58      0.62      0.60     37818
 samples avg       0.62      0.62      0.62     37818


SUM SUPPORTS TEST:  9457
AUC_W TEST:  0.7235230472224458

SUM SUPPORTS TRAIN:  37818
AUC_W TRAIN:  0.7320777734468047

[+] Line added ...
[+] Line added ...
---FPR TEST WRITTEN---
---TPR TEST WRITTEN---
---FPR TRAIN WRITTEN---
---TPR TRAIN WRITTEN---
------------------
 [+] Time Stamp: --- REP: ---3--- Kfold: ---1--- Model: ---SVC--- FINISHED! [+]
------------------
Elapsed time (s):  118559.4984266758
[+] Finishing task at 2019-12-19 04:32:48.194158 (3,1)
