[+] Starting task at 2019-12-17 19:36:33.099531 (1,4)
[+] Reading datasets ...
[-]ugr16_multiclass.csv OK
[-]ugr16_multiclass_folds.csv OK
[-]ugr16_multiclass_folds_selecvars.csv OK
[+] Computing hyper-parameters for the classifier: SVC ...


[+] The best parameters for Rep.: 1 and Kfold: 4 are:  [+]
{'C': 0.4821368833151782, 'gamma': 0.02186942286422609}

---BEST PARAMETERS WRITED---
[+] PARAMETERS SELECTED MODEL SVC [+]

cs:  0.4821368833151782
ga:  0.02186942286422609
[+] TRAINING MODELS [+]

[+] Model Training: SVC


[+] MODEL PREDICTING svc


[+] CLASSIFICATION REPORT TEST svc

              precision    recall  f1-score   support

  background       0.86      0.92      0.89      6017
         dos       0.98      0.56      0.71        84
 nerisbotnet       0.98      0.90      0.94       118
        scan       0.93      0.74      0.83        35
     sshscan       0.00      0.00      0.00         5
     udpscan       0.00      0.00      0.00         2
        spam       0.83      0.68      0.75      3192

   micro avg       0.86      0.83      0.84      9453
   macro avg       0.65      0.54      0.59      9453
weighted avg       0.85      0.83      0.84      9453
 samples avg       0.83      0.83      0.83      9453


[+] CLASSIFICATION REPORT TRAIN svc

              precision    recall  f1-score   support

  background       0.87      0.94      0.90     24072
         dos       0.93      0.70      0.80       333
 nerisbotnet       0.98      0.94      0.96       476
        scan       0.98      0.87      0.92       141
     sshscan       1.00      1.00      1.00        22
     udpscan       1.00      1.00      1.00         7
        spam       0.86      0.69      0.77     12769

   micro avg       0.87      0.85      0.86     37820
   macro avg       0.94      0.88      0.91     37820
weighted avg       0.87      0.85      0.85     37820
 samples avg       0.85      0.85      0.85     37820


SUM SUPPORTS TEST:  9453
AUC_W TEST:  0.8220785090729005

SUM SUPPORTS TRAIN:  37820
AUC_W TRAIN:  0.8356152438573712

[+] Line added ...
[+] Line added ...
---FPR TEST WRITTEN---
---TPR TEST WRITTEN---
---FPR TRAIN WRITTEN---
---TPR TRAIN WRITTEN---
------------------
 [+] Time Stamp: --- REP: ---1--- Kfold: ---4--- Model: ---SVC--- FINISHED! [+]
------------------
Elapsed time (s):  121089.07653784752
[+] Finishing task at 2019-12-19 05:14:42.217606 (1,4)
