[+] Starting task at 2019-12-17 19:37:50.818730 (9,1)
[+] Reading datasets ...
[-]ugr16_multiclass.csv OK
[-]ugr16_multiclass_folds.csv OK
[-]ugr16_multiclass_folds_selecvars.csv OK
[+] Computing hyper-parameters for the classifier: SVC ...


[+] The best parameters for Rep.: 9 and Kfold: 1 are:  [+]
{'C': 0.777014296051195, 'gamma': 0.002205182663860792}

---BEST PARAMETERS WRITED---
[+] PARAMETERS SELECTED MODEL SVC [+]

cs:  0.777014296051195
ga:  0.002205182663860792
[+] TRAINING MODELS [+]

[+] Model Training: SVC


[+] MODEL PREDICTING svc


[+] CLASSIFICATION REPORT TEST svc

              precision    recall  f1-score   support

  background       0.80      0.95      0.87      6016
         dos       0.99      0.81      0.89        83
 nerisbotnet       0.94      0.92      0.93       119
        scan       0.90      0.26      0.40        35
     sshscan       0.00      0.00      0.00         6
     udpscan       1.00      0.50      0.67         2
        spam       0.85      0.71      0.78      3193

   micro avg       0.81      0.86      0.84      9454
   macro avg       0.78      0.59      0.65      9454
weighted avg       0.82      0.86      0.83      9454
 samples avg       0.83      0.86      0.84      9454


[+] CLASSIFICATION REPORT TRAIN svc

              precision    recall  f1-score   support

  background       0.80      0.95      0.87     24072
         dos       0.99      0.96      0.97       334
 nerisbotnet       0.98      0.93      0.95       475
        scan       0.99      0.60      0.75       141
     sshscan       0.00      0.00      0.00        21
     udpscan       1.00      0.43      0.60         7
        spam       0.86      0.72      0.79     12767

   micro avg       0.82      0.87      0.85     37817
   macro avg       0.80      0.66      0.70     37817
weighted avg       0.82      0.87      0.84     37817
 samples avg       0.84      0.87      0.85     37817


SUM SUPPORTS TEST:  9454
AUC_W TEST:  0.7878329493838129

SUM SUPPORTS TRAIN:  37817
AUC_W TRAIN:  0.7925327892042329

[+] Line added ...
[+] Line added ...
---FPR TEST WRITTEN---
---TPR TEST WRITTEN---
---FPR TRAIN WRITTEN---
---TPR TRAIN WRITTEN---
------------------
 [+] Time Stamp: --- REP: ---9--- Kfold: ---1--- Model: ---SVC--- FINISHED! [+]
------------------
Elapsed time (s):  115491.16126179695
[+] Finishing task at 2019-12-19 03:42:42.010451 (9,1)
