[+] Starting task at 2019-12-17 19:36:27.692691 (1,1)
[+] Reading datasets ...
[-]ugr16_multiclass.csv OK
[-]ugr16_multiclass_folds.csv OK
[-]ugr16_multiclass_folds_selecvars.csv OK
[+] Computing hyper-parameters for the classifier: SVC ...


[+] The best parameters for Rep.: 1 and Kfold: 1 are:  [+]
{'C': 1.6320475166331023, 'gamma': 0.0033737749097294692}

---BEST PARAMETERS WRITED---
[+] PARAMETERS SELECTED MODEL SVC [+]

cs:  1.6320475166331023
ga:  0.0033737749097294692
[+] TRAINING MODELS [+]

[+] Model Training: SVC


[+] MODEL PREDICTING svc


[+] CLASSIFICATION REPORT TEST svc

              precision    recall  f1-score   support

  background       0.84      0.94      0.89      6018
         dos       0.95      0.88      0.91        84
 nerisbotnet       0.96      0.89      0.93       119
        scan       0.95      0.56      0.70        36
     sshscan       0.00      0.00      0.00         5
     udpscan       0.00      0.00      0.00         2
        spam       0.87      0.71      0.78      3192

   micro avg       0.85      0.86      0.85      9456
   macro avg       0.65      0.57      0.60      9456
weighted avg       0.85      0.86      0.85      9456
 samples avg       0.85      0.86      0.85      9456


[+] CLASSIFICATION REPORT TRAIN svc

              precision    recall  f1-score   support

  background       0.85      0.94      0.89     24071
         dos       1.00      0.95      0.98       333
 nerisbotnet       0.97      0.88      0.92       475
        scan       0.98      0.85      0.91       140
     sshscan       0.00      0.00      0.00        22
     udpscan       1.00      0.71      0.83         7
        spam       0.88      0.75      0.81     12767

   micro avg       0.86      0.87      0.87     37815
   macro avg       0.81      0.73      0.76     37815
weighted avg       0.86      0.87      0.86     37815
 samples avg       0.86      0.87      0.86     37815


SUM SUPPORTS TEST:  9456
AUC_W TEST:  0.8202790294904092

SUM SUPPORTS TRAIN:  37815
AUC_W TRAIN:  0.8354569984887267

[+] Line added ...
[+] Line added ...
---FPR TEST WRITTEN---
---TPR TEST WRITTEN---
---FPR TRAIN WRITTEN---
---TPR TRAIN WRITTEN---
------------------
 [+] Time Stamp: --- REP: ---1--- Kfold: ---1--- Model: ---SVC--- FINISHED! [+]
------------------
Elapsed time (s):  134082.53515076637
[+] Finishing task at 2019-12-19 08:51:10.252049 (1,1)
