[+] Starting task at 2019-12-17 19:36:52.781369 (3,2)
[+] Reading datasets ...
[-]ugr16_multiclass.csv OK
[-]ugr16_multiclass_folds.csv OK
[-]ugr16_multiclass_folds_selecvars.csv OK
[+] Computing hyper-parameters for the classifier: SVC ...


[+] The best parameters for Rep.: 3 and Kfold: 2 are:  [+]
{'C': 0.25274590440479905, 'gamma': 0.0369931797333672}

---BEST PARAMETERS WRITED---
[+] PARAMETERS SELECTED MODEL SVC [+]

cs:  0.25274590440479905
ga:  0.0369931797333672
[+] TRAINING MODELS [+]

[+] Model Training: SVC


[+] MODEL PREDICTING svc


[+] CLASSIFICATION REPORT TEST svc

              precision    recall  f1-score   support

  background       0.76      0.95      0.85      6018
         dos       0.99      0.82      0.89        83
 nerisbotnet       0.95      0.86      0.90       119
        scan       0.87      0.57      0.69        35
     sshscan       0.00      0.00      0.00         5
     udpscan       0.00      0.00      0.00         1
        spam       0.86      0.77      0.81      3192

   micro avg       0.79      0.89      0.84      9453
   macro avg       0.63      0.57      0.59      9453
weighted avg       0.80      0.89      0.83      9453
 samples avg       0.82      0.89      0.84      9453


[+] CLASSIFICATION REPORT TRAIN svc

              precision    recall  f1-score   support

  background       0.76      0.96      0.85     24073
         dos       1.00      0.95      0.98       334
 nerisbotnet       0.97      0.89      0.93       475
        scan       0.98      0.90      0.94       141
     sshscan       0.00      0.00      0.00        22
     udpscan       1.00      1.00      1.00         8
        spam       0.89      0.82      0.86     12769

   micro avg       0.80      0.91      0.85     37822
   macro avg       0.80      0.79      0.79     37822
weighted avg       0.81      0.91      0.85     37822
 samples avg       0.84      0.91      0.86     37822


SUM SUPPORTS TEST:  9453
AUC_W TEST:  0.7641361987381141

SUM SUPPORTS TRAIN:  37822
AUC_W TRAIN:  0.7831093337928658

[+] Line added ...
[+] Line added ...
---FPR TEST WRITTEN---
---TPR TEST WRITTEN---
---FPR TRAIN WRITTEN---
---TPR TRAIN WRITTEN---
------------------
 [+] Time Stamp: --- REP: ---3--- Kfold: ---2--- Model: ---SVC--- FINISHED! [+]
------------------
Elapsed time (s):  119251.48001646996
[+] Finishing task at 2019-12-19 04:44:24.304349 (3,2)
