[+] Starting task at 2019-12-17 19:38:20.857126 (12,1)
[+] Reading datasets ...
[-]ugr16_multiclass.csv OK
[-]ugr16_multiclass_folds.csv OK
[-]ugr16_multiclass_folds_selecvars.csv OK
[+] Computing hyper-parameters for the classifier: SVC ...


[+] The best parameters for Rep.: 12 and Kfold: 1 are:  [+]
{'C': 0.4674037284107289, 'gamma': 0.007100688932755863}

---BEST PARAMETERS WRITED---
[+] PARAMETERS SELECTED MODEL SVC [+]

cs:  0.4674037284107289
ga:  0.007100688932755863
[+] TRAINING MODELS [+]

[+] Model Training: SVC


[+] MODEL PREDICTING svc


[+] CLASSIFICATION REPORT TEST svc

              precision    recall  f1-score   support

  background       0.84      0.93      0.88      6017
         dos       0.92      0.67      0.78        83
 nerisbotnet       0.97      0.87      0.92       119
        scan       0.94      0.43      0.59        35
     sshscan       0.00      0.00      0.00         5
     udpscan       1.00      0.50      0.67         2
        spam       0.84      0.53      0.65      3191

   micro avg       0.85      0.79      0.81      9452
   macro avg       0.79      0.56      0.64      9452
weighted avg       0.85      0.79      0.80      9452
 samples avg       0.78      0.79      0.78      9452


[+] CLASSIFICATION REPORT TRAIN svc

              precision    recall  f1-score   support

  background       0.85      0.94      0.89     24071
         dos       0.95      0.72      0.82       334
 nerisbotnet       0.97      0.89      0.93       475
        scan       0.99      0.94      0.97       141
     sshscan       0.00      0.00      0.00        22
     udpscan       1.00      0.57      0.73         7
        spam       0.86      0.54      0.66     12769

   micro avg       0.85      0.80      0.83     37819
   macro avg       0.80      0.66      0.71     37819
weighted avg       0.85      0.80      0.81     37819
 samples avg       0.80      0.80      0.80     37819


SUM SUPPORTS TEST:  9452
AUC_W TEST:  0.7880709524273817

SUM SUPPORTS TRAIN:  37819
AUC_W TRAIN:  0.7988146126921486

[+] Line added ...
[+] Line added ...
---FPR TEST WRITTEN---
---TPR TEST WRITTEN---
---FPR TRAIN WRITTEN---
---TPR TRAIN WRITTEN---
------------------
 [+] Time Stamp: --- REP: ---12--- Kfold: ---1--- Model: ---SVC--- FINISHED! [+]
------------------
Elapsed time (s):  126671.80938315392
[+] Finishing task at 2019-12-19 06:49:32.718202 (12,1)
