[+] Starting task at 2019-12-17 19:37:50.818733 (9,2)
[+] Reading datasets ...
[-]ugr16_multiclass.csv OK
[-]ugr16_multiclass_folds.csv OK
[-]ugr16_multiclass_folds_selecvars.csv OK
[+] Computing hyper-parameters for the classifier: SVC ...


[+] The best parameters for Rep.: 9 and Kfold: 2 are:  [+]
{'C': 0.3760875101607193, 'gamma': 0.008636364663405826}

---BEST PARAMETERS WRITED---
[+] PARAMETERS SELECTED MODEL SVC [+]

cs:  0.3760875101607193
ga:  0.008636364663405826
[+] TRAINING MODELS [+]

[+] Model Training: SVC


[+] MODEL PREDICTING svc


[+] CLASSIFICATION REPORT TEST svc

              precision    recall  f1-score   support

  background       0.83      0.93      0.88      6017
         dos       0.92      0.83      0.88        84
 nerisbotnet       0.97      0.88      0.93       119
        scan       1.00      0.49      0.65        35
     sshscan       0.00      0.00      0.00         6
     udpscan       1.00      0.50      0.67         2
        spam       0.83      0.61      0.70      3190

   micro avg       0.84      0.82      0.83      9453
   macro avg       0.79      0.61      0.67      9453
weighted avg       0.84      0.82      0.82      9453
 samples avg       0.81      0.82      0.81      9453


[+] CLASSIFICATION REPORT TRAIN svc

              precision    recall  f1-score   support

  background       0.83      0.94      0.88     24071
         dos       0.96      0.89      0.92       333
 nerisbotnet       0.99      0.97      0.98       475
        scan       0.98      0.87      0.92       141
     sshscan       1.00      0.33      0.50        21
     udpscan       1.00      0.57      0.73         7
        spam       0.86      0.60      0.71     12768

   micro avg       0.84      0.83      0.83     37816
   macro avg       0.95      0.74      0.81     37816
weighted avg       0.84      0.83      0.82     37816
 samples avg       0.82      0.83      0.82     37816


SUM SUPPORTS TEST:  9453
AUC_W TEST:  0.7948685174858949

SUM SUPPORTS TRAIN:  37816
AUC_W TRAIN:  0.7983852981456405

[+] Line added ...
[+] Line added ...
---FPR TEST WRITTEN---
---TPR TEST WRITTEN---
---FPR TRAIN WRITTEN---
---TPR TRAIN WRITTEN---
------------------
 [+] Time Stamp: --- REP: ---9--- Kfold: ---2--- Model: ---SVC--- FINISHED! [+]
------------------
Elapsed time (s):  128694.16891527176
[+] Finishing task at 2019-12-19 07:22:45.027502 (9,2)
