[+] Starting task at 2019-12-17 19:36:55.240000 (3,3)
[+] Reading datasets ...
[-]ugr16_multiclass.csv OK
[-]ugr16_multiclass_folds.csv OK
[-]ugr16_multiclass_folds_selecvars.csv OK
[+] Computing hyper-parameters for the classifier: SVC ...


[+] The best parameters for Rep.: 3 and Kfold: 3 are:  [+]
{'C': 0.8279913619781234, 'gamma': 0.005914543739189419}

---BEST PARAMETERS WRITED---
[+] PARAMETERS SELECTED MODEL SVC [+]

cs:  0.8279913619781234
ga:  0.005914543739189419
[+] TRAINING MODELS [+]

[+] Model Training: SVC


[+] MODEL PREDICTING svc


[+] CLASSIFICATION REPORT TEST svc

              precision    recall  f1-score   support

  background       0.84      0.93      0.89      6017
         dos       0.95      0.70      0.81        84
 nerisbotnet       0.98      0.88      0.93       119
        scan       1.00      0.09      0.16        35
     sshscan       0.00      0.00      0.00         6
     udpscan       0.00      0.00      0.00         2
        spam       0.86      0.72      0.79      3191

   micro avg       0.85      0.85      0.85      9454
   macro avg       0.66      0.48      0.51      9454
weighted avg       0.85      0.85      0.85      9454
 samples avg       0.84      0.85      0.85      9454


[+] CLASSIFICATION REPORT TRAIN svc

              precision    recall  f1-score   support

  background       0.86      0.94      0.89     24071
         dos       0.99      0.87      0.93       333
 nerisbotnet       0.96      0.88      0.92       475
        scan       1.00      1.00      1.00       141
     sshscan       1.00      1.00      1.00        21
     udpscan       1.00      0.71      0.83         7
        spam       0.88      0.78      0.83     12769

   micro avg       0.87      0.88      0.87     37817
   macro avg       0.96      0.88      0.91     37817
weighted avg       0.87      0.88      0.87     37817
 samples avg       0.86      0.88      0.87     37817


SUM SUPPORTS TEST:  9454
AUC_W TEST:  0.8220511124694488

SUM SUPPORTS TRAIN:  37817
AUC_W TRAIN:  0.8443249092408793

[+] Line added ...
[+] Line added ...
---FPR TEST WRITTEN---
---TPR TEST WRITTEN---
---FPR TRAIN WRITTEN---
---TPR TRAIN WRITTEN---
------------------
 [+] Time Stamp: --- REP: ---3--- Kfold: ---3--- Model: ---SVC--- FINISHED! [+]
------------------
Elapsed time (s):  138600.34774160385
[+] Finishing task at 2019-12-19 10:06:55.629571 (3,3)
