[+] Starting task at 2019-12-17 19:38:24.284744 (12,3)
[+] Reading datasets ...
[-]ugr16_multiclass.csv OK
[-]ugr16_multiclass_folds.csv OK
[-]ugr16_multiclass_folds_selecvars.csv OK
[+] Computing hyper-parameters for the classifier: SVC ...


[+] The best parameters for Rep.: 12 and Kfold: 3 are:  [+]
{'C': 0.5002270853632163, 'gamma': 0.002212542734877408}

---BEST PARAMETERS WRITED---
[+] PARAMETERS SELECTED MODEL SVC [+]

cs:  0.5002270853632163
ga:  0.002212542734877408
[+] TRAINING MODELS [+]

[+] Model Training: SVC


[+] MODEL PREDICTING svc


[+] CLASSIFICATION REPORT TEST svc

              precision    recall  f1-score   support

  background       0.87      0.93      0.90      6019
         dos       0.95      0.83      0.89        84
 nerisbotnet       0.98      0.94      0.96       119
        scan       1.00      0.81      0.89        36
     sshscan       0.00      0.00      0.00         6
     udpscan       0.00      0.00      0.00         2
        spam       0.84      0.64      0.73      3192

   micro avg       0.87      0.83      0.85      9458
   macro avg       0.66      0.59      0.62      9458
weighted avg       0.86      0.83      0.84      9458
 samples avg       0.82      0.83      0.82      9458


[+] CLASSIFICATION REPORT TRAIN svc

              precision    recall  f1-score   support

  background       0.90      0.94      0.92     24072
         dos       1.00      0.95      0.98       333
 nerisbotnet       0.98      0.94      0.96       475
        scan       0.98      0.90      0.94       140
     sshscan       1.00      1.00      1.00        21
     udpscan       1.00      0.71      0.83         7
        spam       0.85      0.63      0.72     12769

   micro avg       0.89      0.83      0.86     37817
   macro avg       0.96      0.87      0.91     37817
weighted avg       0.88      0.83      0.85     37817
 samples avg       0.83      0.83      0.83     37817


SUM SUPPORTS TEST:  9458
AUC_W TEST:  0.8303708114516972

SUM SUPPORTS TRAIN:  37817
AUC_W TRAIN:  0.8465900358083215

[+] Line added ...
[+] Line added ...
---FPR TEST WRITTEN---
---TPR TEST WRITTEN---
---FPR TRAIN WRITTEN---
---TPR TRAIN WRITTEN---
------------------
 [+] Time Stamp: --- REP: ---12--- Kfold: ---3--- Model: ---SVC--- FINISHED! [+]
------------------
Elapsed time (s):  123653.83503079414
[+] Finishing task at 2019-12-19 05:59:18.167788 (12,3)
