[+] Reading datasets ...
[-]ugr16_multiclass.csv OK
[-]ugr16_multiclass_folds.csv OK
[-]ugr16_multiclass_folds_selecvars.csv OK
[+] Calculating hyper-parameters for the classifier: RANDOM FOREST ...


[+] The best parameters for Rep.: 8 and Kfold: 3 are:  [+]
{'max_features': 2, 'n_estimators': 500}

---BEST PARAMETERS WRITED---
[+] PARAMETERS SELECTED MODEL RANDOM FOREST [+]

Max_Features:  2
[+] TRAINING MODELS [+]

[+] Model Training: RANDOM FOREST


[+] MODEL PREDICTING rf


[+] CLASSIFICATION REPORT TEST rf

              precision    recall  f1-score   support

  background       0.86      0.96      0.91      6018
         dos       0.97      0.36      0.53        83
 nerisbotnet       1.00      0.02      0.03       118
        scan       0.97      0.86      0.91        36
     sshscan       0.00      0.00      0.00         5
     udpscan       0.00      0.00      0.00         1
        spam       0.91      0.70      0.79      3192

   micro avg       0.88      0.86      0.87      9453
   macro avg       0.67      0.41      0.45      9453
weighted avg       0.88      0.86      0.86      9453
 samples avg       0.85      0.86      0.85      9453


[+] CLASSIFICATION REPORT TRAIN rf

              precision    recall  f1-score   support

  background       1.00      1.00      1.00     24073
         dos       1.00      1.00      1.00       334
 nerisbotnet       1.00      1.00      1.00       476
        scan       1.00      1.00      1.00       140
     sshscan       1.00      1.00      1.00        22
     udpscan       1.00      1.00      1.00         8
        spam       1.00      1.00      1.00     12769

   micro avg       1.00      1.00      1.00     37822
   macro avg       1.00      1.00      1.00     37822
weighted avg       1.00      1.00      1.00     37822
 samples avg       1.00      1.00      1.00     37822


SUM SUPPORTS TEST:  9453
AUC_W TEST:  0.8379549624373045

SUM SUPPORTS TRAIN:  37822
AUC_W TRAIN:  1.0

[+] Line added ...
[+] Line added ...
---FPR TEST WRITTEN---
---TPR TEST WRITTEN---
---FPR TRAIN WRITTEN---
---TPR TRAIN WRITTEN---
------------------
 [+] Time Stamp: --- REP: ---8--- Kfold: ---3--- Model: ---RANDOM FOREST--- FINISHED! [+]
------------------
Elapsed time:  0:24:41.542767
