[+] Reading datasets ...
[-]ugr16_multiclass.csv OK
[-]ugr16_multiclass_folds.csv OK
[-]ugr16_multiclass_folds_selecvars.csv OK
[+] Calculating hyper-parameters for the classifier: RANDOM FOREST ...


[+] The best parameters for Rep.: 8 and Kfold: 5 are:  [+]
{'max_features': 2, 'n_estimators': 500}

---BEST PARAMETERS WRITED---
[+] PARAMETERS SELECTED MODEL RANDOM FOREST [+]

Max_Features:  2
[+] TRAINING MODELS [+]

[+] Model Training: RANDOM FOREST


[+] MODEL PREDICTING rf


[+] CLASSIFICATION REPORT TEST rf

              precision    recall  f1-score   support

  background       0.87      0.96      0.91      6019
         dos       1.00      0.39      0.56        84
 nerisbotnet       1.00      0.01      0.02       119
        scan       1.00      0.94      0.97        35
     sshscan       0.00      0.00      0.00         5
     udpscan       0.00      0.00      0.00         2
        spam       0.92      0.73      0.81      3192

   micro avg       0.89      0.86      0.87      9456
   macro avg       0.68      0.43      0.47      9456
weighted avg       0.89      0.86      0.86      9456
 samples avg       0.86      0.86      0.86      9456


[+] CLASSIFICATION REPORT TRAIN rf

              precision    recall  f1-score   support

  background       1.00      1.00      1.00     24072
         dos       1.00      1.00      1.00       333
 nerisbotnet       1.00      1.00      1.00       475
        scan       1.00      1.00      1.00       141
     sshscan       1.00      1.00      1.00        22
     udpscan       1.00      1.00      1.00         7
        spam       1.00      1.00      1.00     12769

   micro avg       1.00      1.00      1.00     37819
   macro avg       1.00      1.00      1.00     37819
weighted avg       1.00      1.00      1.00     37819
 samples avg       1.00      1.00      1.00     37819


SUM SUPPORTS TEST:  9456
AUC_W TEST:  0.8474328828228449

SUM SUPPORTS TRAIN:  37819
AUC_W TRAIN:  1.0

[+] Line added ...
[+] Line added ...
---FPR TEST WRITTEN---
---TPR TEST WRITTEN---
---FPR TRAIN WRITTEN---
---TPR TRAIN WRITTEN---
------------------
 [+] Time Stamp: --- REP: ---8--- Kfold: ---5--- Model: ---RANDOM FOREST--- FINISHED! [+]
------------------
Elapsed time:  0:24:29.454455
