[+] Reading datasets ...
[-]ugr16_multiclass.csv OK
[-]ugr16_multiclass_folds.csv OK
[-]ugr16_multiclass_folds_selecvars.csv OK
[+] Calculating hyper-parameters for the classifier: RANDOM FOREST ...


[+] The best parameters for Rep.: 13 and Kfold: 4 are:  [+]
{'max_features': 2, 'n_estimators': 500}

---BEST PARAMETERS WRITED---
[+] PARAMETERS SELECTED MODEL RANDOM FOREST [+]

Max_Features:  2
[+] TRAINING MODELS [+]

[+] Model Training: RANDOM FOREST


[+] MODEL PREDICTING rf


[+] CLASSIFICATION REPORT TEST rf

              precision    recall  f1-score   support

  background       0.87      0.96      0.91      6018
         dos       1.00      0.35      0.51        84
 nerisbotnet       1.00      0.03      0.05       118
        scan       0.97      0.83      0.89        35
     sshscan       0.00      0.00      0.00         5
     udpscan       0.00      0.00      0.00         1
        spam       0.93      0.72      0.81      3191

   micro avg       0.88      0.86      0.87      9452
   macro avg       0.68      0.41      0.45      9452
weighted avg       0.89      0.86      0.86      9452
 samples avg       0.86      0.86      0.86      9452


[+] CLASSIFICATION REPORT TRAIN rf

              precision    recall  f1-score   support

  background       1.00      1.00      1.00     24070
         dos       1.00      1.00      1.00       333
 nerisbotnet       1.00      1.00      1.00       476
        scan       1.00      1.00      1.00       141
     sshscan       1.00      1.00      1.00        22
     udpscan       1.00      1.00      1.00         8
        spam       1.00      1.00      1.00     12769

   micro avg       1.00      1.00      1.00     37819
   macro avg       1.00      1.00      1.00     37819
weighted avg       1.00      1.00      1.00     37819
 samples avg       1.00      1.00      1.00     37819


SUM SUPPORTS TEST:  9452
AUC_W TEST:  0.8438169341030507

SUM SUPPORTS TRAIN:  37819
AUC_W TRAIN:  1.0

[+] Line added ...
[+] Line added ...
---FPR TEST WRITTEN---
---TPR TEST WRITTEN---
---FPR TRAIN WRITTEN---
---TPR TRAIN WRITTEN---
------------------
 [+] Time Stamp: --- REP: ---13--- Kfold: ---4--- Model: ---RANDOM FOREST--- FINISHED! [+]
------------------
Elapsed time:  0:24:39.215963
