[+] Reading datasets ...
[-]ugr16_multiclass.csv OK
[-]ugr16_multiclass_folds.csv OK
[-]ugr16_multiclass_folds_selecvars.csv OK
[+] Calculating hyper-parameters for the classifier: RANDOM FOREST ...


[+] The best parameters for Rep.: 12 and Kfold: 3 are:  [+]
{'max_features': 2, 'n_estimators': 500}

---BEST PARAMETERS WRITED---
[+] PARAMETERS SELECTED MODEL RANDOM FOREST [+]

Max_Features:  2
[+] TRAINING MODELS [+]

[+] Model Training: RANDOM FOREST


[+] MODEL PREDICTING rf


[+] CLASSIFICATION REPORT TEST rf

              precision    recall  f1-score   support

  background       0.88      0.96      0.92      6019
         dos       0.98      0.50      0.66        84
 nerisbotnet       1.00      0.03      0.05       119
        scan       0.94      0.86      0.90        36
     sshscan       0.00      0.00      0.00         6
     udpscan       0.00      0.00      0.00         2
        spam       0.91      0.73      0.81      3192

   micro avg       0.89      0.86      0.88      9458
   macro avg       0.67      0.44      0.48      9458
weighted avg       0.89      0.86      0.87      9458
 samples avg       0.86      0.86      0.86      9458


[+] CLASSIFICATION REPORT TRAIN rf

              precision    recall  f1-score   support

  background       1.00      1.00      1.00     24072
         dos       1.00      1.00      1.00       333
 nerisbotnet       1.00      1.00      1.00       475
        scan       1.00      1.00      1.00       140
     sshscan       1.00      1.00      1.00        21
     udpscan       1.00      1.00      1.00         7
        spam       1.00      1.00      1.00     12769

   micro avg       1.00      1.00      1.00     37817
   macro avg       1.00      1.00      1.00     37817
weighted avg       1.00      1.00      1.00     37817
 samples avg       1.00      1.00      1.00     37817


SUM SUPPORTS TEST:  9458
AUC_W TEST:  0.8540619325180868

SUM SUPPORTS TRAIN:  37817
AUC_W TRAIN:  1.0

[+] Line added ...
[+] Line added ...
---FPR TEST WRITTEN---
---TPR TEST WRITTEN---
---FPR TRAIN WRITTEN---
---TPR TRAIN WRITTEN---
------------------
 [+] Time Stamp: --- REP: ---12--- Kfold: ---3--- Model: ---RANDOM FOREST--- FINISHED! [+]
------------------
Elapsed time:  0:25:48.301426
