[+] Reading datasets ...
[-]ugr16_multiclass.csv OK
[-]ugr16_multiclass_folds.csv OK
[-]ugr16_multiclass_folds_selecvars.csv OK
[+] Calculating hyper-parameters for the classifier: RANDOM FOREST ...


[+] The best parameters for Rep.: 16 and Kfold: 4 are:  [+]
{'max_features': 2, 'n_estimators': 500}

---BEST PARAMETERS WRITED---
[+] PARAMETERS SELECTED MODEL RANDOM FOREST [+]

Max_Features:  2
[+] TRAINING MODELS [+]

[+] Model Training: RANDOM FOREST


[+] MODEL PREDICTING rf


[+] CLASSIFICATION REPORT TEST rf

              precision    recall  f1-score   support

  background       0.88      0.96      0.92      6018
         dos       1.00      0.39      0.56        83
 nerisbotnet       1.00      0.02      0.03       118
        scan       1.00      0.91      0.96        35
     sshscan       0.00      0.00      0.00         6
     udpscan       0.00      0.00      0.00         1
        spam       0.92      0.74      0.82      3190

   micro avg       0.89      0.87      0.88      9451
   macro avg       0.69      0.43      0.47      9451
weighted avg       0.90      0.87      0.87      9451
 samples avg       0.86      0.87      0.87      9451


[+] CLASSIFICATION REPORT TRAIN rf

              precision    recall  f1-score   support

  background       1.00      1.00      1.00     24070
         dos       1.00      1.00      1.00       334
 nerisbotnet       1.00      1.00      1.00       476
        scan       1.00      1.00      1.00       141
     sshscan       1.00      1.00      1.00        21
     udpscan       1.00      1.00      1.00         8
        spam       1.00      1.00      1.00     12768

   micro avg       1.00      1.00      1.00     37818
   macro avg       1.00      1.00      1.00     37818
weighted avg       1.00      1.00      1.00     37818
 samples avg       1.00      1.00      1.00     37818


SUM SUPPORTS TEST:  9451
AUC_W TEST:  0.8545352733238113

SUM SUPPORTS TRAIN:  37818
AUC_W TRAIN:  1.0

[+] Line added ...
[+] Line added ...
---FPR TEST WRITTEN---
---TPR TEST WRITTEN---
---FPR TRAIN WRITTEN---
---TPR TRAIN WRITTEN---
------------------
 [+] Time Stamp: --- REP: ---16--- Kfold: ---4--- Model: ---RANDOM FOREST--- FINISHED! [+]
------------------
Elapsed time:  0:25:23.045800
