[+] Reading datasets ...
[-]ugr16_multiclass.csv OK
[-]ugr16_multiclass_folds.csv OK
[-]ugr16_multiclass_folds_selecvars.csv OK
[+] Calculating hyper-parameters for the classifier: RANDOM FOREST ...


[+] The best parameters for Rep.: 9 and Kfold: 4 are:  [+]
{'max_features': 2, 'n_estimators': 500}

---BEST PARAMETERS WRITED---
[+] PARAMETERS SELECTED MODEL RANDOM FOREST [+]

Max_Features:  2
[+] TRAINING MODELS [+]

[+] Model Training: RANDOM FOREST


[+] MODEL PREDICTING rf


[+] CLASSIFICATION REPORT TEST rf

              precision    recall  f1-score   support

  background       0.88      0.96      0.92      6019
         dos       1.00      0.47      0.64        83
 nerisbotnet       1.00      0.03      0.05       118
        scan       0.89      0.92      0.90        36
     sshscan       0.00      0.00      0.00         5
     udpscan       0.00      0.00      0.00         2
        spam       0.92      0.73      0.81      3192

   micro avg       0.89      0.87      0.88      9455
   macro avg       0.67      0.44      0.48      9455
weighted avg       0.89      0.87      0.87      9455
 samples avg       0.86      0.87      0.87      9455


[+] CLASSIFICATION REPORT TRAIN rf

              precision    recall  f1-score   support

  background       1.00      1.00      1.00     24072
         dos       1.00      1.00      1.00       334
 nerisbotnet       1.00      1.00      1.00       476
        scan       1.00      1.00      1.00       140
     sshscan       1.00      1.00      1.00        22
     udpscan       1.00      1.00      1.00         7
        spam       1.00      1.00      1.00     12769

   micro avg       1.00      1.00      1.00     37820
   macro avg       1.00      1.00      1.00     37820
weighted avg       1.00      1.00      1.00     37820
 samples avg       1.00      1.00      1.00     37820


SUM SUPPORTS TEST:  9455
AUC_W TEST:  0.8531969417249892

SUM SUPPORTS TRAIN:  37820
AUC_W TRAIN:  1.0

[+] Line added ...
[+] Line added ...
---FPR TEST WRITTEN---
---TPR TEST WRITTEN---
---FPR TRAIN WRITTEN---
---TPR TRAIN WRITTEN---
------------------
 [+] Time Stamp: --- REP: ---9--- Kfold: ---4--- Model: ---RANDOM FOREST--- FINISHED! [+]
------------------
Elapsed time:  0:25:17.082404
