[+] Starting task at 2019-12-13 07:29:07.394469 (13,5)
[+] Reading datasets ...
[-]ugr16_multiclass.csv OK
[-]ugr16_multiclass_folds.csv OK
[-]ugr16_multiclass_folds_selecvars.csv OK
[+] Calculating hyper-parameters for the classifier: RANDOM FOREST ...


[+] The best parameters for Rep.: 13 and Kfold: 5 are:  [+]
{'max_features': 2, 'n_estimators': 300}

---BEST PARAMETERS WRITED---
[+] PARAMETERS SELECTED MODEL RANDOM FOREST [+]

Max_Features:  2
n_estimators:  300
[+] TRAINING MODELS [+]

[+] Model Training: RANDOM FOREST


[+] MODEL PREDICTING rf


[+] CLASSIFICATION REPORT TEST rf

              precision    recall  f1-score   support

  background       0.86      0.97      0.91      6017
         dos       1.00      0.50      0.67        84
 nerisbotnet       1.00      0.01      0.02       119
        scan       0.97      0.86      0.91        35
     sshscan       0.00      0.00      0.00         5
     udpscan       0.00      0.00      0.00         2
        spam       0.93      0.70      0.80      3192

   micro avg       0.88      0.86      0.87      9454
   macro avg       0.68      0.43      0.47      9454
weighted avg       0.89      0.86      0.86      9454
 samples avg       0.85      0.86      0.86      9454


[+] CLASSIFICATION REPORT TRAIN rf

              precision    recall  f1-score   support

  background       1.00      1.00      1.00     24073
         dos       1.00      1.00      1.00       333
 nerisbotnet       1.00      1.00      1.00       475
        scan       1.00      1.00      1.00       141
     sshscan       1.00      1.00      1.00        22
     udpscan       1.00      1.00      1.00         7
        spam       1.00      1.00      1.00     12768

   micro avg       1.00      1.00      1.00     37819
   macro avg       1.00      1.00      1.00     37819
weighted avg       1.00      1.00      1.00     37819
 samples avg       1.00      1.00      1.00     37819


SUM SUPPORTS TEST:  9454
AUC_W TEST:  0.8403957561297886

SUM SUPPORTS TRAIN:  37819
AUC_W TRAIN:  1.0

[+] Line added ...
[+] Line added ...
---FPR TEST WRITTEN---
---TPR TEST WRITTEN---
---FPR TRAIN WRITTEN---
---TPR TRAIN WRITTEN---
------------------
 [+] Time Stamp: --- REP: ---13--- Kfold: ---5--- Model: ---RANDOM FOREST--- FINISHED! [+]
------------------
Elapsed time (s):  4121.957609415054
[+] Finishing task at 2019-12-13 08:37:49.383929 (13,5)
