[+] Starting task at 2019-12-13 07:26:16.046102 (3,1)
[+] Reading datasets ...
[-]ugr16_multiclass.csv OK
[-]ugr16_multiclass_folds.csv OK
[-]ugr16_multiclass_folds_selecvars.csv OK
[+] Calculating hyper-parameters for the classifier: RANDOM FOREST ...


[+] The best parameters for Rep.: 3 and Kfold: 1 are:  [+]
{'max_features': 2, 'n_estimators': 300}

---BEST PARAMETERS WRITED---
[+] PARAMETERS SELECTED MODEL RANDOM FOREST [+]

Max_Features:  2
n_estimators:  300
[+] TRAINING MODELS [+]

[+] Model Training: RANDOM FOREST


[+] MODEL PREDICTING rf


[+] CLASSIFICATION REPORT TEST rf

              precision    recall  f1-score   support

  background       0.88      0.96      0.91      6018
         dos       1.00      0.38      0.55        84
 nerisbotnet       1.00      0.03      0.05       119
        scan       0.87      0.92      0.89        36
     sshscan       0.00      0.00      0.00         5
     udpscan       0.00      0.00      0.00         2
        spam       0.91      0.72      0.81      3193

   micro avg       0.89      0.86      0.87      9457
   macro avg       0.66      0.43      0.46      9457
weighted avg       0.89      0.86      0.86      9457
 samples avg       0.86      0.86      0.86      9457


[+] CLASSIFICATION REPORT TRAIN rf

              precision    recall  f1-score   support

  background       1.00      1.00      1.00     24073
         dos       1.00      1.00      1.00       333
 nerisbotnet       1.00      1.00      1.00       475
        scan       1.00      1.00      1.00       140
     sshscan       1.00      1.00      1.00        22
     udpscan       1.00      1.00      1.00         7
        spam       1.00      1.00      1.00     12768

   micro avg       1.00      1.00      1.00     37818
   macro avg       1.00      1.00      1.00     37818
weighted avg       1.00      1.00      1.00     37818
 samples avg       1.00      1.00      1.00     37818


SUM SUPPORTS TEST:  9457
AUC_W TEST:  0.8480913990278904

SUM SUPPORTS TRAIN:  37818
AUC_W TRAIN:  1.0

[+] Line added ...
[+] Line added ...
---FPR TEST WRITTEN---
---TPR TEST WRITTEN---
---FPR TRAIN WRITTEN---
---TPR TRAIN WRITTEN---
------------------
 [+] Time Stamp: --- REP: ---3--- Kfold: ---1--- Model: ---RANDOM FOREST--- FINISHED! [+]
------------------
Elapsed time (s):  3946.4061567783356
[+] Finishing task at 2019-12-13 08:32:02.483776 (3,1)
