[+] Starting task at 2019-12-12 21:15:06.819550 (17,1)
[+] Reading datasets ...
[-]ugr16_multiclass.csv OK
[-]ugr16_multiclass_folds.csv OK
[-]ugr16_multiclass_folds_selecvars.csv OK
[+] Calculating hyper-parameters for the classifier: LOGISTIC REGRESSION ...

[+] PARAMETERS SELECTED MODEL LOGISTIC REGRESSION [+]

Solver: lbfgs
Multi_class: auto
Penalty: none
[+] TRAINING MODELS [+]

[+] Model Training: LOGISTIC REGRESSION


[+] MODEL PREDICTING lr


[+] CLASSIFICATION REPORT TEST lr

              precision    recall  f1-score   support

  background       0.81      0.92      0.86      6016
         dos       0.94      0.94      0.94        84
 nerisbotnet       0.97      0.92      0.94       118
        scan       0.77      0.86      0.81        35
     sshscan       0.25      0.20      0.22         5
     udpscan       0.20      0.50      0.29         2
        spam       0.80      0.61      0.69      3191

   micro avg       0.81      0.82      0.82      9451
   macro avg       0.68      0.71      0.68      9451
weighted avg       0.81      0.82      0.81      9451
 samples avg       0.80      0.82      0.81      9451


[+] CLASSIFICATION REPORT TRAIN lr

              precision    recall  f1-score   support

  background       0.81      0.92      0.86     24072
         dos       0.99      0.94      0.96       333
 nerisbotnet       0.98      0.88      0.93       476
        scan       1.00      0.99      0.99       141
     sshscan       0.00      0.00      0.00        22
     udpscan       1.00      1.00      1.00         7
        spam       0.81      0.59      0.69     12767

   micro avg       0.82      0.81      0.81     37818
   macro avg       0.80      0.76      0.78     37818
weighted avg       0.82      0.81      0.81     37818
 samples avg       0.80      0.81      0.81     37818


SUM SUPPORTS TEST:  9451
AUC_W TEST:  0.7774434918610887

SUM SUPPORTS TRAIN:  37818
AUC_W TRAIN:  0.7755527196373075

[+] Line added ...
[+] Line added ...
---FPR TEST WRITTEN---
---TPR TEST WRITTEN---
---FPR TRAIN WRITTEN---
---TPR TRAIN WRITTEN---
------------------
 [+] Time Stamp: --- REP: ---17--- Kfold: ---1--- Model: ---LOGISTIC REGRESSION--- FINISHED! [+]
------------------
Elapsed time (s):  8.512555837631226
[+] Finishing task at 2019-12-12 21:15:15.368233 (17,1)
