[+] Starting task at 2019-12-12 21:12:10.388970 (8,3)
[+] Reading datasets ...
[-]ugr16_multiclass.csv OK
[-]ugr16_multiclass_folds.csv OK
[-]ugr16_multiclass_folds_selecvars.csv OK
[+] Calculating hyper-parameters for the classifier: LOGISTIC REGRESSION ...

[+] PARAMETERS SELECTED MODEL LOGISTIC REGRESSION [+]

Solver: lbfgs
Multi_class: auto
Penalty: none
[+] TRAINING MODELS [+]

[+] Model Training: LOGISTIC REGRESSION


[+] MODEL PREDICTING lr


[+] CLASSIFICATION REPORT TEST lr

              precision    recall  f1-score   support

  background       0.81      0.91      0.86      6018
         dos       0.91      0.94      0.92        83
 nerisbotnet       0.99      0.88      0.93       118
        scan       0.78      0.89      0.83        36
     sshscan       0.00      0.00      0.00         5
     udpscan       0.11      1.00      0.20         1
        spam       0.77      0.61      0.68      3192

   micro avg       0.80      0.81      0.80      9453
   macro avg       0.62      0.75      0.63      9453
weighted avg       0.80      0.81      0.80      9453
 samples avg       0.79      0.81      0.80      9453


[+] CLASSIFICATION REPORT TRAIN lr

              precision    recall  f1-score   support

  background       0.81      0.92      0.87     24073
         dos       1.00      0.94      0.97       334
 nerisbotnet       0.98      0.91      0.94       476
        scan       1.00      1.00      1.00       140
     sshscan       1.00      0.05      0.09        22
     udpscan       1.00      1.00      1.00         8
        spam       0.81      0.60      0.69     12769

   micro avg       0.82      0.81      0.82     37822
   macro avg       0.94      0.77      0.79     37822
weighted avg       0.82      0.81      0.81     37822
 samples avg       0.80      0.81      0.81     37822


SUM SUPPORTS TEST:  9453
AUC_W TEST:  0.7683961937137759

SUM SUPPORTS TRAIN:  37822
AUC_W TRAIN:  0.7774396304973724

[+] Line added ...
[+] Line added ...
---FPR TEST WRITTEN---
---TPR TEST WRITTEN---
---FPR TRAIN WRITTEN---
---TPR TRAIN WRITTEN---
------------------
 [+] Time Stamp: --- REP: ---8--- Kfold: ---3--- Model: ---LOGISTIC REGRESSION--- FINISHED! [+]
------------------
Elapsed time (s):  36.88297986984253
[+] Finishing task at 2019-12-12 21:12:47.329363 (8,3)
