[+] Starting task at 2019-12-12 21:14:07.555461 (16,1)
[+] Reading datasets ...
[-]ugr16_multiclass.csv OK
[-]ugr16_multiclass_folds.csv OK
[-]ugr16_multiclass_folds_selecvars.csv OK
[+] Calculating hyper-parameters for the classifier: LOGISTIC REGRESSION ...

[+] PARAMETERS SELECTED MODEL LOGISTIC REGRESSION [+]

Solver: lbfgs
Multi_class: auto
Penalty: none
[+] TRAINING MODELS [+]

[+] Model Training: LOGISTIC REGRESSION


[+] MODEL PREDICTING lr


[+] CLASSIFICATION REPORT TEST lr

              precision    recall  f1-score   support

  background       0.81      0.92      0.87      6018
         dos       1.00      0.96      0.98        84
 nerisbotnet       0.94      0.89      0.91       119
        scan       0.73      0.89      0.80        36
     sshscan       0.00      0.00      0.00         6
     udpscan       0.00      0.00      0.00         2
        spam       0.79      0.61      0.69      3191

   micro avg       0.81      0.82      0.81      9456
   macro avg       0.61      0.61      0.61      9456
weighted avg       0.81      0.82      0.81      9456
 samples avg       0.80      0.82      0.81      9456


[+] CLASSIFICATION REPORT TRAIN lr

              precision    recall  f1-score   support

  background       0.81      0.92      0.86     24073
         dos       0.99      0.93      0.96       333
 nerisbotnet       0.98      0.91      0.95       475
        scan       1.00      1.00      1.00       140
     sshscan       0.00      0.00      0.00        21
     udpscan       1.00      1.00      1.00         7
        spam       0.81      0.60      0.69     12768

   micro avg       0.82      0.81      0.81     37817
   macro avg       0.80      0.77      0.78     37817
weighted avg       0.82      0.81      0.81     37817
 samples avg       0.80      0.81      0.81     37817


SUM SUPPORTS TEST:  9456
AUC_W TEST:  0.7778171902289293

SUM SUPPORTS TRAIN:  37817
AUC_W TRAIN:  0.7760763351690654

[+] Line added ...
[+] Line added ...
---FPR TEST WRITTEN---
---TPR TEST WRITTEN---
---FPR TRAIN WRITTEN---
---TPR TRAIN WRITTEN---
------------------
 [+] Time Stamp: --- REP: ---16--- Kfold: ---1--- Model: ---LOGISTIC REGRESSION--- FINISHED! [+]
------------------
Elapsed time (s):  29.435315132141113
[+] Finishing task at 2019-12-12 21:14:37.019328 (16,1)
