[+] Starting task at 2019-12-12 21:31:52.683247 (20,5)
[+] Reading datasets ...
[-]ugr16_multiclass.csv OK
[-]ugr16_multiclass_folds.csv OK
[-]ugr16_multiclass_folds_selecvars.csv OK
[+] Calculating hyper-parameters for the classifier: LOGISTIC REGRESSION ...

[+] PARAMETERS SELECTED MODEL LOGISTIC REGRESSION [+]

Solver: lbfgs
Multi_class: auto
Penalty: none
[+] TRAINING MODELS [+]

[+] Model Training: LOGISTIC REGRESSION


[+] MODEL PREDICTING lr


[+] CLASSIFICATION REPORT TEST lr

              precision    recall  f1-score   support

  background       0.82      0.93      0.87      6017
         dos       0.90      0.87      0.88        84
 nerisbotnet       0.96      0.86      0.91       118
        scan       0.73      0.97      0.83        36
     sshscan       0.00      0.00      0.00         6
     udpscan       0.00      0.00      0.00         2
        spam       0.80      0.62      0.70      3191

   micro avg       0.82      0.82      0.82      9454
   macro avg       0.60      0.61      0.60      9454
weighted avg       0.81      0.82      0.81      9454
 samples avg       0.81      0.82      0.81      9454


[+] CLASSIFICATION REPORT TRAIN lr

              precision    recall  f1-score   support

  background       0.81      0.92      0.86     24072
         dos       1.00      0.95      0.97       333
 nerisbotnet       0.98      0.92      0.95       476
        scan       1.00      0.98      0.99       140
     sshscan       1.00      0.05      0.09        21
     udpscan       1.00      1.00      1.00         7
        spam       0.81      0.60      0.69     12768

   micro avg       0.82      0.81      0.81     37817
   macro avg       0.94      0.77      0.79     37817
weighted avg       0.82      0.81      0.81     37817
 samples avg       0.80      0.81      0.81     37817


SUM SUPPORTS TEST:  9454
AUC_W TEST:  0.7832581574788038

SUM SUPPORTS TRAIN:  37817
AUC_W TRAIN:  0.7763028854324648

[+] Line added ...
[+] Line added ...
---FPR TEST WRITTEN---
---TPR TEST WRITTEN---
---FPR TRAIN WRITTEN---
---TPR TRAIN WRITTEN---
------------------
 [+] Time Stamp: --- REP: ---20--- Kfold: ---5--- Model: ---LOGISTIC REGRESSION--- FINISHED! [+]
------------------
Elapsed time (s):  32.12368130683899
[+] Finishing task at 2019-12-12 21:32:24.833948 (20,5)
