[+] Starting task at 2019-12-12 21:07:30.562478 (1,4)
[+] Reading datasets ...
[-]ugr16_multiclass.csv OK
[-]ugr16_multiclass_folds.csv OK
[-]ugr16_multiclass_folds_selecvars.csv OK
[+] Calculating hyper-parameters for the classifier: LOGISTIC REGRESSION ...

[+] PARAMETERS SELECTED MODEL LOGISTIC REGRESSION [+]

Solver: lbfgs
Multi_class: auto
Penalty: none
[+] TRAINING MODELS [+]

[+] Model Training: LOGISTIC REGRESSION


[+] MODEL PREDICTING lr


[+] CLASSIFICATION REPORT TEST lr

              precision    recall  f1-score   support

  background       0.81      0.91      0.86      6017
         dos       0.99      0.94      0.96        84
 nerisbotnet       0.97      0.88      0.92       118
        scan       0.83      0.86      0.85        35
     sshscan       0.00      0.00      0.00         5
     udpscan       0.00      0.00      0.00         2
        spam       0.80      0.58      0.67      3192

   micro avg       0.81      0.80      0.81      9453
   macro avg       0.63      0.60      0.61      9453
weighted avg       0.81      0.80      0.80      9453
 samples avg       0.79      0.80      0.79      9453


[+] CLASSIFICATION REPORT TRAIN lr

              precision    recall  f1-score   support

  background       0.82      0.92      0.87     24072
         dos       0.99      0.93      0.96       333
 nerisbotnet       0.98      0.92      0.95       476
        scan       1.00      1.00      1.00       141
     sshscan       0.00      0.00      0.00        22
     udpscan       1.00      1.00      1.00         7
        spam       0.81      0.60      0.69     12769

   micro avg       0.82      0.82      0.82     37820
   macro avg       0.80      0.77      0.78     37820
weighted avg       0.82      0.82      0.81     37820
 samples avg       0.81      0.82      0.81     37820


SUM SUPPORTS TEST:  9453
AUC_W TEST:  0.7701562450397248

SUM SUPPORTS TRAIN:  37820
AUC_W TRAIN:  0.7799103977557337

[+] Line added ...
[+] Line added ...
---FPR TEST WRITTEN---
---TPR TEST WRITTEN---
---FPR TRAIN WRITTEN---
---TPR TRAIN WRITTEN---
------------------
 [+] Time Stamp: --- REP: ---1--- Kfold: ---4--- Model: ---LOGISTIC REGRESSION--- FINISHED! [+]
------------------
Elapsed time (s):  16.913472414016724
[+] Finishing task at 2019-12-12 21:07:47.518739 (1,4)
