[+] Starting task at 2019-12-12 21:15:35.637652 (19,2)
[+] Reading datasets ...
[-]ugr16_multiclass.csv OK
[-]ugr16_multiclass_folds.csv OK
[-]ugr16_multiclass_folds_selecvars.csv OK
[+] Calculating hyper-parameters for the classifier: LOGISTIC REGRESSION ...

[+] PARAMETERS SELECTED MODEL LOGISTIC REGRESSION [+]

Solver: lbfgs
Multi_class: auto
Penalty: none
[+] TRAINING MODELS [+]

[+] Model Training: LOGISTIC REGRESSION


[+] MODEL PREDICTING lr


[+] CLASSIFICATION REPORT TEST lr

              precision    recall  f1-score   support

  background       0.81      0.91      0.86      6017
         dos       0.93      0.95      0.94        83
 nerisbotnet       0.96      0.80      0.87       118
        scan       0.77      0.86      0.81        35
     sshscan       0.00      0.00      0.00         5
     udpscan       0.50      0.50      0.50         2
        spam       0.79      0.61      0.69      3192

   micro avg       0.81      0.81      0.81      9452
   macro avg       0.68      0.66      0.67      9452
weighted avg       0.81      0.81      0.80      9452
 samples avg       0.80      0.81      0.80      9452


[+] CLASSIFICATION REPORT TRAIN lr

              precision    recall  f1-score   support

  background       0.82      0.92      0.87     24073
         dos       0.99      0.94      0.96       334
 nerisbotnet       0.98      0.91      0.95       476
        scan       1.00      0.97      0.99       141
     sshscan       0.00      0.00      0.00        22
     udpscan       1.00      1.00      1.00         7
        spam       0.81      0.60      0.69     12768

   micro avg       0.82      0.81      0.82     37821
   macro avg       0.80      0.76      0.78     37821
weighted avg       0.82      0.81      0.81     37821
 samples avg       0.80      0.81      0.81     37821


SUM SUPPORTS TEST:  9452
AUC_W TEST:  0.7731942292193129

SUM SUPPORTS TRAIN:  37821
AUC_W TRAIN:  0.7783183888700551

[+] Line added ...
[+] Line added ...
---FPR TEST WRITTEN---
---TPR TEST WRITTEN---
---FPR TRAIN WRITTEN---
---TPR TRAIN WRITTEN---
------------------
 [+] Time Stamp: --- REP: ---19--- Kfold: ---2--- Model: ---LOGISTIC REGRESSION--- FINISHED! [+]
------------------
Elapsed time (s):  31.450237274169922
[+] Finishing task at 2019-12-12 21:16:07.140316 (19,2)
