[+] Starting task at 2019-12-12 21:12:36.563854 (12,3)
[+] Reading datasets ...
[-]ugr16_multiclass.csv OK
[-]ugr16_multiclass_folds.csv OK
[-]ugr16_multiclass_folds_selecvars.csv OK
[+] Calculating hyper-parameters for the classifier: LOGISTIC REGRESSION ...

[+] PARAMETERS SELECTED MODEL LOGISTIC REGRESSION [+]

Solver: lbfgs
Multi_class: auto
Penalty: none
[+] TRAINING MODELS [+]

[+] Model Training: LOGISTIC REGRESSION


[+] MODEL PREDICTING lr


[+] CLASSIFICATION REPORT TEST lr

              precision    recall  f1-score   support

  background       0.82      0.92      0.87      6019
         dos       0.94      0.88      0.91        84
 nerisbotnet       0.97      0.90      0.93       119
        scan       0.81      0.83      0.82        36
     sshscan       0.00      0.00      0.00         6
     udpscan       0.00      0.00      0.00         2
        spam       0.79      0.64      0.71      3192

   micro avg       0.82      0.82      0.82      9458
   macro avg       0.62      0.60      0.61      9458
weighted avg       0.81      0.82      0.81      9458
 samples avg       0.81      0.82      0.81      9458


[+] CLASSIFICATION REPORT TRAIN lr

              precision    recall  f1-score   support

  background       0.81      0.92      0.86     24072
         dos       1.00      0.95      0.97       333
 nerisbotnet       0.98      0.89      0.93       475
        scan       1.00      0.99      0.99       140
     sshscan       1.00      0.05      0.09        21
     udpscan       1.00      1.00      1.00         7
        spam       0.81      0.59      0.69     12769

   micro avg       0.82      0.81      0.81     37817
   macro avg       0.94      0.77      0.79     37817
weighted avg       0.82      0.81      0.81     37817
 samples avg       0.80      0.81      0.81     37817


SUM SUPPORTS TEST:  9458
AUC_W TEST:  0.7852011594281879

SUM SUPPORTS TRAIN:  37817
AUC_W TRAIN:  0.775049175577804

[+] Line added ...
[+] Line added ...
---FPR TEST WRITTEN---
---TPR TEST WRITTEN---
---FPR TRAIN WRITTEN---
---TPR TRAIN WRITTEN---
------------------
 [+] Time Stamp: --- REP: ---12--- Kfold: ---3--- Model: ---LOGISTIC REGRESSION--- FINISHED! [+]
------------------
Elapsed time (s):  5.847830772399902
[+] Finishing task at 2019-12-12 21:12:42.448104 (12,3)
