[+] Starting task at 2019-12-12 21:12:10.422799 (9,2)
[+] Reading datasets ...
[-]ugr16_multiclass.csv OK
[-]ugr16_multiclass_folds.csv OK
[-]ugr16_multiclass_folds_selecvars.csv OK
[+] Calculating hyper-parameters for the classifier: LOGISTIC REGRESSION ...

[+] PARAMETERS SELECTED MODEL LOGISTIC REGRESSION [+]

Solver: lbfgs
Multi_class: auto
Penalty: none
[+] TRAINING MODELS [+]

[+] Model Training: LOGISTIC REGRESSION


[+] MODEL PREDICTING lr


[+] CLASSIFICATION REPORT TEST lr

              precision    recall  f1-score   support

  background       0.82      0.91      0.86      6017
         dos       0.93      0.92      0.92        84
 nerisbotnet       0.95      0.87      0.91       119
        scan       0.89      0.97      0.93        35
     sshscan       0.00      0.00      0.00         6
     udpscan       0.17      0.50      0.25         2
        spam       0.79      0.62      0.69      3190

   micro avg       0.81      0.81      0.81      9453
   macro avg       0.65      0.68      0.65      9453
weighted avg       0.81      0.81      0.81      9453
 samples avg       0.80      0.81      0.80      9453


[+] CLASSIFICATION REPORT TRAIN lr

              precision    recall  f1-score   support

  background       0.81      0.92      0.86     24071
         dos       1.00      0.95      0.97       333
 nerisbotnet       0.98      0.91      0.94       475
        scan       1.00      0.96      0.98       141
     sshscan       1.00      0.05      0.09        21
     udpscan       1.00      1.00      1.00         7
        spam       0.81      0.60      0.69     12768

   micro avg       0.82      0.81      0.81     37816
   macro avg       0.94      0.77      0.79     37816
weighted avg       0.82      0.81      0.81     37816
 samples avg       0.80      0.81      0.81     37816


SUM SUPPORTS TEST:  9453
AUC_W TEST:  0.7792395163142108

SUM SUPPORTS TRAIN:  37816
AUC_W TRAIN:  0.7765380966524631

[+] Line added ...
[+] Line added ...
---FPR TEST WRITTEN---
---TPR TEST WRITTEN---
---FPR TRAIN WRITTEN---
---TPR TRAIN WRITTEN---
------------------
 [+] Time Stamp: --- REP: ---9--- Kfold: ---2--- Model: ---LOGISTIC REGRESSION--- FINISHED! [+]
------------------
Elapsed time (s):  38.70036721229553
[+] Finishing task at 2019-12-12 21:12:49.162924 (9,2)
