[+] Starting task at 2019-12-12 21:13:25.434416 (14,2)
[+] Reading datasets ...
[-]ugr16_multiclass.csv OK
[-]ugr16_multiclass_folds.csv OK
[-]ugr16_multiclass_folds_selecvars.csv OK
[+] Calculating hyper-parameters for the classifier: LOGISTIC REGRESSION ...

[+] PARAMETERS SELECTED MODEL LOGISTIC REGRESSION [+]

Solver: lbfgs
Multi_class: auto
Penalty: none
[+] TRAINING MODELS [+]

[+] Model Training: LOGISTIC REGRESSION


[+] MODEL PREDICTING lr


[+] CLASSIFICATION REPORT TEST lr

              precision    recall  f1-score   support

  background       0.82      0.92      0.86      6018
         dos       0.94      0.95      0.95        84
 nerisbotnet       0.96      0.92      0.94       118
        scan       0.91      0.89      0.90        36
     sshscan       0.00      0.00      0.00         6
     udpscan       0.33      0.50      0.40         2
        spam       0.79      0.62      0.69      3190

   micro avg       0.81      0.81      0.81      9454
   macro avg       0.68      0.68      0.68      9454
weighted avg       0.81      0.81      0.81      9454
 samples avg       0.80      0.81      0.81      9454


[+] CLASSIFICATION REPORT TRAIN lr

              precision    recall  f1-score   support

  background       0.82      0.92      0.87     24070
         dos       1.00      0.94      0.97       333
 nerisbotnet       0.98      0.90      0.94       476
        scan       1.00      0.99      1.00       140
     sshscan       0.00      0.00      0.00        21
     udpscan       1.00      1.00      1.00         7
        spam       0.81      0.60      0.69     12768

   micro avg       0.82      0.82      0.82     37815
   macro avg       0.80      0.77      0.78     37815
weighted avg       0.82      0.82      0.81     37815
 samples avg       0.81      0.82      0.81     37815


SUM SUPPORTS TEST:  9454
AUC_W TEST:  0.7782908961236908

SUM SUPPORTS TRAIN:  37815
AUC_W TRAIN:  0.7800893371995697

[+] Line added ...
[+] Line added ...
---FPR TEST WRITTEN---
---TPR TEST WRITTEN---
---FPR TRAIN WRITTEN---
---TPR TRAIN WRITTEN---
------------------
 [+] Time Stamp: --- REP: ---14--- Kfold: ---2--- Model: ---LOGISTIC REGRESSION--- FINISHED! [+]
------------------
Elapsed time (s):  29.04896092414856
[+] Finishing task at 2019-12-12 21:13:54.508924 (14,2)
