[+] Starting task at 2019-12-12 21:12:10.422740 (9,1)
[+] Reading datasets ...
[-]ugr16_multiclass.csv OK
[-]ugr16_multiclass_folds.csv OK
[-]ugr16_multiclass_folds_selecvars.csv OK
[+] Calculating hyper-parameters for the classifier: LOGISTIC REGRESSION ...

[+] PARAMETERS SELECTED MODEL LOGISTIC REGRESSION [+]

Solver: lbfgs
Multi_class: auto
Penalty: none
[+] TRAINING MODELS [+]

[+] Model Training: LOGISTIC REGRESSION


[+] MODEL PREDICTING lr


[+] CLASSIFICATION REPORT TEST lr

              precision    recall  f1-score   support

  background       0.82      0.92      0.86      6016
         dos       0.92      0.87      0.89        83
 nerisbotnet       0.96      0.91      0.94       119
        scan       0.80      0.91      0.85        35
     sshscan       0.00      0.00      0.00         6
     udpscan       0.25      0.50      0.33         2
        spam       0.80      0.62      0.70      3193

   micro avg       0.81      0.82      0.81      9454
   macro avg       0.65      0.68      0.65      9454
weighted avg       0.81      0.82      0.81      9454
 samples avg       0.80      0.82      0.81      9454


[+] CLASSIFICATION REPORT TRAIN lr

              precision    recall  f1-score   support

  background       0.82      0.92      0.87     24072
         dos       1.00      0.96      0.98       334
 nerisbotnet       0.98      0.90      0.94       475
        scan       1.00      0.97      0.99       141
     sshscan       1.00      0.05      0.09        21
     udpscan       1.00      1.00      1.00         7
        spam       0.81      0.60      0.69     12767

   micro avg       0.82      0.81      0.82     37817
   macro avg       0.94      0.77      0.79     37817
weighted avg       0.82      0.81      0.81     37817
 samples avg       0.81      0.81      0.81     37817


SUM SUPPORTS TEST:  9454
AUC_W TEST:  0.7790149180345237

SUM SUPPORTS TRAIN:  37817
AUC_W TRAIN:  0.7785356570650734

[+] Line added ...
[+] Line added ...
---FPR TEST WRITTEN---
---TPR TEST WRITTEN---
---FPR TRAIN WRITTEN---
---TPR TRAIN WRITTEN---
------------------
 [+] Time Stamp: --- REP: ---9--- Kfold: ---1--- Model: ---LOGISTIC REGRESSION--- FINISHED! [+]
------------------
Elapsed time (s):  36.04511284828186
[+] Finishing task at 2019-12-12 21:12:46.535051 (9,1)
