[+] Starting task at 2019-12-12 21:13:11.458803 (13,1)
[+] Reading datasets ...
[-]ugr16_multiclass.csv OK
[-]ugr16_multiclass_folds.csv OK
[-]ugr16_multiclass_folds_selecvars.csv OK
[+] Calculating hyper-parameters for the classifier: LOGISTIC REGRESSION ...

[+] PARAMETERS SELECTED MODEL LOGISTIC REGRESSION [+]

Solver: lbfgs
Multi_class: auto
Penalty: none
[+] TRAINING MODELS [+]

[+] Model Training: LOGISTIC REGRESSION


[+] MODEL PREDICTING lr


[+] CLASSIFICATION REPORT TEST lr

              precision    recall  f1-score   support

  background       0.82      0.92      0.87      6018
         dos       0.94      0.93      0.93        83
 nerisbotnet       0.96      0.89      0.93       119
        scan       0.80      0.94      0.87        35
     sshscan       0.00      0.00      0.00         6
     udpscan       0.20      1.00      0.33         2
        spam       0.80      0.61      0.70      3192

   micro avg       0.81      0.82      0.82      9455
   macro avg       0.65      0.76      0.66      9455
weighted avg       0.81      0.82      0.81      9455
 samples avg       0.80      0.82      0.81      9455


[+] CLASSIFICATION REPORT TRAIN lr

              precision    recall  f1-score   support

  background       0.82      0.92      0.86     24073
         dos       1.00      0.95      0.97       334
 nerisbotnet       0.98      0.91      0.95       475
        scan       1.00      0.98      0.99       141
     sshscan       0.00      0.00      0.00        21
     udpscan       1.00      1.00      1.00         7
        spam       0.81      0.60      0.69     12767

   micro avg       0.82      0.81      0.82     37818
   macro avg       0.80      0.77      0.78     37818
weighted avg       0.82      0.81      0.81     37818
 samples avg       0.80      0.81      0.81     37818


SUM SUPPORTS TEST:  9455
AUC_W TEST:  0.7796013321062628

SUM SUPPORTS TRAIN:  37818
AUC_W TRAIN:  0.7780299346791812

[+] Line added ...
[+] Line added ...
---FPR TEST WRITTEN---
---TPR TEST WRITTEN---
---FPR TRAIN WRITTEN---
---TPR TRAIN WRITTEN---
------------------
 [+] Time Stamp: --- REP: ---13--- Kfold: ---1--- Model: ---LOGISTIC REGRESSION--- FINISHED! [+]
------------------
Elapsed time (s):  23.383405685424805
[+] Finishing task at 2019-12-12 21:13:34.869952 (13,1)
