[+] Starting task at 2019-12-12 21:16:08.920067 (20,2)
[+] Reading datasets ...
[-]ugr16_multiclass.csv OK
[-]ugr16_multiclass_folds.csv OK
[-]ugr16_multiclass_folds_selecvars.csv OK
[+] Calculating hyper-parameters for the classifier: LOGISTIC REGRESSION ...

[+] PARAMETERS SELECTED MODEL LOGISTIC REGRESSION [+]

Solver: lbfgs
Multi_class: auto
Penalty: none
[+] TRAINING MODELS [+]

[+] Model Training: LOGISTIC REGRESSION


[+] MODEL PREDICTING lr


[+] CLASSIFICATION REPORT TEST lr

              precision    recall  f1-score   support

  background       0.81      0.92      0.86      6017
         dos       0.95      0.93      0.94        84
 nerisbotnet       0.96      0.87      0.91       119
        scan       0.82      0.91      0.86        35
     sshscan       0.00      0.00      0.00         5
     udpscan       0.25      1.00      0.40         2
        spam       0.81      0.59      0.68      3191

   micro avg       0.81      0.81      0.81      9453
   macro avg       0.66      0.75      0.67      9453
weighted avg       0.81      0.81      0.80      9453
 samples avg       0.80      0.81      0.80      9453


[+] CLASSIFICATION REPORT TRAIN lr

              precision    recall  f1-score   support

  background       0.82      0.92      0.87     24072
         dos       0.99      0.94      0.97       333
 nerisbotnet       0.99      0.92      0.95       475
        scan       1.00      0.98      0.99       141
     sshscan       0.00      0.00      0.00        22
     udpscan       1.00      1.00      1.00         7
        spam       0.81      0.60      0.69     12768

   micro avg       0.82      0.81      0.82     37818
   macro avg       0.80      0.77      0.78     37818
weighted avg       0.82      0.81      0.81     37818
 samples avg       0.80      0.81      0.81     37818


SUM SUPPORTS TEST:  9453
AUC_W TEST:  0.7742852319525011

SUM SUPPORTS TRAIN:  37818
AUC_W TRAIN:  0.7782742914602726

[+] Line added ...
[+] Line added ...
---FPR TEST WRITTEN---
---TPR TEST WRITTEN---
---FPR TRAIN WRITTEN---
---TPR TRAIN WRITTEN---
------------------
 [+] Time Stamp: --- REP: ---20--- Kfold: ---2--- Model: ---LOGISTIC REGRESSION--- FINISHED! [+]
------------------
Elapsed time (s):  38.49709868431091
[+] Finishing task at 2019-12-12 21:16:47.451294 (20,2)
