[+] Starting task at 2019-12-12 21:16:12.042633 (20,3)
[+] Reading datasets ...
[-]ugr16_multiclass.csv OK
[-]ugr16_multiclass_folds.csv OK
[-]ugr16_multiclass_folds_selecvars.csv OK
[+] Calculating hyper-parameters for the classifier: LOGISTIC REGRESSION ...

[+] PARAMETERS SELECTED MODEL LOGISTIC REGRESSION [+]

Solver: lbfgs
Multi_class: auto
Penalty: none
[+] TRAINING MODELS [+]

[+] Model Training: LOGISTIC REGRESSION


[+] MODEL PREDICTING lr


[+] CLASSIFICATION REPORT TEST lr

              precision    recall  f1-score   support

  background       0.82      0.91      0.86      6018
         dos       0.94      0.93      0.93        83
 nerisbotnet       0.91      0.90      0.90       119
        scan       0.79      0.94      0.86        35
     sshscan       0.00      0.00      0.00         6
     udpscan       0.33      1.00      0.50         1
        spam       0.79      0.62      0.69      3192

   micro avg       0.81      0.81      0.81      9454
   macro avg       0.65      0.76      0.68      9454
weighted avg       0.81      0.81      0.81      9454
 samples avg       0.80      0.81      0.80      9454


[+] CLASSIFICATION REPORT TRAIN lr

              precision    recall  f1-score   support

  background       0.82      0.92      0.87     24073
         dos       1.00      0.93      0.96       334
 nerisbotnet       0.98      0.90      0.94       475
        scan       1.00      0.98      0.99       141
     sshscan       0.50      0.05      0.09        21
     udpscan       1.00      1.00      1.00         8
        spam       0.81      0.60      0.69     12769

   micro avg       0.82      0.81      0.82     37821
   macro avg       0.87      0.77      0.79     37821
weighted avg       0.82      0.81      0.81     37821
 samples avg       0.81      0.81      0.81     37821


SUM SUPPORTS TEST:  9454
AUC_W TEST:  0.7793208110206133

SUM SUPPORTS TRAIN:  37821
AUC_W TRAIN:  0.7785672176775813

[+] Line added ...
[+] Line added ...
---FPR TEST WRITTEN---
---TPR TEST WRITTEN---
---FPR TRAIN WRITTEN---
---TPR TRAIN WRITTEN---
------------------
 [+] Time Stamp: --- REP: ---20--- Kfold: ---3--- Model: ---LOGISTIC REGRESSION--- FINISHED! [+]
------------------
Elapsed time (s):  26.859885215759277
[+] Finishing task at 2019-12-12 21:16:38.941967 (20,3)
