[+] Starting task at 2019-12-12 21:13:06.628463 (12,4)
[+] Reading datasets ...
[-]ugr16_multiclass.csv OK
[-]ugr16_multiclass_folds.csv OK
[-]ugr16_multiclass_folds_selecvars.csv OK
[+] Calculating hyper-parameters for the classifier: LOGISTIC REGRESSION ...

[+] PARAMETERS SELECTED MODEL LOGISTIC REGRESSION [+]

Solver: lbfgs
Multi_class: auto
Penalty: none
[+] TRAINING MODELS [+]

[+] Model Training: LOGISTIC REGRESSION


[+] MODEL PREDICTING lr


[+] CLASSIFICATION REPORT TEST lr

              precision    recall  f1-score   support

  background       0.82      0.93      0.87      6018
         dos       0.96      0.94      0.95        84
 nerisbotnet       0.97      0.90      0.93       119
        scan       0.80      0.94      0.87        35
     sshscan       0.00      0.00      0.00         5
     udpscan       0.11      1.00      0.20         1
        spam       0.81      0.61      0.70      3193

   micro avg       0.82      0.82      0.82      9455
   macro avg       0.64      0.76      0.65      9455
weighted avg       0.82      0.82      0.81      9455
 samples avg       0.81      0.82      0.81      9455


[+] CLASSIFICATION REPORT TRAIN lr

              precision    recall  f1-score   support

  background       0.81      0.92      0.86     24073
         dos       0.99      0.94      0.97       333
 nerisbotnet       0.98      0.89      0.93       475
        scan       1.00      0.99      0.99       141
     sshscan       0.00      0.00      0.00        22
     udpscan       1.00      1.00      1.00         8
        spam       0.81      0.59      0.69     12768

   micro avg       0.82      0.81      0.81     37820
   macro avg       0.80      0.76      0.78     37820
weighted avg       0.82      0.81      0.81     37820
 samples avg       0.80      0.81      0.80     37820


SUM SUPPORTS TEST:  9455
AUC_W TEST:  0.7808654336006554

SUM SUPPORTS TRAIN:  37820
AUC_W TRAIN:  0.7744931801926735

[+] Line added ...
[+] Line added ...
---FPR TEST WRITTEN---
---TPR TEST WRITTEN---
---FPR TRAIN WRITTEN---
---TPR TRAIN WRITTEN---
------------------
 [+] Time Stamp: --- REP: ---12--- Kfold: ---4--- Model: ---LOGISTIC REGRESSION--- FINISHED! [+]
------------------
Elapsed time (s):  7.543921232223511
[+] Finishing task at 2019-12-12 21:13:14.196442 (12,4)
