[+] Starting task at 2019-12-12 21:57:44.303837 (12,5)
[+] Reading datasets ...
[-]ugr16_multiclass.csv OK
[-]ugr16_multiclass_folds.csv OK
[-]ugr16_multiclass_folds_selecvars.csv OK
[+] Calculating hyper-parameters for the classifier: SVC ...


[+] The best parameters for Rep.: 12 and Kfold: 5 are:  [+]
{'C': 1, 'gamma': 1}

---BEST PARAMETERS WRITED---
[+] PARAMETERS SELECTED MODEL SVC [+]

cs:  1.0
ga:  1.0
[+] TRAINING MODELS [+]

[+] Model Training: SVC


[+] MODEL PREDICTING svc


[+] CLASSIFICATION REPORT TEST svc

              precision    recall  f1-score   support

  background       0.64      1.00      0.78      6017
         dos       0.00      0.00      0.00        83
 nerisbotnet       0.00      0.00      0.00       119
        scan       0.00      0.00      0.00        35
     sshscan       0.00      0.00      0.00         5
     udpscan       0.00      0.00      0.00         2
        spam       1.00      0.00      0.00      3191

   micro avg       0.64      0.64      0.64      9452
   macro avg       0.23      0.14      0.11      9452
weighted avg       0.74      0.64      0.50      9452
 samples avg       0.64      0.64      0.64      9452


[+] CLASSIFICATION REPORT TRAIN svc

              precision    recall  f1-score   support

  background       1.00      1.00      1.00     24072
         dos       1.00      1.00      1.00       334
 nerisbotnet       1.00      1.00      1.00       475
        scan       1.00      1.00      1.00       141
     sshscan       1.00      1.00      1.00        22
     udpscan       1.00      1.00      1.00         7
        spam       1.00      1.00      1.00     12768

   micro avg       1.00      1.00      1.00     37819
   macro avg       1.00      1.00      1.00     37819
weighted avg       1.00      1.00      1.00     37819
 samples avg       1.00      1.00      1.00     37819


SUM SUPPORTS TEST:  9452
AUC_W TEST:  0.5001455604075692

SUM SUPPORTS TRAIN:  37819
AUC_W TRAIN:  1.0

[+] Line added ...
[+] Line added ...
---FPR TEST WRITTEN---
---TPR TEST WRITTEN---
---FPR TRAIN WRITTEN---
---TPR TRAIN WRITTEN---
------------------
 [+] Time Stamp: --- REP: ---12--- Kfold: ---5--- Model: ---SVC--- FINISHED! [+]
------------------
Elapsed time (s):  132891.33257627487
[+] Finishing task at 2019-12-14 10:52:35.658214 (12,5)
