Traceback (most recent call last):
  File "../main.py", line 475, in <module>
    main(args)
  File "../main.py", line 214, in main
    tmodeldef.fit(X_train_scaled, y_train_bina)
  File "/apps/anaconda3-python3.7/lib/python3.7/site-packages/sklearn/multiclass.py", line 216, in fit
    for i, column in enumerate(columns))
  File "/apps/anaconda3-python3.7/lib/python3.7/site-packages/joblib/parallel.py", line 921, in __call__
    if self.dispatch_one_batch(iterator):
  File "/apps/anaconda3-python3.7/lib/python3.7/site-packages/joblib/parallel.py", line 759, in dispatch_one_batch
    self._dispatch(tasks)
  File "/apps/anaconda3-python3.7/lib/python3.7/site-packages/joblib/parallel.py", line 716, in _dispatch
    job = self._backend.apply_async(batch, callback=cb)
  File "/apps/anaconda3-python3.7/lib/python3.7/site-packages/joblib/_parallel_backends.py", line 182, in apply_async
    result = ImmediateResult(func)
  File "/apps/anaconda3-python3.7/lib/python3.7/site-packages/joblib/_parallel_backends.py", line 549, in __init__
    self.results = batch()
  File "/apps/anaconda3-python3.7/lib/python3.7/site-packages/joblib/parallel.py", line 225, in __call__
    for func, args, kwargs in self.items]
  File "/apps/anaconda3-python3.7/lib/python3.7/site-packages/joblib/parallel.py", line 225, in <listcomp>
    for func, args, kwargs in self.items]
  File "/apps/anaconda3-python3.7/lib/python3.7/site-packages/sklearn/multiclass.py", line 80, in _fit_binary
    estimator.fit(X, y)
  File "/apps/anaconda3-python3.7/lib/python3.7/site-packages/sklearn/svm/base.py", line 209, in fit
    fit(X, y, sample_weight, solver_type, kernel, random_seed=seed)
  File "/apps/anaconda3-python3.7/lib/python3.7/site-packages/sklearn/svm/base.py", line 268, in _dense_fit
    max_iter=self.max_iter, random_seed=random_seed)
  File "sklearn/svm/libsvm.pyx", line 186, in sklearn.svm.libsvm.fit
ValueError: C <= 0
