[+] Reading datasets ...
[-]ugr16_multiclass.csv OK
[-]ugr16_multiclass_folds.csv OK
[-]ugr16_multiclass_folds_selecvars.csv OK
[+] Calculating hyper-parameters for the classifier: LOGISTIC REGRESSION ...

[+] PARAMETERS SELECTED MODEL LOGISTIC REGRESSION [+]

Solver: lbfgs
Multi_class: auto
Penalty: none
[+] TRAINING MODELS [+]

[+] Model Training: LOGISTIC REGRESSION


[+] MODEL PREDICTING lr


[+] CLASSIFICATION REPORT TEST lr

              precision    recall  f1-score   support

  background       0.82      0.91      0.86      6018
         dos       0.89      0.93      0.91        84
 nerisbotnet       0.96      0.87      0.91       119
        scan       0.82      0.89      0.85        36
     sshscan       0.00      0.00      0.00         5
     udpscan       0.07      0.50      0.12         2
        spam       0.79      0.62      0.69      3193

   micro avg       0.81      0.81      0.81      9457
   macro avg       0.62      0.67      0.62      9457
weighted avg       0.81      0.81      0.81      9457
 samples avg       0.80      0.81      0.81      9457


[+] CLASSIFICATION REPORT TRAIN lr

              precision    recall  f1-score   support

  background       0.81      0.92      0.87     24073
         dos       1.00      0.95      0.97       333
 nerisbotnet       0.98      0.90      0.94       475
        scan       1.00      0.97      0.99       140
     sshscan       1.00      0.05      0.09        22
     udpscan       1.00      1.00      1.00         7
        spam       0.81      0.60      0.69     12768

   micro avg       0.82      0.82      0.82     37818
   macro avg       0.94      0.77      0.79     37818
weighted avg       0.82      0.82      0.81     37818
 samples avg       0.81      0.82      0.81     37818


SUM SUPPORTS TEST:  9457
AUC_W TEST:  0.7773377757965876

SUM SUPPORTS TRAIN:  37818
AUC_W TRAIN:  0.778721454382163

[+] Line added ...
[+] Line added ...
---FPR TEST WRITTEN---
---TPR TEST WRITTEN---
---FPR TRAIN WRITTEN---
---TPR TRAIN WRITTEN---
------------------
 [+] Time Stamp: --- REP: ---3--- Kfold: ---1--- Model: ---LOGISTIC REGRESSION--- FINISHED! [+]
------------------
Elapsed time:  0:00:34.776491
