[+] Reading datasets ...
[-]ugr16_multiclass.csv OK
[-]ugr16_multiclass_folds.csv OK
[-]ugr16_multiclass_folds_selecvars.csv OK
[+] Calculating hyper-parameters for the classifier: LOGISTIC REGRESSION ...

[+] PARAMETERS SELECTED MODEL LOGISTIC REGRESSION [+]

Solver: lbfgs
Multi_class: auto
Penalty: none
[+] TRAINING MODELS [+]

[+] Model Training: LOGISTIC REGRESSION


[+] MODEL PREDICTING lr


[+] CLASSIFICATION REPORT TEST lr

              precision    recall  f1-score   support

  background       0.81      0.92      0.86      6018
         dos       0.96      0.94      0.95        84
 nerisbotnet       0.95      0.91      0.93       119
        scan       0.86      0.83      0.85        36
     sshscan       0.00      0.00      0.00         5
     udpscan       0.00      0.00      0.00         2
        spam       0.80      0.61      0.69      3192

   micro avg       0.81      0.81      0.81      9456
   macro avg       0.62      0.60      0.61      9456
weighted avg       0.81      0.81      0.80      9456
 samples avg       0.80      0.81      0.81      9456


[+] CLASSIFICATION REPORT TRAIN lr

              precision    recall  f1-score   support

  background       0.82      0.92      0.87     24071
         dos       1.00      0.95      0.97       333
 nerisbotnet       0.98      0.91      0.95       475
        scan       1.00      0.97      0.99       140
     sshscan       1.00      0.05      0.09        22
     udpscan       1.00      1.00      1.00         7
        spam       0.81      0.60      0.69     12767

   micro avg       0.82      0.81      0.82     37815
   macro avg       0.94      0.77      0.79     37815
weighted avg       0.82      0.81      0.81     37815
 samples avg       0.80      0.81      0.81     37815


SUM SUPPORTS TEST:  9456
AUC_W TEST:  0.7724377255339575

SUM SUPPORTS TRAIN:  37815
AUC_W TRAIN:  0.7781469460295058

[+] Line added ...
[+] Line added ...
---FPR TEST WRITTEN---
---TPR TEST WRITTEN---
---FPR TRAIN WRITTEN---
---TPR TRAIN WRITTEN---
------------------
 [+] Time Stamp: --- REP: ---1--- Kfold: ---1--- Model: ---LOGISTIC REGRESSION--- FINISHED! [+]
------------------
Elapsed time:  0:00:36.865686
