[+] Reading datasets ...
[-]ugr16_multiclass.csv OK
[-]ugr16_multiclass_folds.csv OK
[-]ugr16_multiclass_folds_selecvars.csv OK
[+] Calculating hyper-parameters for the classifier: LOGISTIC REGRESSION ...

[+] PARAMETERS SELECTED MODEL LOGISTIC REGRESSION [+]

Solver: lbfgs
Multi_class: auto
Penalty: none
[+] TRAINING MODELS [+]

[+] Model Training: LOGISTIC REGRESSION


[+] MODEL PREDICTING lr


[+] CLASSIFICATION REPORT TEST lr

              precision    recall  f1-score   support

  background       0.82      0.92      0.87      6016
         dos       0.91      0.94      0.92        84
 nerisbotnet       0.96      0.89      0.93       118
        scan       0.76      0.86      0.81        36
     sshscan       0.00      0.00      0.00         5
     udpscan       0.00      0.00      0.00         2
        spam       0.80      0.62      0.70      3192

   micro avg       0.81      0.82      0.82      9453
   macro avg       0.61      0.60      0.60      9453
weighted avg       0.81      0.82      0.81      9453
 samples avg       0.81      0.82      0.81      9453


[+] CLASSIFICATION REPORT TRAIN lr

              precision    recall  f1-score   support

  background       0.81      0.92      0.86     24072
         dos       0.99      0.94      0.96       333
 nerisbotnet       0.98      0.92      0.95       476
        scan       1.00      1.00      1.00       140
     sshscan       0.00      0.00      0.00        22
     udpscan       1.00      1.00      1.00         7
        spam       0.81      0.60      0.69     12768

   micro avg       0.82      0.81      0.81     37818
   macro avg       0.80      0.77      0.78     37818
weighted avg       0.82      0.81      0.81     37818
 samples avg       0.80      0.81      0.81     37818


SUM SUPPORTS TEST:  9453
AUC_W TEST:  0.7807079609751882

SUM SUPPORTS TRAIN:  37818
AUC_W TRAIN:  0.7770432008918448

[+] Line added ...
[+] Line added ...
---FPR TEST WRITTEN---
---TPR TEST WRITTEN---
---FPR TRAIN WRITTEN---
---TPR TRAIN WRITTEN---
------------------
 [+] Time Stamp: --- REP: ---18--- Kfold: ---3--- Model: ---LOGISTIC REGRESSION--- FINISHED! [+]
------------------
Elapsed time:  0:00:42.307597
