[+] Reading datasets ...
[-]ugr16_multiclass.csv OK
[-]ugr16_multiclass_folds.csv OK
[-]ugr16_multiclass_folds_selecvars.csv OK
[+] Calculating hyper-parameters for the classifier: LOGISTIC REGRESSION ...

[+] PARAMETERS SELECTED MODEL LOGISTIC REGRESSION [+]

Solver: lbfgs
Multi_class: auto
Penalty: none
[+] TRAINING MODELS [+]

[+] Model Training: LOGISTIC REGRESSION


[+] MODEL PREDICTING lr


[+] CLASSIFICATION REPORT TEST lr

              precision    recall  f1-score   support

  background       0.82      0.92      0.87      6019
         dos       0.93      0.85      0.89        84
 nerisbotnet       0.96      0.93      0.94       119
        scan       0.89      0.91      0.90        35
     sshscan       0.00      0.00      0.00         5
     udpscan       0.33      0.50      0.40         2
        spam       0.81      0.59      0.68      3192

   micro avg       0.82      0.81      0.81      9456
   macro avg       0.68      0.67      0.67      9456
weighted avg       0.82      0.81      0.81      9456
 samples avg       0.80      0.81      0.80      9456


[+] CLASSIFICATION REPORT TRAIN lr

              precision    recall  f1-score   support

  background       0.81      0.92      0.87     24072
         dos       1.00      0.95      0.97       333
 nerisbotnet       0.98      0.91      0.94       475
        scan       1.00      0.98      0.99       141
     sshscan       0.00      0.00      0.00        22
     udpscan       1.00      1.00      1.00         7
        spam       0.81      0.60      0.69     12769

   micro avg       0.82      0.81      0.81     37819
   macro avg       0.80      0.76      0.78     37819
weighted avg       0.82      0.81      0.81     37819
 samples avg       0.80      0.81      0.81     37819


SUM SUPPORTS TEST:  9456
AUC_W TEST:  0.7785216686853625

SUM SUPPORTS TRAIN:  37819
AUC_W TRAIN:  0.7766882556577122

[+] Line added ...
[+] Line added ...
---FPR TEST WRITTEN---
---TPR TEST WRITTEN---
---FPR TRAIN WRITTEN---
---TPR TRAIN WRITTEN---
------------------
 [+] Time Stamp: --- REP: ---8--- Kfold: ---5--- Model: ---LOGISTIC REGRESSION--- FINISHED! [+]
------------------
Elapsed time:  0:01:04.633896
