[+] Reading datasets ...
[-]ugr16_multiclass.csv OK
[-]ugr16_multiclass_folds.csv OK
[-]ugr16_multiclass_folds_selecvars.csv OK
[+] Calculating hyper-parameters for the classifier: LOGISTIC REGRESSION ...

[+] PARAMETERS SELECTED MODEL LOGISTIC REGRESSION [+]

Solver: lbfgs
Multi_class: auto
Penalty: none
[+] TRAINING MODELS [+]

[+] Model Training: LOGISTIC REGRESSION


[+] MODEL PREDICTING lr


[+] CLASSIFICATION REPORT TEST lr

              precision    recall  f1-score   support

  background       0.82      0.92      0.86      6018
         dos       0.92      0.87      0.89        83
 nerisbotnet       0.96      0.86      0.91       118
        scan       0.82      0.94      0.88        35
     sshscan       0.00      0.00      0.00         6
     udpscan       0.00      0.00      0.00         1
        spam       0.81      0.59      0.69      3190

   micro avg       0.82      0.81      0.81      9451
   macro avg       0.62      0.60      0.61      9451
weighted avg       0.82      0.81      0.81      9451
 samples avg       0.80      0.81      0.80      9451


[+] CLASSIFICATION REPORT TRAIN lr

              precision    recall  f1-score   support

  background       0.82      0.92      0.87     24070
         dos       0.99      0.96      0.98       334
 nerisbotnet       0.98      0.91      0.94       476
        scan       1.00      0.98      0.99       141
     sshscan       0.00      0.00      0.00        21
     udpscan       1.00      1.00      1.00         8
        spam       0.81      0.59      0.69     12768

   micro avg       0.82      0.81      0.81     37818
   macro avg       0.80      0.77      0.78     37818
weighted avg       0.82      0.81      0.81     37818
 samples avg       0.80      0.81      0.81     37818


SUM SUPPORTS TEST:  9451
AUC_W TEST:  0.7772093502738204

SUM SUPPORTS TRAIN:  37818
AUC_W TRAIN:  0.7773693856201123

[+] Line added ...
[+] Line added ...
---FPR TEST WRITTEN---
---TPR TEST WRITTEN---
---FPR TRAIN WRITTEN---
---TPR TRAIN WRITTEN---
------------------
 [+] Time Stamp: --- REP: ---16--- Kfold: ---4--- Model: ---LOGISTIC REGRESSION--- FINISHED! [+]
------------------
Elapsed time:  0:00:45.384085
