[+] Reading datasets ...
[-]ugr16_multiclass.csv OK
[-]ugr16_multiclass_folds.csv OK
[-]ugr16_multiclass_folds_selecvars.csv OK
[+] Calculating hyper-parameters for the classifier: LOGISTIC REGRESSION ...

[+] PARAMETERS SELECTED MODEL LOGISTIC REGRESSION [+]

Solver: lbfgs
Multi_class: auto
Penalty: none
[+] TRAINING MODELS [+]

[+] Model Training: LOGISTIC REGRESSION


[+] MODEL PREDICTING lr


[+] CLASSIFICATION REPORT TEST lr

              precision    recall  f1-score   support

  background       0.81      0.92      0.86      6017
         dos       0.91      0.93      0.92        83
 nerisbotnet       0.92      0.87      0.89       119
        scan       0.89      0.94      0.92        35
     sshscan       0.00      0.00      0.00         5
     udpscan       0.33      1.00      0.50         1
        spam       0.79      0.61      0.69      3191

   micro avg       0.81      0.81      0.81      9451
   macro avg       0.66      0.75      0.68      9451
weighted avg       0.81      0.81      0.80      9451
 samples avg       0.80      0.81      0.81      9451


[+] CLASSIFICATION REPORT TRAIN lr

              precision    recall  f1-score   support

  background       0.81      0.92      0.87     24071
         dos       0.99      0.93      0.96       334
 nerisbotnet       0.98      0.93      0.95       475
        scan       1.00      0.96      0.98       141
     sshscan       0.00      0.00      0.00        22
     udpscan       1.00      1.00      1.00         8
        spam       0.81      0.60      0.69     12769

   micro avg       0.82      0.81      0.82     37820
   macro avg       0.80      0.76      0.78     37820
weighted avg       0.82      0.81      0.81     37820
 samples avg       0.80      0.81      0.81     37820


SUM SUPPORTS TEST:  9451
AUC_W TEST:  0.7750108166773891

SUM SUPPORTS TRAIN:  37820
AUC_W TRAIN:  0.7781602773280522

[+] Line added ...
[+] Line added ...
---FPR TEST WRITTEN---
---TPR TEST WRITTEN---
---FPR TRAIN WRITTEN---
---TPR TRAIN WRITTEN---
------------------
 [+] Time Stamp: --- REP: ---17--- Kfold: ---5--- Model: ---LOGISTIC REGRESSION--- FINISHED! [+]
------------------
Elapsed time:  0:00:47.376450
