[+] Reading datasets ...
[-]ugr16_multiclass.csv OK
[-]ugr16_multiclass_folds.csv OK
[-]ugr16_multiclass_folds_selecvars.csv OK
[+] Calculating hyper-parameters for the classifier: LOGISTIC REGRESSION ...

[+] PARAMETERS SELECTED MODEL LOGISTIC REGRESSION [+]

Solver: lbfgs
Multi_class: auto
Penalty: none
[+] TRAINING MODELS [+]

[+] Model Training: LOGISTIC REGRESSION


[+] MODEL PREDICTING lr


[+] CLASSIFICATION REPORT TEST lr

              precision    recall  f1-score   support

  background       0.81      0.92      0.86      6018
         dos       0.90      0.93      0.91        84
 nerisbotnet       0.94      0.90      0.92       119
        scan       0.82      0.91      0.86        35
     sshscan       0.00      0.00      0.00         6
     udpscan       0.00      0.00      0.00         2
        spam       0.79      0.61      0.69      3191

   micro avg       0.81      0.82      0.81      9455
   macro avg       0.61      0.61      0.61      9455
weighted avg       0.81      0.82      0.80      9455
 samples avg       0.80      0.82      0.81      9455


[+] CLASSIFICATION REPORT TRAIN lr

              precision    recall  f1-score   support

  background       0.82      0.92      0.87     24072
         dos       0.99      0.95      0.97       333
 nerisbotnet       0.98      0.92      0.95       475
        scan       1.00      1.00      1.00       141
     sshscan       0.00      0.00      0.00        21
     udpscan       1.00      1.00      1.00         7
        spam       0.81      0.60      0.69     12767

   micro avg       0.82      0.81      0.82     37816
   macro avg       0.80      0.77      0.78     37816
weighted avg       0.82      0.81      0.81     37816
 samples avg       0.80      0.81      0.81     37816


SUM SUPPORTS TEST:  9455
AUC_W TEST:  0.7750477948269762

SUM SUPPORTS TRAIN:  37816
AUC_W TRAIN:  0.7776413170877692

[+] Line added ...
[+] Line added ...
---FPR TEST WRITTEN---
---TPR TEST WRITTEN---
---FPR TRAIN WRITTEN---
---TPR TRAIN WRITTEN---
------------------
 [+] Time Stamp: --- REP: ---4--- Kfold: ---4--- Model: ---LOGISTIC REGRESSION--- FINISHED! [+]
------------------
Elapsed time:  0:00:37.273040
