[+] Reading datasets ...
[-]ugr16_multiclass.csv OK
[-]ugr16_multiclass_folds.csv OK
[-]ugr16_multiclass_folds_selecvars.csv OK
[+] Calculating hyper-parameters for the classifier: LOGISTIC REGRESSION ...

[+] PARAMETERS SELECTED MODEL LOGISTIC REGRESSION [+]

Solver: lbfgs
Multi_class: auto
Penalty: none
[+] TRAINING MODELS [+]

[+] Model Training: LOGISTIC REGRESSION


[+] MODEL PREDICTING lr


[+] CLASSIFICATION REPORT TEST lr

              precision    recall  f1-score   support

  background       0.82      0.92      0.87      6017
         dos       0.92      0.86      0.89        84
 nerisbotnet       0.98      0.88      0.93       119
        scan       0.85      0.94      0.89        35
     sshscan       0.00      0.00      0.00         6
     udpscan       0.00      0.00      0.00         2
        spam       0.80      0.62      0.70      3191

   micro avg       0.81      0.82      0.82      9454
   macro avg       0.62      0.60      0.61      9454
weighted avg       0.81      0.82      0.81      9454
 samples avg       0.81      0.82      0.81      9454


[+] CLASSIFICATION REPORT TRAIN lr

              precision    recall  f1-score   support

  background       0.81      0.92      0.86     24071
         dos       0.99      0.96      0.98       333
 nerisbotnet       0.98      0.89      0.93       475
        scan       1.00      0.97      0.99       141
     sshscan       0.00      0.00      0.00        21
     udpscan       1.00      1.00      1.00         7
        spam       0.81      0.60      0.69     12769

   micro avg       0.82      0.81      0.81     37817
   macro avg       0.80      0.76      0.78     37817
weighted avg       0.82      0.81      0.81     37817
 samples avg       0.80      0.81      0.81     37817


SUM SUPPORTS TEST:  9454
AUC_W TEST:  0.7801910879563827

SUM SUPPORTS TRAIN:  37817
AUC_W TRAIN:  0.776648490068833

[+] Line added ...
[+] Line added ...
---FPR TEST WRITTEN---
---TPR TEST WRITTEN---
---FPR TRAIN WRITTEN---
---TPR TRAIN WRITTEN---
------------------
 [+] Time Stamp: --- REP: ---3--- Kfold: ---3--- Model: ---LOGISTIC REGRESSION--- FINISHED! [+]
------------------
Elapsed time:  0:00:37.789081
