[+] Reading datasets ...
[-]ugr16_multiclass.csv OK
[-]ugr16_multiclass_folds.csv OK
[-]ugr16_multiclass_folds_selecvars.csv OK
[+] Calculating hyper-parameters for the classifier: LOGISTIC REGRESSION ...

[+] PARAMETERS SELECTED MODEL LOGISTIC REGRESSION [+]

Solver: lbfgs
Multi_class: auto
Penalty: none
[+] TRAINING MODELS [+]

[+] Model Training: LOGISTIC REGRESSION


[+] MODEL PREDICTING lr


[+] CLASSIFICATION REPORT TEST lr

              precision    recall  f1-score   support

  background       0.81      0.91      0.86      6018
         dos       0.96      0.93      0.94        83
 nerisbotnet       0.97      0.92      0.94       119
        scan       0.82      0.94      0.88        35
     sshscan       0.00      0.00      0.00         6
     udpscan       0.25      0.50      0.33         2
        spam       0.79      0.61      0.69      3192

   micro avg       0.81      0.81      0.81      9455
   macro avg       0.66      0.69      0.66      9455
weighted avg       0.81      0.81      0.80      9455
 samples avg       0.80      0.81      0.80      9455


[+] CLASSIFICATION REPORT TRAIN lr

              precision    recall  f1-score   support

  background       0.82      0.92      0.87     24073
         dos       0.99      0.95      0.97       334
 nerisbotnet       0.98      0.89      0.94       475
        scan       1.00      0.99      1.00       141
     sshscan       0.00      0.00      0.00        21
     udpscan       1.00      1.00      1.00         7
        spam       0.81      0.60      0.69     12769

   micro avg       0.82      0.81      0.82     37820
   macro avg       0.80      0.77      0.78     37820
weighted avg       0.82      0.81      0.81     37820
 samples avg       0.81      0.81      0.81     37820


SUM SUPPORTS TEST:  9455
AUC_W TEST:  0.7751140366858572

SUM SUPPORTS TRAIN:  37820
AUC_W TRAIN:  0.7797000508434372

[+] Line added ...
[+] Line added ...
---FPR TEST WRITTEN---
---TPR TEST WRITTEN---
---FPR TRAIN WRITTEN---
---TPR TRAIN WRITTEN---
------------------
 [+] Time Stamp: --- REP: ---8--- Kfold: ---2--- Model: ---LOGISTIC REGRESSION--- FINISHED! [+]
------------------
Elapsed time:  0:01:04.647376
