[+] Reading datasets ...
[-]ugr16_multiclass.csv OK
[-]ugr16_multiclass_folds.csv OK
[-]ugr16_multiclass_folds_selecvars.csv OK
[+] Calculating hyper-parameters for the classifier: LOGISTIC REGRESSION ...

[+] PARAMETERS SELECTED MODEL LOGISTIC REGRESSION [+]

Solver: lbfgs
Multi_class: auto
Penalty: none
[+] TRAINING MODELS [+]

[+] Model Training: LOGISTIC REGRESSION


[+] MODEL PREDICTING lr


[+] CLASSIFICATION REPORT TEST lr

              precision    recall  f1-score   support

  background       0.81      0.91      0.86      6017
         dos       0.94      0.96      0.95        83
 nerisbotnet       0.97      0.87      0.92       119
        scan       0.75      0.86      0.80        35
     sshscan       0.00      0.00      0.00         6
     udpscan       0.14      0.50      0.22         2
        spam       0.79      0.60      0.68      3192

   micro avg       0.81      0.81      0.81      9454
   macro avg       0.63      0.67      0.63      9454
weighted avg       0.81      0.81      0.80      9454
 samples avg       0.80      0.81      0.80      9454


[+] CLASSIFICATION REPORT TRAIN lr

              precision    recall  f1-score   support

  background       0.82      0.92      0.87     24072
         dos       1.00      0.93      0.96       334
 nerisbotnet       0.98      0.91      0.94       475
        scan       1.00      1.00      1.00       141
     sshscan       0.00      0.00      0.00        21
     udpscan       1.00      1.00      1.00         7
        spam       0.81      0.60      0.69     12769

   micro avg       0.82      0.81      0.82     37819
   macro avg       0.80      0.77      0.78     37819
weighted avg       0.82      0.81      0.81     37819
 samples avg       0.81      0.81      0.81     37819


SUM SUPPORTS TEST:  9454
AUC_W TEST:  0.7719116187670798

SUM SUPPORTS TRAIN:  37819
AUC_W TRAIN:  0.7789992428190959

[+] Line added ...
[+] Line added ...
---FPR TEST WRITTEN---
---TPR TEST WRITTEN---
---FPR TRAIN WRITTEN---
---TPR TRAIN WRITTEN---
------------------
 [+] Time Stamp: --- REP: ---15--- Kfold: ---3--- Model: ---LOGISTIC REGRESSION--- FINISHED! [+]
------------------
Elapsed time:  0:00:43.621938
