[+] Reading datasets ...
[-]ugr16_multiclass.csv OK
[-]ugr16_multiclass_folds.csv OK
[-]ugr16_multiclass_folds_selecvars.csv OK
[+] Calculating hyper-parameters for the classifier: LOGISTIC REGRESSION ...

[+] PARAMETERS SELECTED MODEL LOGISTIC REGRESSION [+]

Solver: lbfgs
Multi_class: auto
Penalty: none
[+] TRAINING MODELS [+]

[+] Model Training: LOGISTIC REGRESSION


[+] MODEL PREDICTING lr


[+] CLASSIFICATION REPORT TEST lr

              precision    recall  f1-score   support

  background       0.81      0.92      0.86      6016
         dos       0.94      0.93      0.93        84
 nerisbotnet       0.95      0.90      0.92       119
        scan       0.79      0.89      0.84        35
     sshscan       0.00      0.00      0.00         5
     udpscan       0.50      1.00      0.67         1
        spam       0.79      0.61      0.69      3192

   micro avg       0.81      0.81      0.81      9452
   macro avg       0.68      0.75      0.70      9452
weighted avg       0.81      0.81      0.81      9452
 samples avg       0.80      0.81      0.81      9452


[+] CLASSIFICATION REPORT TRAIN lr

              precision    recall  f1-score   support

  background       0.82      0.92      0.87     24072
         dos       1.00      0.95      0.97       333
 nerisbotnet       0.98      0.89      0.93       475
        scan       1.00      0.99      0.99       141
     sshscan       0.00      0.00      0.00        22
     udpscan       1.00      1.00      1.00         8
        spam       0.81      0.60      0.69     12768

   micro avg       0.82      0.81      0.82     37819
   macro avg       0.80      0.76      0.78     37819
weighted avg       0.82      0.81      0.81     37819
 samples avg       0.80      0.81      0.81     37819


SUM SUPPORTS TEST:  9452
AUC_W TEST:  0.7761315314027452

SUM SUPPORTS TRAIN:  37819
AUC_W TRAIN:  0.7784489431323703

[+] Line added ...
[+] Line added ...
---FPR TEST WRITTEN---
---TPR TEST WRITTEN---
---FPR TRAIN WRITTEN---
---TPR TRAIN WRITTEN---
------------------
 [+] Time Stamp: --- REP: ---14--- Kfold: ---4--- Model: ---LOGISTIC REGRESSION--- FINISHED! [+]
------------------
Elapsed time:  0:00:36.283715
