[+] Reading datasets ...
[-]ugr16_multiclass.csv OK
[-]ugr16_multiclass_folds.csv OK
[-]ugr16_multiclass_folds_selecvars.csv OK
[+] Calculating hyper-parameters for the classifier: RANDOM FOREST ...


[+] The best parameters for Rep.: 17 and Kfold: 5 are:  [+]
{'max_depth': 4, 'n_estimators': 4}

---BEST PARAMETERS WRITED---
[+] PARAMETERS SELECTED MODEL RANDOM FOREST [+]

Max_Depth:  4
N_Estimators:  4
[+] TRAINING MODELS [+]

[+] Model Training: RANDOM FOREST


[+] MODEL PREDICTING rf


[+] CLASSIFICATION REPORT TEST rf

              precision    recall  f1-score   support

  background       0.76      0.95      0.85      6017
         dos       1.00      0.23      0.37        83
 nerisbotnet       0.96      0.78      0.86       119
        scan       0.94      0.94      0.94        35
     sshscan       0.00      0.00      0.00         5
     udpscan       1.00      1.00      1.00         1
        spam       0.82      0.48      0.60      3191

   micro avg       0.78      0.78      0.78      9451
   macro avg       0.78      0.63      0.66      9451
weighted avg       0.79      0.78      0.76      9451
 samples avg       0.76      0.78      0.77      9451


[+] CLASSIFICATION REPORT TRAIN rf

              precision    recall  f1-score   support

  background       0.76      0.95      0.84     24071
         dos       0.99      0.36      0.53       334
 nerisbotnet       0.99      0.84      0.91       475
        scan       0.93      0.94      0.93       141
     sshscan       0.00      0.00      0.00        22
     udpscan       1.00      0.50      0.67         8
        spam       0.83      0.47      0.60     12769

   micro avg       0.78      0.78      0.78     37820
   macro avg       0.78      0.58      0.64     37820
weighted avg       0.79      0.78      0.76     37820
 samples avg       0.76      0.78      0.77     37820


SUM SUPPORTS TEST:  9451
AUC_W TEST:  0.7165638036161439

SUM SUPPORTS TRAIN:  37820
AUC_W TRAIN:  0.7154693183485429

[+] Line added ...
[+] Line added ...
---FPR TEST WRITTEN---
---TPR TEST WRITTEN---
---FPR TRAIN WRITTEN---
---TPR TRAIN WRITTEN---
------------------
 [+] Time Stamp: --- REP: ---17--- Kfold: ---5--- Model: ---RANDOM FOREST--- FINISHED! [+]
------------------
Elapsed time:  0:02:01.951964
