[+] Reading datasets ...
[-]ugr16_multiclass.csv OK
[-]ugr16_multiclass_folds.csv OK
[-]ugr16_multiclass_folds_selecvars.csv OK
[+] Calculating hyper-parameters for the classifier: RANDOM FOREST ...


[+] The best parameters for Rep.: 9 and Kfold: 2 are:  [+]
{'max_depth': 4, 'n_estimators': 32}

---BEST PARAMETERS WRITED---
[+] PARAMETERS SELECTED MODEL RANDOM FOREST [+]

Max_Depth:  4
N_Estimators:  32
[+] TRAINING MODELS [+]

[+] Model Training: RANDOM FOREST


[+] MODEL PREDICTING rf


[+] CLASSIFICATION REPORT TEST rf

              precision    recall  f1-score   support

  background       0.75      0.96      0.84      6017
         dos       0.89      0.37      0.52        84
 nerisbotnet       1.00      0.02      0.03       119
        scan       0.97      0.94      0.96        35
     sshscan       0.00      0.00      0.00         6
     udpscan       0.00      0.00      0.00         2
        spam       0.88      0.44      0.59      3190

   micro avg       0.77      0.77      0.77      9453
   macro avg       0.64      0.39      0.42      9453
weighted avg       0.80      0.77      0.74      9453
 samples avg       0.76      0.77      0.76      9453


[+] CLASSIFICATION REPORT TRAIN rf

              precision    recall  f1-score   support

  background       0.75      0.97      0.84     24071
         dos       1.00      0.50      0.67       333
 nerisbotnet       1.00      0.02      0.05       475
        scan       0.95      0.91      0.93       141
     sshscan       0.00      0.00      0.00        21
     udpscan       1.00      0.57      0.73         7
        spam       0.88      0.43      0.58     12768

   micro avg       0.77      0.77      0.77     37816
   macro avg       0.80      0.48      0.54     37816
weighted avg       0.80      0.77      0.74     37816
 samples avg       0.76      0.77      0.76     37816


SUM SUPPORTS TEST:  9453
AUC_W TEST:  0.6972710315358933

SUM SUPPORTS TRAIN:  37816
AUC_W TRAIN:  0.6972428908484848

[+] Line added ...
[+] Line added ...
---FPR TEST WRITTEN---
---TPR TEST WRITTEN---
---FPR TRAIN WRITTEN---
---TPR TRAIN WRITTEN---
------------------
 [+] Time Stamp: --- REP: ---9--- Kfold: ---2--- Model: ---RANDOM FOREST--- FINISHED! [+]
------------------
Elapsed time:  0:02:22.683799
