[+] Reading datasets ...
[-]ugr16_multiclass.csv OK
[-]ugr16_multiclass_folds.csv OK
[-]ugr16_multiclass_folds_selecvars.csv OK
[+] Calculating hyper-parameters for the classifier: RANDOM FOREST ...


[+] The best parameters for Rep.: 6 and Kfold: 3 are:  [+]
{'max_depth': 4, 'n_estimators': 32}

---BEST PARAMETERS WRITED---
[+] PARAMETERS SELECTED MODEL RANDOM FOREST [+]

Max_Depth:  4
N_Estimators:  32
[+] TRAINING MODELS [+]

[+] Model Training: RANDOM FOREST


[+] MODEL PREDICTING rf


[+] CLASSIFICATION REPORT TEST rf

              precision    recall  f1-score   support

  background       0.75      0.97      0.85      6018
         dos       0.97      0.38      0.55        84
 nerisbotnet       0.00      0.00      0.00       118
        scan       0.89      0.94      0.92        35
     sshscan       0.00      0.00      0.00         6
     udpscan       0.00      0.00      0.00         2
        spam       0.90      0.40      0.55      3191

   micro avg       0.77      0.76      0.77      9454
   macro avg       0.50      0.38      0.41      9454
weighted avg       0.79      0.76      0.73      9454
 samples avg       0.75      0.76      0.76      9454


[+] CLASSIFICATION REPORT TRAIN rf

              precision    recall  f1-score   support

  background       0.76      0.96      0.85     24070
         dos       0.99      0.56      0.72       333
 nerisbotnet       1.00      0.02      0.04       476
        scan       0.96      0.93      0.95       141
     sshscan       0.00      0.00      0.00        21
     udpscan       1.00      0.29      0.44         7
        spam       0.88      0.44      0.59     12769

   micro avg       0.78      0.77      0.78     37817
   macro avg       0.80      0.46      0.51     37817
weighted avg       0.81      0.77      0.75     37817
 samples avg       0.77      0.77      0.77     37817


SUM SUPPORTS TEST:  9454
AUC_W TEST:  0.6949815222919592

SUM SUPPORTS TRAIN:  37817
AUC_W TRAIN:  0.7117753195752257

[+] Line added ...
[+] Line added ...
---FPR TEST WRITTEN---
---TPR TEST WRITTEN---
---FPR TRAIN WRITTEN---
---TPR TRAIN WRITTEN---
------------------
 [+] Time Stamp: --- REP: ---6--- Kfold: ---3--- Model: ---RANDOM FOREST--- FINISHED! [+]
------------------
Elapsed time:  0:02:07.083959
