[+] Reading datasets ...
[-]ugr16_multiclass.csv OK
[-]ugr16_multiclass_folds.csv OK
[-]ugr16_multiclass_folds_selecvars.csv OK
[+] Calculating hyper-parameters for the classifier: RANDOM FOREST ...


[+] The best parameters for Rep.: 10 and Kfold: 1 are:  [+]
{'max_depth': 4, 'n_estimators': 8}

---BEST PARAMETERS WRITED---
[+] PARAMETERS SELECTED MODEL RANDOM FOREST [+]

Max_Depth:  4
N_Estimators:  8
[+] TRAINING MODELS [+]

[+] Model Training: RANDOM FOREST


[+] MODEL PREDICTING rf


[+] CLASSIFICATION REPORT TEST rf

              precision    recall  f1-score   support

  background       0.76      0.96      0.85      6017
         dos       0.95      0.49      0.65        83
 nerisbotnet       1.00      0.21      0.35       118
        scan       0.94      0.86      0.90        35
     sshscan       0.00      0.00      0.00         5
     udpscan       1.00      0.50      0.67         2
        spam       0.86      0.46      0.60      3192

   micro avg       0.78      0.77      0.78      9452
   macro avg       0.79      0.50      0.57      9452
weighted avg       0.80      0.77      0.76      9452
 samples avg       0.76      0.77      0.77      9452


[+] CLASSIFICATION REPORT TRAIN rf

              precision    recall  f1-score   support

  background       0.76      0.96      0.85     24073
         dos       0.97      0.65      0.78       334
 nerisbotnet       1.00      0.20      0.34       476
        scan       0.97      0.91      0.94       141
     sshscan       0.00      0.00      0.00        22
     udpscan       1.00      0.57      0.73         7
        spam       0.85      0.45      0.59     12768

   micro avg       0.78      0.77      0.78     37821
   macro avg       0.79      0.53      0.60     37821
weighted avg       0.80      0.77      0.75     37821
 samples avg       0.76      0.77      0.77     37821


SUM SUPPORTS TEST:  9452
AUC_W TEST:  0.7128966210537463

SUM SUPPORTS TRAIN:  37821
AUC_W TRAIN:  0.7114137169433964

[+] Line added ...
[+] Line added ...
---FPR TEST WRITTEN---
---TPR TEST WRITTEN---
---FPR TRAIN WRITTEN---
---TPR TRAIN WRITTEN---
------------------
 [+] Time Stamp: --- REP: ---10--- Kfold: ---1--- Model: ---RANDOM FOREST--- FINISHED! [+]
------------------
Elapsed time:  0:02:56.968344
