[+] Reading datasets ...
[-]ugr16_multiclass.csv OK
[-]ugr16_multiclass_folds.csv OK
[-]ugr16_multiclass_folds_selecvars.csv OK
[+] Calculating hyper-parameters for the classifier: RANDOM FOREST ...


[+] The best parameters for Rep.: 8 and Kfold: 1 are:  [+]
{'max_depth': 4, 'n_estimators': 8}

---BEST PARAMETERS WRITED---
[+] PARAMETERS SELECTED MODEL RANDOM FOREST [+]

Max_Depth:  4
N_Estimators:  8
[+] TRAINING MODELS [+]

[+] Model Training: RANDOM FOREST


[+] MODEL PREDICTING rf


[+] CLASSIFICATION REPORT TEST rf

              precision    recall  f1-score   support

  background       0.75      0.96      0.84      6017
         dos       0.95      0.48      0.63        84
 nerisbotnet       1.00      0.36      0.53       119
        scan       0.88      0.86      0.87        35
     sshscan       0.00      0.00      0.00         6
     udpscan       1.00      0.50      0.67         2
        spam       0.87      0.42      0.56      3192

   micro avg       0.77      0.77      0.77      9455
   macro avg       0.78      0.51      0.59      9455
weighted avg       0.80      0.77      0.74      9455
 samples avg       0.75      0.77      0.76      9455


[+] CLASSIFICATION REPORT TRAIN rf

              precision    recall  f1-score   support

  background       0.75      0.96      0.85     24072
         dos       0.98      0.52      0.68       333
 nerisbotnet       1.00      0.46      0.63       475
        scan       0.96      0.92      0.94       141
     sshscan       0.00      0.00      0.00        21
     udpscan       1.00      0.57      0.73         7
        spam       0.87      0.42      0.56     12769

   micro avg       0.78      0.77      0.77     37818
   macro avg       0.79      0.55      0.63     37818
weighted avg       0.80      0.77      0.75     37818
 samples avg       0.76      0.77      0.76     37818


SUM SUPPORTS TEST:  9455
AUC_W TEST:  0.6986125966334412

SUM SUPPORTS TRAIN:  37818
AUC_W TRAIN:  0.7036491686014495

[+] Line added ...
[+] Line added ...
---FPR TEST WRITTEN---
---TPR TEST WRITTEN---
---FPR TRAIN WRITTEN---
---TPR TRAIN WRITTEN---
------------------
 [+] Time Stamp: --- REP: ---8--- Kfold: ---1--- Model: ---RANDOM FOREST--- FINISHED! [+]
------------------
Elapsed time:  0:02:28.271944
