[+] Reading datasets ...
[-]ugr16_multiclass.csv OK
[-]ugr16_multiclass_folds.csv OK
[-]ugr16_multiclass_folds_selecvars.csv OK
[+] Calculating hyper-parameters for the classifier: RANDOM FOREST ...


[+] The best parameters for Rep.: 3 and Kfold: 3 are:  [+]
{'max_depth': 4, 'n_estimators': 32}

---BEST PARAMETERS WRITED---
[+] PARAMETERS SELECTED MODEL RANDOM FOREST [+]

Max_Depth:  4
N_Estimators:  32
[+] TRAINING MODELS [+]

[+] Model Training: RANDOM FOREST


[+] MODEL PREDICTING rf


[+] CLASSIFICATION REPORT TEST rf

              precision    recall  f1-score   support

  background       0.77      0.95      0.85      6017
         dos       1.00      0.52      0.69        84
 nerisbotnet       1.00      0.08      0.14       119
        scan       0.92      0.94      0.93        35
     sshscan       0.00      0.00      0.00         6
     udpscan       0.00      0.00      0.00         2
        spam       0.84      0.50      0.63      3191

   micro avg       0.78      0.79      0.78      9454
   macro avg       0.65      0.43      0.46      9454
weighted avg       0.79      0.79      0.76      9454
 samples avg       0.78      0.79      0.78      9454


[+] CLASSIFICATION REPORT TRAIN rf

              precision    recall  f1-score   support

  background       0.76      0.96      0.85     24071
         dos       1.00      0.51      0.68       333
 nerisbotnet       1.00      0.13      0.22       475
        scan       0.96      0.93      0.95       141
     sshscan       0.00      0.00      0.00        21
     udpscan       1.00      0.71      0.83         7
        spam       0.85      0.50      0.62     12769

   micro avg       0.78      0.79      0.78     37817
   macro avg       0.80      0.53      0.59     37817
weighted avg       0.80      0.79      0.76     37817
 samples avg       0.78      0.79      0.78     37817


SUM SUPPORTS TEST:  9454
AUC_W TEST:  0.7220550926725415

SUM SUPPORTS TRAIN:  37817
AUC_W TRAIN:  0.7191977921719711

[+] Line added ...
[+] Line added ...
---FPR TEST WRITTEN---
---TPR TEST WRITTEN---
---FPR TRAIN WRITTEN---
---TPR TRAIN WRITTEN---
------------------
 [+] Time Stamp: --- REP: ---3--- Kfold: ---3--- Model: ---RANDOM FOREST--- FINISHED! [+]
------------------
Elapsed time:  0:02:38.399146
