[+] Reading datasets ...
[-]ugr16_multiclass.csv OK
[-]ugr16_multiclass_folds.csv OK
[-]ugr16_multiclass_folds_selecvars.csv OK
[+] Calculating hyper-parameters for the classifier: RANDOM FOREST ...


[+] The best parameters for Rep.: 16 and Kfold: 5 are:  [+]
{'max_depth': 4, 'n_estimators': 16}

---BEST PARAMETERS WRITED---
[+] PARAMETERS SELECTED MODEL RANDOM FOREST [+]

Max_Depth:  4
N_Estimators:  16
[+] TRAINING MODELS [+]

[+] Model Training: RANDOM FOREST


[+] MODEL PREDICTING rf


[+] CLASSIFICATION REPORT TEST rf

              precision    recall  f1-score   support

  background       0.75      0.95      0.84      6018
         dos       1.00      0.53      0.69        83
 nerisbotnet       1.00      0.01      0.02       119
        scan       0.86      0.89      0.87        35
     sshscan       0.00      0.00      0.00         5
     udpscan       0.00      0.00      0.00         2
        spam       0.84      0.42      0.56      3192

   micro avg       0.76      0.76      0.76      9454
   macro avg       0.63      0.40      0.43      9454
weighted avg       0.78      0.76      0.73      9454
 samples avg       0.75      0.76      0.75      9454


[+] CLASSIFICATION REPORT TRAIN rf

              precision    recall  f1-score   support

  background       0.75      0.96      0.84     24073
         dos       0.99      0.54      0.70       334
 nerisbotnet       1.00      0.01      0.02       475
        scan       0.96      0.91      0.93       141
     sshscan       0.00      0.00      0.00        22
     udpscan       1.00      0.43      0.60         7
        spam       0.87      0.43      0.57     12769

   micro avg       0.77      0.77      0.77     37821
   macro avg       0.80      0.47      0.52     37821
weighted avg       0.80      0.77      0.74     37821
 samples avg       0.76      0.77      0.76     37821


SUM SUPPORTS TEST:  9454
AUC_W TEST:  0.6923965624470456

SUM SUPPORTS TRAIN:  37821
AUC_W TRAIN:  0.6996393665728677

[+] Line added ...
[+] Line added ...
---FPR TEST WRITTEN---
---TPR TEST WRITTEN---
---FPR TRAIN WRITTEN---
---TPR TRAIN WRITTEN---
------------------
 [+] Time Stamp: --- REP: ---16--- Kfold: ---5--- Model: ---RANDOM FOREST--- FINISHED! [+]
------------------
Elapsed time:  0:02:42.720041
