[+] Reading datasets ...
[-]ugr16_multiclass.csv OK
[-]ugr16_multiclass_folds.csv OK
[-]ugr16_multiclass_folds_selecvars.csv OK
[+] Calculating hyper-parameters for the classifier: RANDOM FOREST ...


[+] The best parameters for Rep.: 2 and Kfold: 1 are:  [+]
{'max_depth': 4, 'n_estimators': 16}

---BEST PARAMETERS WRITED---
[+] PARAMETERS SELECTED MODEL RANDOM FOREST [+]

Max_Depth:  4
N_Estimators:  16
[+] TRAINING MODELS [+]

[+] Model Training: RANDOM FOREST


[+] MODEL PREDICTING rf


[+] CLASSIFICATION REPORT TEST rf

              precision    recall  f1-score   support

  background       0.75      0.96      0.84      6017
         dos       1.00      0.32      0.49        84
 nerisbotnet       1.00      0.05      0.10       118
        scan       0.88      0.83      0.85        35
     sshscan       0.00      0.00      0.00         6
     udpscan       0.00      0.00      0.00         2
        spam       0.86      0.44      0.58      3193

   micro avg       0.77      0.77      0.77      9455
   macro avg       0.64      0.37      0.41      9455
weighted avg       0.79      0.77      0.74      9455
 samples avg       0.76      0.77      0.76      9455


[+] CLASSIFICATION REPORT TRAIN rf

              precision    recall  f1-score   support

  background       0.76      0.96      0.85     24071
         dos       0.99      0.51      0.67       333
 nerisbotnet       1.00      0.13      0.23       476
        scan       0.97      0.96      0.96       141
     sshscan       0.00      0.00      0.00        21
     udpscan       1.00      0.43      0.60         7
        spam       0.86      0.47      0.61     12767

   micro avg       0.78      0.78      0.78     37816
   macro avg       0.80      0.49      0.56     37816
weighted avg       0.80      0.78      0.76     37816
 samples avg       0.77      0.78      0.77     37816


SUM SUPPORTS TEST:  9455
AUC_W TEST:  0.698273310776407

SUM SUPPORTS TRAIN:  37816
AUC_W TRAIN:  0.7127003634561687

[+] Line added ...
[+] Line added ...
---FPR TEST WRITTEN---
---TPR TEST WRITTEN---
---FPR TRAIN WRITTEN---
---TPR TRAIN WRITTEN---
------------------
 [+] Time Stamp: --- REP: ---2--- Kfold: ---1--- Model: ---RANDOM FOREST--- FINISHED! [+]
------------------
Elapsed time:  0:02:47.752300
