[+] Reading datasets ...
[-]ugr16_multiclass.csv OK
[-]ugr16_multiclass_folds.csv OK
[-]ugr16_multiclass_folds_selecvars.csv OK
[+] Calculating hyper-parameters for the classifier: RANDOM FOREST ...


[+] The best parameters for Rep.: 17 and Kfold: 4 are:  [+]
{'max_depth': 4, 'n_estimators': 32}

---BEST PARAMETERS WRITED---
[+] PARAMETERS SELECTED MODEL RANDOM FOREST [+]

Max_Depth:  4
N_Estimators:  32
[+] TRAINING MODELS [+]

[+] Model Training: RANDOM FOREST


[+] MODEL PREDICTING rf


[+] CLASSIFICATION REPORT TEST rf

              precision    recall  f1-score   support

  background       0.75      0.96      0.85      6018
         dos       0.98      0.54      0.70        83
 nerisbotnet       1.00      0.02      0.03       119
        scan       0.91      0.89      0.90        36
     sshscan       0.00      0.00      0.00         6
     udpscan       0.00      0.00      0.00         2
        spam       0.89      0.44      0.59      3191

   micro avg       0.78      0.77      0.77      9455
   macro avg       0.65      0.41      0.44      9455
weighted avg       0.80      0.77      0.75      9455
 samples avg       0.77      0.77      0.77      9455


[+] CLASSIFICATION REPORT TRAIN rf

              precision    recall  f1-score   support

  background       0.75      0.96      0.85     24073
         dos       1.00      0.57      0.73       334
 nerisbotnet       1.00      0.04      0.07       475
        scan       0.97      0.91      0.94       140
     sshscan       0.00      0.00      0.00        21
     udpscan       1.00      0.57      0.73         7
        spam       0.88      0.44      0.59     12768

   micro avg       0.78      0.77      0.77     37818
   macro avg       0.80      0.50      0.56     37818
weighted avg       0.80      0.77      0.75     37818
 samples avg       0.77      0.77      0.77     37818


SUM SUPPORTS TEST:  9455
AUC_W TEST:  0.7051940644195456

SUM SUPPORTS TRAIN:  37818
AUC_W TRAIN:  0.7037470290954909

[+] Line added ...
[+] Line added ...
---FPR TEST WRITTEN---
---TPR TEST WRITTEN---
---FPR TRAIN WRITTEN---
---TPR TRAIN WRITTEN---
------------------
 [+] Time Stamp: --- REP: ---17--- Kfold: ---4--- Model: ---RANDOM FOREST--- FINISHED! [+]
------------------
Elapsed time:  0:02:06.774644
