[+] Reading datasets ...
[-]ugr16_multiclass.csv OK
[-]ugr16_multiclass_folds.csv OK
[-]ugr16_multiclass_folds_selecvars.csv OK
[+] Calculating hyper-parameters for the classifier: RANDOM FOREST ...


[+] The best parameters for Rep.: 9 and Kfold: 1 are:  [+]
{'max_depth': 4, 'n_estimators': 16}

---BEST PARAMETERS WRITED---
[+] PARAMETERS SELECTED MODEL RANDOM FOREST [+]

Max_Depth:  4
N_Estimators:  16
[+] TRAINING MODELS [+]

[+] Model Training: RANDOM FOREST


[+] MODEL PREDICTING rf


[+] CLASSIFICATION REPORT TEST rf

              precision    recall  f1-score   support

  background       0.75      0.96      0.84      6016
         dos       0.98      0.49      0.66        83
 nerisbotnet       1.00      0.03      0.05       119
        scan       0.91      0.86      0.88        35
     sshscan       0.00      0.00      0.00         6
     udpscan       0.00      0.00      0.00         2
        spam       0.85      0.46      0.60      3193

   micro avg       0.77      0.77      0.77      9454
   macro avg       0.64      0.40      0.43      9454
weighted avg       0.79      0.77      0.75      9454
 samples avg       0.76      0.77      0.77      9454


[+] CLASSIFICATION REPORT TRAIN rf

              precision    recall  f1-score   support

  background       0.75      0.96      0.84     24072
         dos       0.99      0.53      0.69       334
 nerisbotnet       1.00      0.07      0.12       475
        scan       0.96      0.91      0.93       141
     sshscan       0.00      0.00      0.00        21
     udpscan       1.00      0.14      0.25         7
        spam       0.86      0.47      0.61     12767

   micro avg       0.77      0.78      0.78     37817
   macro avg       0.79      0.44      0.49     37817
weighted avg       0.79      0.78      0.75     37817
 samples avg       0.77      0.78      0.77     37817


SUM SUPPORTS TEST:  9454
AUC_W TEST:  0.6981563243335299

SUM SUPPORTS TRAIN:  37817
AUC_W TRAIN:  0.7044289666220108

[+] Line added ...
[+] Line added ...
---FPR TEST WRITTEN---
---TPR TEST WRITTEN---
---FPR TRAIN WRITTEN---
---TPR TRAIN WRITTEN---
------------------
 [+] Time Stamp: --- REP: ---9--- Kfold: ---1--- Model: ---RANDOM FOREST--- FINISHED! [+]
------------------
Elapsed time:  0:02:33.316213
