[+] Reading datasets ...
[-]ugr16_multiclass.csv OK
[-]ugr16_multiclass_folds.csv OK
[-]ugr16_multiclass_folds_selecvars.csv OK
[+] Calculating hyper-parameters for the classifier: RANDOM FOREST ...


[+] The best parameters for Rep.: 12 and Kfold: 2 are:  [+]
{'max_depth': 2, 'n_estimators': 4}

---BEST PARAMETERS WRITED---
[+] PARAMETERS SELECTED MODEL RANDOM FOREST [+]

Max_Depth:  2
N_Estimators:  4
[+] TRAINING MODELS [+]

[+] Model Training: RANDOM FOREST


[+] MODEL PREDICTING rf


[+] CLASSIFICATION REPORT TEST rf

              precision    recall  f1-score   support

  background       0.75      0.94      0.83      6017
         dos       1.00      0.10      0.18        83
 nerisbotnet       0.00      0.00      0.00       118
        scan       0.94      0.91      0.93        35
     sshscan       0.00      0.00      0.00         6
     udpscan       0.00      0.00      0.00         2
        spam       0.81      0.43      0.56      3191

   micro avg       0.76      0.75      0.75      9452
   macro avg       0.50      0.34      0.36      9452
weighted avg       0.76      0.75      0.72      9452
 samples avg       0.74      0.75      0.74      9452


[+] CLASSIFICATION REPORT TRAIN rf

              precision    recall  f1-score   support

  background       0.75      0.94      0.83     24073
         dos       1.00      0.09      0.16       334
 nerisbotnet       0.00      0.00      0.00       476
        scan       0.93      0.86      0.89       141
     sshscan       0.00      0.00      0.00        21
     udpscan       1.00      0.43      0.60         7
        spam       0.81      0.43      0.56     12767

   micro avg       0.76      0.75      0.75     37819
   macro avg       0.64      0.39      0.43     37819
weighted avg       0.76      0.75      0.72     37819
 samples avg       0.74      0.75      0.74     37819


SUM SUPPORTS TEST:  9452
AUC_W TEST:  0.6860138273082067

SUM SUPPORTS TRAIN:  37819
AUC_W TRAIN:  0.6861213924269832

[+] Line added ...
[+] Line added ...
---FPR TEST WRITTEN---
---TPR TEST WRITTEN---
---FPR TRAIN WRITTEN---
---TPR TRAIN WRITTEN---
------------------
 [+] Time Stamp: --- REP: ---12--- Kfold: ---2--- Model: ---RANDOM FOREST--- FINISHED! [+]
------------------
Elapsed time:  0:01:59.831206
