[+] Reading datasets ...
[-]ugr16_multiclass.csv OK
[-]ugr16_multiclass_folds.csv OK
[-]ugr16_multiclass_folds_selecvars.csv OK
[+] Calculating hyper-parameters for the classifier: RANDOM FOREST ...


[+] The best parameters for Rep.: 2 and Kfold: 4 are:  [+]
{'max_depth': 2, 'n_estimators': 2}

---BEST PARAMETERS WRITED---
[+] PARAMETERS SELECTED MODEL RANDOM FOREST [+]

Max_Depth:  2
N_Estimators:  2
[+] TRAINING MODELS [+]

[+] Model Training: RANDOM FOREST


[+] MODEL PREDICTING rf


[+] CLASSIFICATION REPORT TEST rf

              precision    recall  f1-score   support

  background       0.77      0.90      0.83      6018
         dos       0.50      0.02      0.05        83
 nerisbotnet       0.96      0.20      0.33       119
        scan       1.00      0.89      0.94        35
     sshscan       0.00      0.00      0.00         5
     udpscan       0.00      0.00      0.00         2
        spam       0.77      0.32      0.45      3190

   micro avg       0.77      0.69      0.73      9452
   macro avg       0.57      0.33      0.37      9452
weighted avg       0.77      0.69      0.69      9452
 samples avg       0.67      0.69      0.68      9452


[+] CLASSIFICATION REPORT TRAIN rf

              precision    recall  f1-score   support

  background       0.76      0.92      0.83     24072
         dos       0.00      0.00      0.00       334
 nerisbotnet       0.97      0.32      0.48       475
        scan       1.00      0.82      0.90       141
     sshscan       0.00      0.00      0.00        22
     udpscan       0.00      0.00      0.00         7
        spam       0.77      0.28      0.41     12768

   micro avg       0.76      0.69      0.72     37819
   macro avg       0.50      0.33      0.37     37819
weighted avg       0.76      0.69      0.68     37819
 samples avg       0.67      0.69      0.68     37819


SUM SUPPORTS TEST:  9452
AUC_W TEST:  0.6821063288194131

SUM SUPPORTS TRAIN:  37819
AUC_W TRAIN:  0.6751075763650958

[+] Line added ...
[+] Line added ...
---FPR TEST WRITTEN---
---TPR TEST WRITTEN---
---FPR TRAIN WRITTEN---
---TPR TRAIN WRITTEN---
------------------
 [+] Time Stamp: --- REP: ---2--- Kfold: ---4--- Model: ---RANDOM FOREST--- FINISHED! [+]
------------------
Elapsed time:  0:02:45.681736
