[+] Starting task at 2019-12-12 21:15:06.818425 (11,1)
[+] Reading datasets ...
[-]ugr16_multiclass.csv OK
[-]ugr16_multiclass_folds.csv OK
[-]ugr16_multiclass_folds_selecvars.csv OK
[+] Calculating hyper-parameters for the classifier: RANDOM FOREST ...


[+] The best parameters for Rep.: 11 and Kfold: 1 are:  [+]
{'max_features': 2, 'n_estimators': 500}

---BEST PARAMETERS WRITED---
[+] PARAMETERS SELECTED MODEL RANDOM FOREST [+]

Max_Features:  2
n_estimators:  500
[+] TRAINING MODELS [+]

[+] Model Training: RANDOM FOREST


[+] MODEL PREDICTING rf


[+] CLASSIFICATION REPORT TEST rf

              precision    recall  f1-score   support

  background       0.86      0.96      0.91      6017
         dos       1.00      0.50      0.67        84
 nerisbotnet       0.00      0.00      0.00       119
        scan       0.91      0.89      0.90        36
     sshscan       0.00      0.00      0.00         6
     udpscan       0.00      0.00      0.00         2
        spam       0.92      0.70      0.80      3191

   micro avg       0.88      0.86      0.87      9455
   macro avg       0.53      0.44      0.47      9455
weighted avg       0.87      0.86      0.86      9455
 samples avg       0.85      0.86      0.86      9455


[+] CLASSIFICATION REPORT TRAIN rf

              precision    recall  f1-score   support

  background       1.00      1.00      1.00     24072
         dos       1.00      1.00      1.00       333
 nerisbotnet       1.00      1.00      1.00       475
        scan       1.00      1.00      1.00       140
     sshscan       1.00      1.00      1.00        21
     udpscan       1.00      1.00      1.00         7
        spam       1.00      1.00      1.00     12768

   micro avg       1.00      1.00      1.00     37816
   macro avg       1.00      1.00      1.00     37816
weighted avg       1.00      1.00      1.00     37816
 samples avg       1.00      1.00      1.00     37816


SUM SUPPORTS TEST:  9455
AUC_W TEST:  0.8392719322875593

SUM SUPPORTS TRAIN:  37816
AUC_W TRAIN:  1.0

[+] Line added ...
[+] Line added ...
---FPR TEST WRITTEN---
---TPR TEST WRITTEN---
---FPR TRAIN WRITTEN---
---TPR TRAIN WRITTEN---
------------------
 [+] Time Stamp: --- REP: ---11--- Kfold: ---1--- Model: ---RANDOM FOREST--- FINISHED! [+]
------------------
Elapsed time (s):  4454.985622167587
[+] Finishing task at 2019-12-12 22:29:21.837073 (11,1)
