[+] Starting task at 2019-12-12 22:30:37.866564 (20,2)
[+] Reading datasets ...
[-]ugr16_multiclass.csv OK
[-]ugr16_multiclass_folds.csv OK
[-]ugr16_multiclass_folds_selecvars.csv OK
[+] Calculating hyper-parameters for the classifier: RANDOM FOREST ...


[+] The best parameters for Rep.: 20 and Kfold: 2 are:  [+]
{'max_features': 2, 'n_estimators': 300}

---BEST PARAMETERS WRITED---
[+] PARAMETERS SELECTED MODEL RANDOM FOREST [+]

Max_Features:  2
n_estimators:  300
[+] TRAINING MODELS [+]

[+] Model Training: RANDOM FOREST


[+] MODEL PREDICTING rf


[+] CLASSIFICATION REPORT TEST rf

              precision    recall  f1-score   support

  background       0.87      0.97      0.91      6017
         dos       1.00      0.33      0.50        84
 nerisbotnet       1.00      0.01      0.02       119
        scan       0.91      0.91      0.91        35
     sshscan       0.00      0.00      0.00         5
     udpscan       0.00      0.00      0.00         2
        spam       0.93      0.71      0.81      3191

   micro avg       0.88      0.86      0.87      9453
   macro avg       0.67      0.42      0.45      9453
weighted avg       0.89      0.86      0.86      9453
 samples avg       0.86      0.86      0.86      9453


[+] CLASSIFICATION REPORT TRAIN rf

              precision    recall  f1-score   support

  background       1.00      1.00      1.00     24072
         dos       1.00      1.00      1.00       333
 nerisbotnet       1.00      1.00      1.00       475
        scan       1.00      1.00      1.00       141
     sshscan       1.00      1.00      1.00        22
     udpscan       1.00      1.00      1.00         7
        spam       1.00      1.00      1.00     12768

   micro avg       1.00      1.00      1.00     37818
   macro avg       1.00      1.00      1.00     37818
weighted avg       1.00      1.00      1.00     37818
 samples avg       1.00      1.00      1.00     37818


SUM SUPPORTS TEST:  9453
AUC_W TEST:  0.8437197229289882

SUM SUPPORTS TRAIN:  37818
AUC_W TRAIN:  1.0

[+] Line added ...
[+] Line added ...
---FPR TEST WRITTEN---
---TPR TEST WRITTEN---
---FPR TRAIN WRITTEN---
---TPR TRAIN WRITTEN---
------------------
 [+] Time Stamp: --- REP: ---20--- Kfold: ---2--- Model: ---RANDOM FOREST--- FINISHED! [+]
------------------
Elapsed time (s):  4769.78061914444
[+] Finishing task at 2019-12-12 23:50:07.681817 (20,2)
