nohup: ignoring input
[+] Running experiment 20200707_202107 with rep (1,20) and k-folds (1,5)
[-] Running task for model: rf, rep: 1, k-fold: 1
Submitted batch job 7788037
[-] Running task for model: rf, rep: 1, k-fold: 2
Submitted batch job 7788038
[-] Running task for model: rf, rep: 1, k-fold: 3
Submitted batch job 7788039
[-] Running task for model: rf, rep: 1, k-fold: 4
Submitted batch job 7788040
[-] Running task for model: rf, rep: 1, k-fold: 5
Submitted batch job 7788041
[-] Running task for model: rf, rep: 2, k-fold: 1
Submitted batch job 7788042
[-] Running task for model: rf, rep: 2, k-fold: 2
Submitted batch job 7788043
[-] Running task for model: rf, rep: 2, k-fold: 3
Submitted batch job 7788044
[-] Running task for model: rf, rep: 2, k-fold: 4
Submitted batch job 7788045
[-] Running task for model: rf, rep: 2, k-fold: 5
Submitted batch job 7788046
[-] Running task for model: rf, rep: 3, k-fold: 1
Submitted batch job 7788047
[-] Running task for model: rf, rep: 3, k-fold: 2
Submitted batch job 7788048
[-] Running task for model: rf, rep: 3, k-fold: 3
Submitted batch job 7788049
[-] Running task for model: rf, rep: 3, k-fold: 4
Submitted batch job 7788050
[-] Running task for model: rf, rep: 3, k-fold: 5
Submitted batch job 7788051
[-] Running task for model: rf, rep: 4, k-fold: 1
Submitted batch job 7788052
[-] Running task for model: rf, rep: 4, k-fold: 2
Submitted batch job 7788053
[-] Running task for model: rf, rep: 4, k-fold: 3
Submitted batch job 7788054
[-] Running task for model: rf, rep: 4, k-fold: 4
Submitted batch job 7788055
[-] Running task for model: rf, rep: 4, k-fold: 5
Submitted batch job 7788056
[-] Running task for model: rf, rep: 5, k-fold: 1
Submitted batch job 7788057
[-] Running task for model: rf, rep: 5, k-fold: 2
Submitted batch job 7788058
[-] Running task for model: rf, rep: 5, k-fold: 3
Submitted batch job 7788059
[-] Running task for model: rf, rep: 5, k-fold: 4
Submitted batch job 7788060
[-] Running task for model: rf, rep: 5, k-fold: 5
Submitted batch job 7788061
[-] Running task for model: rf, rep: 6, k-fold: 1
Submitted batch job 7788062
[-] Running task for model: rf, rep: 6, k-fold: 2
Submitted batch job 7788063
[-] Running task for model: rf, rep: 6, k-fold: 3
Submitted batch job 7788064
[-] Running task for model: rf, rep: 6, k-fold: 4
Submitted batch job 7788065
[-] Running task for model: rf, rep: 6, k-fold: 5
Submitted batch job 7788066
[-] Running task for model: rf, rep: 7, k-fold: 1
Submitted batch job 7788067
[-] Running task for model: rf, rep: 7, k-fold: 2
Submitted batch job 7788068
[-] Running task for model: rf, rep: 7, k-fold: 3
Submitted batch job 7788069
[-] Running task for model: rf, rep: 7, k-fold: 4
Submitted batch job 7788070
[-] Running task for model: rf, rep: 7, k-fold: 5
Submitted batch job 7788071
[-] Running task for model: rf, rep: 8, k-fold: 1
Submitted batch job 7788072
[-] Running task for model: rf, rep: 8, k-fold: 2
Submitted batch job 7788073
[-] Running task for model: rf, rep: 8, k-fold: 3
Submitted batch job 7788074
[-] Running task for model: rf, rep: 8, k-fold: 4
Submitted batch job 7788075
[-] Running task for model: rf, rep: 8, k-fold: 5
Submitted batch job 7788076
[-] Running task for model: rf, rep: 9, k-fold: 1
Submitted batch job 7788077
[-] Running task for model: rf, rep: 9, k-fold: 2
Submitted batch job 7788078
[-] Running task for model: rf, rep: 9, k-fold: 3
Submitted batch job 7788079
[-] Running task for model: rf, rep: 9, k-fold: 4
Submitted batch job 7788080
[-] Running task for model: rf, rep: 9, k-fold: 5
Submitted batch job 7788081
[-] Running task for model: rf, rep: 10, k-fold: 1
Submitted batch job 7788082
[-] Running task for model: rf, rep: 10, k-fold: 2
Submitted batch job 7788083
[-] Running task for model: rf, rep: 10, k-fold: 3
Submitted batch job 7788084
[-] Running task for model: rf, rep: 10, k-fold: 4
Submitted batch job 7788085
[-] Running task for model: rf, rep: 10, k-fold: 5
Submitted batch job 7788086
[-] Running task for model: rf, rep: 11, k-fold: 1
Submitted batch job 7788087
[-] Running task for model: rf, rep: 11, k-fold: 2
Submitted batch job 7788088
[-] Running task for model: rf, rep: 11, k-fold: 3
Submitted batch job 7788089
[-] Running task for model: rf, rep: 11, k-fold: 4
Submitted batch job 7788090
[-] Running task for model: rf, rep: 11, k-fold: 5
Submitted batch job 7788092
[-] Running task for model: rf, rep: 12, k-fold: 1
Submitted batch job 7788094
[-] Running task for model: rf, rep: 12, k-fold: 2
Submitted batch job 7788096
[-] Running task for model: rf, rep: 12, k-fold: 3
Submitted batch job 7788098
[-] Running task for model: rf, rep: 12, k-fold: 4
Submitted batch job 7788100
[-] Running task for model: rf, rep: 12, k-fold: 5
Submitted batch job 7788102
[-] Running task for model: rf, rep: 13, k-fold: 1
Submitted batch job 7788104
[-] Running task for model: rf, rep: 13, k-fold: 2
Submitted batch job 7788106
[-] Running task for model: rf, rep: 13, k-fold: 3
Submitted batch job 7788108
[-] Running task for model: rf, rep: 13, k-fold: 4
Submitted batch job 7788110
[-] Running task for model: rf, rep: 13, k-fold: 5
Submitted batch job 7788112
[-] Running task for model: rf, rep: 14, k-fold: 1
Submitted batch job 7788114
[-] Running task for model: rf, rep: 14, k-fold: 2
Submitted batch job 7788116
[-] Running task for model: rf, rep: 14, k-fold: 3
Submitted batch job 7788118
[-] Running task for model: rf, rep: 14, k-fold: 4
Submitted batch job 7788120
[-] Running task for model: rf, rep: 14, k-fold: 5
Submitted batch job 7788122
[-] Running task for model: rf, rep: 15, k-fold: 1
Submitted batch job 7788124
[-] Running task for model: rf, rep: 15, k-fold: 2
Submitted batch job 7788126
[-] Running task for model: rf, rep: 15, k-fold: 3
Submitted batch job 7788128
[-] Running task for model: rf, rep: 15, k-fold: 4
Submitted batch job 7788130
[-] Running task for model: rf, rep: 15, k-fold: 5
Submitted batch job 7788132
[-] Running task for model: rf, rep: 16, k-fold: 1
Submitted batch job 7788134
[-] Running task for model: rf, rep: 16, k-fold: 2
Submitted batch job 7788136
[-] Running task for model: rf, rep: 16, k-fold: 3
Submitted batch job 7788138
[-] Running task for model: rf, rep: 16, k-fold: 4
Submitted batch job 7788140
[-] Running task for model: rf, rep: 16, k-fold: 5
Submitted batch job 7788142
[-] Running task for model: rf, rep: 17, k-fold: 1
Submitted batch job 7788144
[-] Running task for model: rf, rep: 17, k-fold: 2
Submitted batch job 7788146
[-] Running task for model: rf, rep: 17, k-fold: 3
Submitted batch job 7788148
[-] Running task for model: rf, rep: 17, k-fold: 4
Submitted batch job 7788150
[-] Running task for model: rf, rep: 17, k-fold: 5
Submitted batch job 7788152
[-] Running task for model: rf, rep: 18, k-fold: 1
Submitted batch job 7788154
[-] Running task for model: rf, rep: 18, k-fold: 2
Submitted batch job 7788156
[-] Running task for model: rf, rep: 18, k-fold: 3
Submitted batch job 7788158
[-] Running task for model: rf, rep: 18, k-fold: 4
Submitted batch job 7788160
[-] Running task for model: rf, rep: 18, k-fold: 5
Submitted batch job 7788162
[-] Running task for model: rf, rep: 19, k-fold: 1
Submitted batch job 7788164
[-] Running task for model: rf, rep: 19, k-fold: 2
Submitted batch job 7788166
[-] Running task for model: rf, rep: 19, k-fold: 3
Submitted batch job 7788168
[-] Running task for model: rf, rep: 19, k-fold: 4
Submitted batch job 7788170
[-] Running task for model: rf, rep: 19, k-fold: 5
Submitted batch job 7788172
[-] Running task for model: rf, rep: 20, k-fold: 1
Submitted batch job 7788174
[-] Running task for model: rf, rep: 20, k-fold: 2
Submitted batch job 7788176
[-] Running task for model: rf, rep: 20, k-fold: 3
Submitted batch job 7788178
[-] Running task for model: rf, rep: 20, k-fold: 4
Submitted batch job 7788180
[-] Running task for model: rf, rep: 20, k-fold: 5
Submitted batch job 7788182
[+] 100 repetitions have been launched for the experiment 20200707_202107
