nohup: ignoring input
[+] Running experiment 20200803_091711 with rep (1,20) and k-folds (1,5)
[-] Running task for model: svc, rep: 1, k-fold: 1
Submitted batch job 7798141
[-] Running task for model: svc, rep: 1, k-fold: 2
Submitted batch job 7798142
[-] Running task for model: svc, rep: 1, k-fold: 3
Submitted batch job 7798143
[-] Running task for model: svc, rep: 1, k-fold: 4
Submitted batch job 7798144
[-] Running task for model: svc, rep: 1, k-fold: 5
Submitted batch job 7798145
[-] Running task for model: svc, rep: 2, k-fold: 1
Submitted batch job 7798146
[-] Running task for model: svc, rep: 2, k-fold: 2
Submitted batch job 7798147
[-] Running task for model: svc, rep: 2, k-fold: 3
Submitted batch job 7798148
[-] Running task for model: svc, rep: 2, k-fold: 4
Submitted batch job 7798149
[-] Running task for model: svc, rep: 2, k-fold: 5
Submitted batch job 7798150
[-] Running task for model: svc, rep: 3, k-fold: 1
Submitted batch job 7798151
[-] Running task for model: svc, rep: 3, k-fold: 2
Submitted batch job 7798152
[-] Running task for model: svc, rep: 3, k-fold: 3
Submitted batch job 7798153
[-] Running task for model: svc, rep: 3, k-fold: 4
Submitted batch job 7798154
[-] Running task for model: svc, rep: 3, k-fold: 5
Submitted batch job 7798155
[-] Running task for model: svc, rep: 4, k-fold: 1
Submitted batch job 7798156
[-] Running task for model: svc, rep: 4, k-fold: 2
Submitted batch job 7798157
[-] Running task for model: svc, rep: 4, k-fold: 3
Submitted batch job 7798158
[-] Running task for model: svc, rep: 4, k-fold: 4
Submitted batch job 7798159
[-] Running task for model: svc, rep: 4, k-fold: 5
Submitted batch job 7798160
[-] Running task for model: svc, rep: 5, k-fold: 1
Submitted batch job 7798161
[-] Running task for model: svc, rep: 5, k-fold: 2
Submitted batch job 7798162
[-] Running task for model: svc, rep: 5, k-fold: 3
Submitted batch job 7798163
[-] Running task for model: svc, rep: 5, k-fold: 4
Submitted batch job 7798164
[-] Running task for model: svc, rep: 5, k-fold: 5
Submitted batch job 7798165
[-] Running task for model: svc, rep: 6, k-fold: 1
Submitted batch job 7798166
[-] Running task for model: svc, rep: 6, k-fold: 2
Submitted batch job 7798167
[-] Running task for model: svc, rep: 6, k-fold: 3
Submitted batch job 7798168
[-] Running task for model: svc, rep: 6, k-fold: 4
Submitted batch job 7798169
[-] Running task for model: svc, rep: 6, k-fold: 5
Submitted batch job 7798170
[-] Running task for model: svc, rep: 7, k-fold: 1
Submitted batch job 7798171
[-] Running task for model: svc, rep: 7, k-fold: 2
Submitted batch job 7798172
[-] Running task for model: svc, rep: 7, k-fold: 3
Submitted batch job 7798173
[-] Running task for model: svc, rep: 7, k-fold: 4
Submitted batch job 7798174
[-] Running task for model: svc, rep: 7, k-fold: 5
Submitted batch job 7798175
[-] Running task for model: svc, rep: 8, k-fold: 1
Submitted batch job 7798176
[-] Running task for model: svc, rep: 8, k-fold: 2
Submitted batch job 7798177
[-] Running task for model: svc, rep: 8, k-fold: 3
Submitted batch job 7798178
[-] Running task for model: svc, rep: 8, k-fold: 4
Submitted batch job 7798179
[-] Running task for model: svc, rep: 8, k-fold: 5
Submitted batch job 7798180
[-] Running task for model: svc, rep: 9, k-fold: 1
Submitted batch job 7798181
[-] Running task for model: svc, rep: 9, k-fold: 2
Submitted batch job 7798182
[-] Running task for model: svc, rep: 9, k-fold: 3
Submitted batch job 7798183
[-] Running task for model: svc, rep: 9, k-fold: 4
Submitted batch job 7798184
[-] Running task for model: svc, rep: 9, k-fold: 5
Submitted batch job 7798185
[-] Running task for model: svc, rep: 10, k-fold: 1
Submitted batch job 7798187
[-] Running task for model: svc, rep: 10, k-fold: 2
Submitted batch job 7798189
[-] Running task for model: svc, rep: 10, k-fold: 3
Submitted batch job 7798191
[-] Running task for model: svc, rep: 10, k-fold: 4
Submitted batch job 7798193
[-] Running task for model: svc, rep: 10, k-fold: 5
Submitted batch job 7798195
[-] Running task for model: svc, rep: 11, k-fold: 1
Submitted batch job 7798197
[-] Running task for model: svc, rep: 11, k-fold: 2
Submitted batch job 7798199
[-] Running task for model: svc, rep: 11, k-fold: 3
Submitted batch job 7798201
[-] Running task for model: svc, rep: 11, k-fold: 4
Submitted batch job 7798203
[-] Running task for model: svc, rep: 11, k-fold: 5
Submitted batch job 7798205
[-] Running task for model: svc, rep: 12, k-fold: 1
Submitted batch job 7798207
[-] Running task for model: svc, rep: 12, k-fold: 2
Submitted batch job 7798209
[-] Running task for model: svc, rep: 12, k-fold: 3
Submitted batch job 7798211
[-] Running task for model: svc, rep: 12, k-fold: 4
Submitted batch job 7798213
[-] Running task for model: svc, rep: 12, k-fold: 5
Submitted batch job 7798215
[-] Running task for model: svc, rep: 13, k-fold: 1
Submitted batch job 7798217
[-] Running task for model: svc, rep: 13, k-fold: 2
Submitted batch job 7798219
[-] Running task for model: svc, rep: 13, k-fold: 3
Submitted batch job 7798221
[-] Running task for model: svc, rep: 13, k-fold: 4
Submitted batch job 7798223
[-] Running task for model: svc, rep: 13, k-fold: 5
Submitted batch job 7798225
[-] Running task for model: svc, rep: 14, k-fold: 1
Submitted batch job 7798227
[-] Running task for model: svc, rep: 14, k-fold: 2
Submitted batch job 7798229
[-] Running task for model: svc, rep: 14, k-fold: 3
Submitted batch job 7798231
[-] Running task for model: svc, rep: 14, k-fold: 4
Submitted batch job 7798233
[-] Running task for model: svc, rep: 14, k-fold: 5
Submitted batch job 7798235
[-] Running task for model: svc, rep: 15, k-fold: 1
Submitted batch job 7798236
[-] Running task for model: svc, rep: 15, k-fold: 2
Submitted batch job 7798238
[-] Running task for model: svc, rep: 15, k-fold: 3
Submitted batch job 7798240
[-] Running task for model: svc, rep: 15, k-fold: 4
Submitted batch job 7798242
[-] Running task for model: svc, rep: 15, k-fold: 5
Submitted batch job 7798244
[-] Running task for model: svc, rep: 16, k-fold: 1
Submitted batch job 7798247
[-] Running task for model: svc, rep: 16, k-fold: 2
Submitted batch job 7798249
[-] Running task for model: svc, rep: 16, k-fold: 3
Submitted batch job 7798250
[-] Running task for model: svc, rep: 16, k-fold: 4
Submitted batch job 7798252
[-] Running task for model: svc, rep: 16, k-fold: 5
Submitted batch job 7798254
[-] Running task for model: svc, rep: 17, k-fold: 1
Submitted batch job 7798256
[-] Running task for model: svc, rep: 17, k-fold: 2
Submitted batch job 7798258
[-] Running task for model: svc, rep: 17, k-fold: 3
Submitted batch job 7798260
[-] Running task for model: svc, rep: 17, k-fold: 4
Submitted batch job 7798263
[-] Running task for model: svc, rep: 17, k-fold: 5
Submitted batch job 7798265
[-] Running task for model: svc, rep: 18, k-fold: 1
Submitted batch job 7798267
[-] Running task for model: svc, rep: 18, k-fold: 2
Submitted batch job 7798269
[-] Running task for model: svc, rep: 18, k-fold: 3
Submitted batch job 7798271
[-] Running task for model: svc, rep: 18, k-fold: 4
Submitted batch job 7798273
[-] Running task for model: svc, rep: 18, k-fold: 5
Submitted batch job 7798275
[-] Running task for model: svc, rep: 19, k-fold: 1
Submitted batch job 7798277
[-] Running task for model: svc, rep: 19, k-fold: 2
Submitted batch job 7798278
[-] Running task for model: svc, rep: 19, k-fold: 3
Submitted batch job 7798280
[-] Running task for model: svc, rep: 19, k-fold: 4
Submitted batch job 7798282
[-] Running task for model: svc, rep: 19, k-fold: 5
Submitted batch job 7798285
[-] Running task for model: svc, rep: 20, k-fold: 1
Submitted batch job 7798287
[-] Running task for model: svc, rep: 20, k-fold: 2
Submitted batch job 7798289
[-] Running task for model: svc, rep: 20, k-fold: 3
Submitted batch job 7798291
[-] Running task for model: svc, rep: 20, k-fold: 4
Submitted batch job 7798293
[-] Running task for model: svc, rep: 20, k-fold: 5
Submitted batch job 7798295
[+] 100 repetitions have been launched for the experiment 20200803_091711
