nohup: ignoring input
[+] Running experiment 20200625_201009 with rep (1,20) and k-folds (1,5)
[-] Running task for model: lr, rep: 1, k-fold: 1
Submitted batch job 7784998
[-] Running task for model: lr, rep: 1, k-fold: 2
Submitted batch job 7785000
[-] Running task for model: lr, rep: 1, k-fold: 3
Submitted batch job 7785002
[-] Running task for model: lr, rep: 1, k-fold: 4
Submitted batch job 7785004
[-] Running task for model: lr, rep: 1, k-fold: 5
Submitted batch job 7785006
[-] Running task for model: lr, rep: 2, k-fold: 1
Submitted batch job 7785008
[-] Running task for model: lr, rep: 2, k-fold: 2
Submitted batch job 7785010
[-] Running task for model: lr, rep: 2, k-fold: 3
Submitted batch job 7785012
[-] Running task for model: lr, rep: 2, k-fold: 4
Submitted batch job 7785014
[-] Running task for model: lr, rep: 2, k-fold: 5
Submitted batch job 7785016
[-] Running task for model: lr, rep: 3, k-fold: 1
Submitted batch job 7785018
[-] Running task for model: lr, rep: 3, k-fold: 2
Submitted batch job 7785020
[-] Running task for model: lr, rep: 3, k-fold: 3
Submitted batch job 7785022
[-] Running task for model: lr, rep: 3, k-fold: 4
Submitted batch job 7785024
[-] Running task for model: lr, rep: 3, k-fold: 5
Submitted batch job 7785026
[-] Running task for model: lr, rep: 4, k-fold: 1
Submitted batch job 7785028
[-] Running task for model: lr, rep: 4, k-fold: 2
Submitted batch job 7785030
[-] Running task for model: lr, rep: 4, k-fold: 3
Submitted batch job 7785032
[-] Running task for model: lr, rep: 4, k-fold: 4
Submitted batch job 7785034
[-] Running task for model: lr, rep: 4, k-fold: 5
Submitted batch job 7785036
[-] Running task for model: lr, rep: 5, k-fold: 1
Submitted batch job 7785038
[-] Running task for model: lr, rep: 5, k-fold: 2
Submitted batch job 7785040
[-] Running task for model: lr, rep: 5, k-fold: 3
Submitted batch job 7785042
[-] Running task for model: lr, rep: 5, k-fold: 4
Submitted batch job 7785043
[-] Running task for model: lr, rep: 5, k-fold: 5
Submitted batch job 7785045
[-] Running task for model: lr, rep: 6, k-fold: 1
Submitted batch job 7785048
[-] Running task for model: lr, rep: 6, k-fold: 2
Submitted batch job 7785050
[-] Running task for model: lr, rep: 6, k-fold: 3
Submitted batch job 7785052
[-] Running task for model: lr, rep: 6, k-fold: 4
Submitted batch job 7785053
[-] Running task for model: lr, rep: 6, k-fold: 5
Submitted batch job 7785055
[-] Running task for model: lr, rep: 7, k-fold: 1
Submitted batch job 7785058
[-] Running task for model: lr, rep: 7, k-fold: 2
Submitted batch job 7785059
[-] Running task for model: lr, rep: 7, k-fold: 3
Submitted batch job 7785061
[-] Running task for model: lr, rep: 7, k-fold: 4
Submitted batch job 7785063
[-] Running task for model: lr, rep: 7, k-fold: 5
Submitted batch job 7785066
[-] Running task for model: lr, rep: 8, k-fold: 1
Submitted batch job 7785068
[-] Running task for model: lr, rep: 8, k-fold: 2
Submitted batch job 7785069
[-] Running task for model: lr, rep: 8, k-fold: 3
Submitted batch job 7785071
[-] Running task for model: lr, rep: 8, k-fold: 4
Submitted batch job 7785074
[-] Running task for model: lr, rep: 8, k-fold: 5
Submitted batch job 7785076
[-] Running task for model: lr, rep: 9, k-fold: 1
Submitted batch job 7785078
[-] Running task for model: lr, rep: 9, k-fold: 2
Submitted batch job 7785080
[-] Running task for model: lr, rep: 9, k-fold: 3
Submitted batch job 7785082
[-] Running task for model: lr, rep: 9, k-fold: 4
Submitted batch job 7785084
[-] Running task for model: lr, rep: 9, k-fold: 5
Submitted batch job 7785085
[-] Running task for model: lr, rep: 10, k-fold: 1
Submitted batch job 7785087
[-] Running task for model: lr, rep: 10, k-fold: 2
Submitted batch job 7785089
[-] Running task for model: lr, rep: 10, k-fold: 3
Submitted batch job 7785091
[-] Running task for model: lr, rep: 10, k-fold: 4
Submitted batch job 7785093
[-] Running task for model: lr, rep: 10, k-fold: 5
Submitted batch job 7785095
[-] Running task for model: lr, rep: 11, k-fold: 1
Submitted batch job 7785098
[-] Running task for model: lr, rep: 11, k-fold: 2
Submitted batch job 7785100
[-] Running task for model: lr, rep: 11, k-fold: 3
Submitted batch job 7785102
[-] Running task for model: lr, rep: 11, k-fold: 4
Submitted batch job 7785104
[-] Running task for model: lr, rep: 11, k-fold: 5
Submitted batch job 7785106
[-] Running task for model: lr, rep: 12, k-fold: 1
Submitted batch job 7785107
[-] Running task for model: lr, rep: 12, k-fold: 2
Submitted batch job 7785110
[-] Running task for model: lr, rep: 12, k-fold: 3
Submitted batch job 7785112
[-] Running task for model: lr, rep: 12, k-fold: 4
Submitted batch job 7785114
[-] Running task for model: lr, rep: 12, k-fold: 5
Submitted batch job 7785116
[-] Running task for model: lr, rep: 13, k-fold: 1
Submitted batch job 7785118
[-] Running task for model: lr, rep: 13, k-fold: 2
Submitted batch job 7785120
[-] Running task for model: lr, rep: 13, k-fold: 3
Submitted batch job 7785122
[-] Running task for model: lr, rep: 13, k-fold: 4
Submitted batch job 7785123
[-] Running task for model: lr, rep: 13, k-fold: 5
Submitted batch job 7785126
[-] Running task for model: lr, rep: 14, k-fold: 1
Submitted batch job 7785128
[-] Running task for model: lr, rep: 14, k-fold: 2
Submitted batch job 7785129
[-] Running task for model: lr, rep: 14, k-fold: 3
Submitted batch job 7785132
[-] Running task for model: lr, rep: 14, k-fold: 4
Submitted batch job 7785133
[-] Running task for model: lr, rep: 14, k-fold: 5
Submitted batch job 7785135
[-] Running task for model: lr, rep: 15, k-fold: 1
Submitted batch job 7785137
[-] Running task for model: lr, rep: 15, k-fold: 2
Submitted batch job 7785139
[-] Running task for model: lr, rep: 15, k-fold: 3
Submitted batch job 7785141
[-] Running task for model: lr, rep: 15, k-fold: 4
Submitted batch job 7785143
[-] Running task for model: lr, rep: 15, k-fold: 5
Submitted batch job 7785146
[-] Running task for model: lr, rep: 16, k-fold: 1
Submitted batch job 7785148
[-] Running task for model: lr, rep: 16, k-fold: 2
Submitted batch job 7785150
[-] Running task for model: lr, rep: 16, k-fold: 3
Submitted batch job 7785152
[-] Running task for model: lr, rep: 16, k-fold: 4
Submitted batch job 7785154
[-] Running task for model: lr, rep: 16, k-fold: 5
Submitted batch job 7785156
[-] Running task for model: lr, rep: 17, k-fold: 1
Submitted batch job 7785158
[-] Running task for model: lr, rep: 17, k-fold: 2
Submitted batch job 7785160
[-] Running task for model: lr, rep: 17, k-fold: 3
Submitted batch job 7785161
[-] Running task for model: lr, rep: 17, k-fold: 4
Submitted batch job 7785164
[-] Running task for model: lr, rep: 17, k-fold: 5
Submitted batch job 7785166
[-] Running task for model: lr, rep: 18, k-fold: 1
Submitted batch job 7785168
[-] Running task for model: lr, rep: 18, k-fold: 2
Submitted batch job 7785170
[-] Running task for model: lr, rep: 18, k-fold: 3
Submitted batch job 7785172
[-] Running task for model: lr, rep: 18, k-fold: 4
Submitted batch job 7785174
[-] Running task for model: lr, rep: 18, k-fold: 5
Submitted batch job 7785175
[-] Running task for model: lr, rep: 19, k-fold: 1
Submitted batch job 7785177
[-] Running task for model: lr, rep: 19, k-fold: 2
Submitted batch job 7785179
[-] Running task for model: lr, rep: 19, k-fold: 3
Submitted batch job 7785181
[-] Running task for model: lr, rep: 19, k-fold: 4
Submitted batch job 7785183
[-] Running task for model: lr, rep: 19, k-fold: 5
Submitted batch job 7785185
[-] Running task for model: lr, rep: 20, k-fold: 1
Submitted batch job 7785186
[-] Running task for model: lr, rep: 20, k-fold: 2
Submitted batch job 7785187
[-] Running task for model: lr, rep: 20, k-fold: 3
Submitted batch job 7785188
[-] Running task for model: lr, rep: 20, k-fold: 4
Submitted batch job 7785189
[-] Running task for model: lr, rep: 20, k-fold: 5
Submitted batch job 7785190
[+] 100 repetitions have been launched for the experiment 20200625_201009
