nohup: ignoring input
[+] Running experiment 20200627_105455 with rep (1,20) and k-folds (1,5)
[-] Running task for model: svc, rep: 1, k-fold: 1
Submitted batch job 7786292
[-] Running task for model: svc, rep: 1, k-fold: 2
Submitted batch job 7786293
[-] Running task for model: svc, rep: 1, k-fold: 3
Submitted batch job 7786294
[-] Running task for model: svc, rep: 1, k-fold: 4
Submitted batch job 7786295
[-] Running task for model: svc, rep: 1, k-fold: 5
Submitted batch job 7786296
[-] Running task for model: svc, rep: 2, k-fold: 1
Submitted batch job 7786297
[-] Running task for model: svc, rep: 2, k-fold: 2
Submitted batch job 7786298
[-] Running task for model: svc, rep: 2, k-fold: 3
Submitted batch job 7786299
[-] Running task for model: svc, rep: 2, k-fold: 4
Submitted batch job 7786300
[-] Running task for model: svc, rep: 2, k-fold: 5
Submitted batch job 7786301
[-] Running task for model: svc, rep: 3, k-fold: 1
Submitted batch job 7786302
[-] Running task for model: svc, rep: 3, k-fold: 2
Submitted batch job 7786303
[-] Running task for model: svc, rep: 3, k-fold: 3
Submitted batch job 7786304
[-] Running task for model: svc, rep: 3, k-fold: 4
Submitted batch job 7786305
[-] Running task for model: svc, rep: 3, k-fold: 5
Submitted batch job 7786306
[-] Running task for model: svc, rep: 4, k-fold: 1
Submitted batch job 7786307
[-] Running task for model: svc, rep: 4, k-fold: 2
Submitted batch job 7786308
[-] Running task for model: svc, rep: 4, k-fold: 3
Submitted batch job 7786309
[-] Running task for model: svc, rep: 4, k-fold: 4
Submitted batch job 7786310
[-] Running task for model: svc, rep: 4, k-fold: 5
Submitted batch job 7786311
[-] Running task for model: svc, rep: 5, k-fold: 1
Submitted batch job 7786312
[-] Running task for model: svc, rep: 5, k-fold: 2
Submitted batch job 7786313
[-] Running task for model: svc, rep: 5, k-fold: 3
Submitted batch job 7786314
[-] Running task for model: svc, rep: 5, k-fold: 4
Submitted batch job 7786315
[-] Running task for model: svc, rep: 5, k-fold: 5
Submitted batch job 7786316
[-] Running task for model: svc, rep: 6, k-fold: 1
Submitted batch job 7786317
[-] Running task for model: svc, rep: 6, k-fold: 2
Submitted batch job 7786318
[-] Running task for model: svc, rep: 6, k-fold: 3
Submitted batch job 7786319
[-] Running task for model: svc, rep: 6, k-fold: 4
Submitted batch job 7786320
[-] Running task for model: svc, rep: 6, k-fold: 5
Submitted batch job 7786321
[-] Running task for model: svc, rep: 7, k-fold: 1
Submitted batch job 7786322
[-] Running task for model: svc, rep: 7, k-fold: 2
Submitted batch job 7786323
[-] Running task for model: svc, rep: 7, k-fold: 3
Submitted batch job 7786324
[-] Running task for model: svc, rep: 7, k-fold: 4
Submitted batch job 7786325
[-] Running task for model: svc, rep: 7, k-fold: 5
Submitted batch job 7786326
[-] Running task for model: svc, rep: 8, k-fold: 1
Submitted batch job 7786327
[-] Running task for model: svc, rep: 8, k-fold: 2
Submitted batch job 7786328
[-] Running task for model: svc, rep: 8, k-fold: 3
Submitted batch job 7786329
[-] Running task for model: svc, rep: 8, k-fold: 4
Submitted batch job 7786330
[-] Running task for model: svc, rep: 8, k-fold: 5
Submitted batch job 7786331
[-] Running task for model: svc, rep: 9, k-fold: 1
Submitted batch job 7786332
[-] Running task for model: svc, rep: 9, k-fold: 2
Submitted batch job 7786333
[-] Running task for model: svc, rep: 9, k-fold: 3
Submitted batch job 7786334
[-] Running task for model: svc, rep: 9, k-fold: 4
Submitted batch job 7786335
[-] Running task for model: svc, rep: 9, k-fold: 5
Submitted batch job 7786336
[-] Running task for model: svc, rep: 10, k-fold: 1
Submitted batch job 7786337
[-] Running task for model: svc, rep: 10, k-fold: 2
Submitted batch job 7786338
[-] Running task for model: svc, rep: 10, k-fold: 3
Submitted batch job 7786339
[-] Running task for model: svc, rep: 10, k-fold: 4
Submitted batch job 7786340
[-] Running task for model: svc, rep: 10, k-fold: 5
Submitted batch job 7786341
[-] Running task for model: svc, rep: 11, k-fold: 1
Submitted batch job 7786342
[-] Running task for model: svc, rep: 11, k-fold: 2
Submitted batch job 7786343
[-] Running task for model: svc, rep: 11, k-fold: 3
Submitted batch job 7786344
[-] Running task for model: svc, rep: 11, k-fold: 4
Submitted batch job 7786345
[-] Running task for model: svc, rep: 11, k-fold: 5
Submitted batch job 7786346
[-] Running task for model: svc, rep: 12, k-fold: 1
Submitted batch job 7786347
[-] Running task for model: svc, rep: 12, k-fold: 2
Submitted batch job 7786348
[-] Running task for model: svc, rep: 12, k-fold: 3
Submitted batch job 7786349
[-] Running task for model: svc, rep: 12, k-fold: 4
Submitted batch job 7786350
[-] Running task for model: svc, rep: 12, k-fold: 5
Submitted batch job 7786351
[-] Running task for model: svc, rep: 13, k-fold: 1
Submitted batch job 7786352
[-] Running task for model: svc, rep: 13, k-fold: 2
Submitted batch job 7786353
[-] Running task for model: svc, rep: 13, k-fold: 3
Submitted batch job 7786354
[-] Running task for model: svc, rep: 13, k-fold: 4
Submitted batch job 7786355
[-] Running task for model: svc, rep: 13, k-fold: 5
Submitted batch job 7786356
[-] Running task for model: svc, rep: 14, k-fold: 1
Submitted batch job 7786357
[-] Running task for model: svc, rep: 14, k-fold: 2
Submitted batch job 7786358
[-] Running task for model: svc, rep: 14, k-fold: 3
Submitted batch job 7786359
[-] Running task for model: svc, rep: 14, k-fold: 4
Submitted batch job 7786360
[-] Running task for model: svc, rep: 14, k-fold: 5
Submitted batch job 7786361
[-] Running task for model: svc, rep: 15, k-fold: 1
Submitted batch job 7786362
[-] Running task for model: svc, rep: 15, k-fold: 2
Submitted batch job 7786363
[-] Running task for model: svc, rep: 15, k-fold: 3
Submitted batch job 7786364
[-] Running task for model: svc, rep: 15, k-fold: 4
Submitted batch job 7786365
[-] Running task for model: svc, rep: 15, k-fold: 5
Submitted batch job 7786366
[-] Running task for model: svc, rep: 16, k-fold: 1
Submitted batch job 7786367
[-] Running task for model: svc, rep: 16, k-fold: 2
Submitted batch job 7786368
[-] Running task for model: svc, rep: 16, k-fold: 3
Submitted batch job 7786369
[-] Running task for model: svc, rep: 16, k-fold: 4
Submitted batch job 7786370
[-] Running task for model: svc, rep: 16, k-fold: 5
Submitted batch job 7786371
[-] Running task for model: svc, rep: 17, k-fold: 1
Submitted batch job 7786372
[-] Running task for model: svc, rep: 17, k-fold: 2
Submitted batch job 7786373
[-] Running task for model: svc, rep: 17, k-fold: 3
Submitted batch job 7786374
[-] Running task for model: svc, rep: 17, k-fold: 4
Submitted batch job 7786375
[-] Running task for model: svc, rep: 17, k-fold: 5
Submitted batch job 7786376
[-] Running task for model: svc, rep: 18, k-fold: 1
Submitted batch job 7786377
[-] Running task for model: svc, rep: 18, k-fold: 2
Submitted batch job 7786378
[-] Running task for model: svc, rep: 18, k-fold: 3
Submitted batch job 7786379
[-] Running task for model: svc, rep: 18, k-fold: 4
Submitted batch job 7786380
[-] Running task for model: svc, rep: 18, k-fold: 5
Submitted batch job 7786381
[-] Running task for model: svc, rep: 19, k-fold: 1
Submitted batch job 7786382
[-] Running task for model: svc, rep: 19, k-fold: 2
Submitted batch job 7786383
[-] Running task for model: svc, rep: 19, k-fold: 3
Submitted batch job 7786384
[-] Running task for model: svc, rep: 19, k-fold: 4
Submitted batch job 7786385
[-] Running task for model: svc, rep: 19, k-fold: 5
Submitted batch job 7786386
[-] Running task for model: svc, rep: 20, k-fold: 1
Submitted batch job 7786387
[-] Running task for model: svc, rep: 20, k-fold: 2
Submitted batch job 7786388
[-] Running task for model: svc, rep: 20, k-fold: 3
Submitted batch job 7786389
[-] Running task for model: svc, rep: 20, k-fold: 4
Submitted batch job 7786390
[-] Running task for model: svc, rep: 20, k-fold: 5
Submitted batch job 7786391
[+] 100 repetitions have been launched for the experiment 20200627_105455
