[+] Starting task at 2019-12-13 09:23:29.532510 (16,3)
[+] Reading datasets ...
[-]ugr16_multiclass.csv OK
[-]ugr16_multiclass_folds.csv OK
[-]ugr16_multiclass_folds_selecvars.csv OK
[+] Calculating hyper-parameters for the classifier: RANDOM FOREST ...


[+] The best parameters for Rep.: 16 and Kfold: 3 are:  [+]
{'max_features': 2, 'n_estimators': 500}

---BEST PARAMETERS WRITED---
[+] PARAMETERS SELECTED MODEL RANDOM FOREST [+]

Max_Features:  2
n_estimators:  500
[+] TRAINING MODELS [+]

[+] Model Training: RANDOM FOREST


[+] MODEL PREDICTING rf


[+] CLASSIFICATION REPORT TEST rf

              precision    recall  f1-score   support

  background       0.87      0.97      0.92      6017
         dos       1.00      0.45      0.62        83
 nerisbotnet       1.00      0.03      0.05       119
        scan       0.87      0.77      0.82        35
     sshscan       0.00      0.00      0.00         5
     udpscan       0.00      0.00      0.00         2
        spam       0.93      0.73      0.81      3192

   micro avg       0.89      0.87      0.88      9453
   macro avg       0.67      0.42      0.46      9453
weighted avg       0.89      0.87      0.87      9453
 samples avg       0.86      0.87      0.87      9453


[+] CLASSIFICATION REPORT TRAIN rf

              precision    recall  f1-score   support

  background       1.00      1.00      1.00     24073
         dos       1.00      1.00      1.00       334
 nerisbotnet       1.00      1.00      1.00       475
        scan       1.00      1.00      1.00       141
     sshscan       1.00      1.00      1.00        22
     udpscan       1.00      1.00      1.00         7
        spam       1.00      1.00      1.00     12768

   micro avg       1.00      1.00      1.00     37820
   macro avg       1.00      1.00      1.00     37820
weighted avg       1.00      1.00      1.00     37820
 samples avg       1.00      1.00      1.00     37820


SUM SUPPORTS TEST:  9453
AUC_W TEST:  0.8485622787834759

SUM SUPPORTS TRAIN:  37820
AUC_W TRAIN:  1.0

[+] Line added ...
[+] Line added ...
---FPR TEST WRITTEN---
---TPR TEST WRITTEN---
---FPR TRAIN WRITTEN---
---TPR TRAIN WRITTEN---
------------------
 [+] Time Stamp: --- REP: ---16--- Kfold: ---3--- Model: ---RANDOM FOREST--- FINISHED! [+]
------------------
Elapsed time (s):  1592.9642238616943
[+] Finishing task at 2019-12-13 09:50:02.542383 (16,3)
