[+] Starting task at 2019-12-13 09:20:48.932840 (10,3)
[+] Reading datasets ...
[-]ugr16_multiclass.csv OK
[-]ugr16_multiclass_folds.csv OK
[-]ugr16_multiclass_folds_selecvars.csv OK
[+] Calculating hyper-parameters for the classifier: RANDOM FOREST ...


[+] The best parameters for Rep.: 10 and Kfold: 3 are:  [+]
{'max_features': 2, 'n_estimators': 500}

---BEST PARAMETERS WRITED---
[+] PARAMETERS SELECTED MODEL RANDOM FOREST [+]

Max_Features:  2
n_estimators:  500
[+] TRAINING MODELS [+]

[+] Model Training: RANDOM FOREST


[+] MODEL PREDICTING rf


[+] CLASSIFICATION REPORT TEST rf

              precision    recall  f1-score   support

  background       0.87      0.95      0.91      6019
         dos       1.00      0.33      0.50        84
 nerisbotnet       1.00      0.01      0.02       119
        scan       0.94      0.81      0.87        36
     sshscan       0.00      0.00      0.00         6
     udpscan       0.00      0.00      0.00         1
        spam       0.91      0.73      0.81      3191

   micro avg       0.88      0.86      0.87      9456
   macro avg       0.67      0.40      0.44      9456
weighted avg       0.89      0.86      0.86      9456
 samples avg       0.86      0.86      0.86      9456


[+] CLASSIFICATION REPORT TRAIN rf

              precision    recall  f1-score   support

  background       1.00      1.00      1.00     24071
         dos       1.00      1.00      1.00       333
 nerisbotnet       1.00      1.00      1.00       475
        scan       1.00      1.00      1.00       140
     sshscan       1.00      1.00      1.00        21
     udpscan       1.00      1.00      1.00         8
        spam       1.00      1.00      1.00     12769

   micro avg       1.00      1.00      1.00     37817
   macro avg       1.00      1.00      1.00     37817
weighted avg       1.00      1.00      1.00     37817
 samples avg       1.00      1.00      1.00     37817


SUM SUPPORTS TEST:  9456
AUC_W TEST:  0.8473173109487002

SUM SUPPORTS TRAIN:  37817
AUC_W TRAIN:  1.0

[+] Line added ...
[+] Line added ...
---FPR TEST WRITTEN---
---TPR TEST WRITTEN---
---FPR TRAIN WRITTEN---
---TPR TRAIN WRITTEN---
------------------
 [+] Time Stamp: --- REP: ---10--- Kfold: ---3--- Model: ---RANDOM FOREST--- FINISHED! [+]
------------------
Elapsed time (s):  1772.571256160736
[+] Finishing task at 2019-12-13 09:50:21.545785 (10,3)
