nohup: ignoring input
[+] Running experiment 20200707_202255 with rep (1,20) and k-folds (1,5)
[-] Running task for model: svc, rep: 1, k-fold: 1
Submitted batch job 7788091
[-] Running task for model: svc, rep: 1, k-fold: 2
Submitted batch job 7788093
[-] Running task for model: svc, rep: 1, k-fold: 3
Submitted batch job 7788095
[-] Running task for model: svc, rep: 1, k-fold: 4
Submitted batch job 7788097
[-] Running task for model: svc, rep: 1, k-fold: 5
Submitted batch job 7788099
[-] Running task for model: svc, rep: 2, k-fold: 1
Submitted batch job 7788101
[-] Running task for model: svc, rep: 2, k-fold: 2
Submitted batch job 7788103
[-] Running task for model: svc, rep: 2, k-fold: 3
Submitted batch job 7788105
[-] Running task for model: svc, rep: 2, k-fold: 4
Submitted batch job 7788107
[-] Running task for model: svc, rep: 2, k-fold: 5
Submitted batch job 7788109
[-] Running task for model: svc, rep: 3, k-fold: 1
Submitted batch job 7788111
[-] Running task for model: svc, rep: 3, k-fold: 2
Submitted batch job 7788113
[-] Running task for model: svc, rep: 3, k-fold: 3
Submitted batch job 7788115
[-] Running task for model: svc, rep: 3, k-fold: 4
Submitted batch job 7788117
[-] Running task for model: svc, rep: 3, k-fold: 5
Submitted batch job 7788119
[-] Running task for model: svc, rep: 4, k-fold: 1
Submitted batch job 7788121
[-] Running task for model: svc, rep: 4, k-fold: 2
Submitted batch job 7788123
[-] Running task for model: svc, rep: 4, k-fold: 3
Submitted batch job 7788125
[-] Running task for model: svc, rep: 4, k-fold: 4
Submitted batch job 7788127
[-] Running task for model: svc, rep: 4, k-fold: 5
Submitted batch job 7788129
[-] Running task for model: svc, rep: 5, k-fold: 1
Submitted batch job 7788131
[-] Running task for model: svc, rep: 5, k-fold: 2
Submitted batch job 7788133
[-] Running task for model: svc, rep: 5, k-fold: 3
Submitted batch job 7788135
[-] Running task for model: svc, rep: 5, k-fold: 4
Submitted batch job 7788137
[-] Running task for model: svc, rep: 5, k-fold: 5
Submitted batch job 7788139
[-] Running task for model: svc, rep: 6, k-fold: 1
Submitted batch job 7788141
[-] Running task for model: svc, rep: 6, k-fold: 2
Submitted batch job 7788143
[-] Running task for model: svc, rep: 6, k-fold: 3
Submitted batch job 7788145
[-] Running task for model: svc, rep: 6, k-fold: 4
Submitted batch job 7788147
[-] Running task for model: svc, rep: 6, k-fold: 5
Submitted batch job 7788149
[-] Running task for model: svc, rep: 7, k-fold: 1
Submitted batch job 7788151
[-] Running task for model: svc, rep: 7, k-fold: 2
Submitted batch job 7788153
[-] Running task for model: svc, rep: 7, k-fold: 3
Submitted batch job 7788155
[-] Running task for model: svc, rep: 7, k-fold: 4
Submitted batch job 7788157
[-] Running task for model: svc, rep: 7, k-fold: 5
Submitted batch job 7788159
[-] Running task for model: svc, rep: 8, k-fold: 1
Submitted batch job 7788161
[-] Running task for model: svc, rep: 8, k-fold: 2
Submitted batch job 7788163
[-] Running task for model: svc, rep: 8, k-fold: 3
Submitted batch job 7788165
[-] Running task for model: svc, rep: 8, k-fold: 4
Submitted batch job 7788167
[-] Running task for model: svc, rep: 8, k-fold: 5
Submitted batch job 7788169
[-] Running task for model: svc, rep: 9, k-fold: 1
Submitted batch job 7788171
[-] Running task for model: svc, rep: 9, k-fold: 2
Submitted batch job 7788173
[-] Running task for model: svc, rep: 9, k-fold: 3
Submitted batch job 7788175
[-] Running task for model: svc, rep: 9, k-fold: 4
Submitted batch job 7788177
[-] Running task for model: svc, rep: 9, k-fold: 5
Submitted batch job 7788179
[-] Running task for model: svc, rep: 10, k-fold: 1
Submitted batch job 7788181
[-] Running task for model: svc, rep: 10, k-fold: 2
Submitted batch job 7788183
[-] Running task for model: svc, rep: 10, k-fold: 3
Submitted batch job 7788184
[-] Running task for model: svc, rep: 10, k-fold: 4
Submitted batch job 7788185
[-] Running task for model: svc, rep: 10, k-fold: 5
Submitted batch job 7788186
[-] Running task for model: svc, rep: 11, k-fold: 1
Submitted batch job 7788187
[-] Running task for model: svc, rep: 11, k-fold: 2
Submitted batch job 7788188
[-] Running task for model: svc, rep: 11, k-fold: 3
Submitted batch job 7788189
[-] Running task for model: svc, rep: 11, k-fold: 4
Submitted batch job 7788190
[-] Running task for model: svc, rep: 11, k-fold: 5
Submitted batch job 7788191
[-] Running task for model: svc, rep: 12, k-fold: 1
Submitted batch job 7788192
[-] Running task for model: svc, rep: 12, k-fold: 2
Submitted batch job 7788193
[-] Running task for model: svc, rep: 12, k-fold: 3
Submitted batch job 7788194
[-] Running task for model: svc, rep: 12, k-fold: 4
Submitted batch job 7788195
[-] Running task for model: svc, rep: 12, k-fold: 5
Submitted batch job 7788196
[-] Running task for model: svc, rep: 13, k-fold: 1
Submitted batch job 7788197
[-] Running task for model: svc, rep: 13, k-fold: 2
Submitted batch job 7788198
[-] Running task for model: svc, rep: 13, k-fold: 3
Submitted batch job 7788199
[-] Running task for model: svc, rep: 13, k-fold: 4
Submitted batch job 7788200
[-] Running task for model: svc, rep: 13, k-fold: 5
Submitted batch job 7788201
[-] Running task for model: svc, rep: 14, k-fold: 1
Submitted batch job 7788202
[-] Running task for model: svc, rep: 14, k-fold: 2
Submitted batch job 7788203
[-] Running task for model: svc, rep: 14, k-fold: 3
Submitted batch job 7788204
[-] Running task for model: svc, rep: 14, k-fold: 4
Submitted batch job 7788205
[-] Running task for model: svc, rep: 14, k-fold: 5
Submitted batch job 7788206
[-] Running task for model: svc, rep: 15, k-fold: 1
Submitted batch job 7788207
[-] Running task for model: svc, rep: 15, k-fold: 2
Submitted batch job 7788208
[-] Running task for model: svc, rep: 15, k-fold: 3
Submitted batch job 7788209
[-] Running task for model: svc, rep: 15, k-fold: 4
Submitted batch job 7788210
[-] Running task for model: svc, rep: 15, k-fold: 5
Submitted batch job 7788211
[-] Running task for model: svc, rep: 16, k-fold: 1
Submitted batch job 7788212
[-] Running task for model: svc, rep: 16, k-fold: 2
Submitted batch job 7788213
[-] Running task for model: svc, rep: 16, k-fold: 3
Submitted batch job 7788214
[-] Running task for model: svc, rep: 16, k-fold: 4
Submitted batch job 7788215
[-] Running task for model: svc, rep: 16, k-fold: 5
Submitted batch job 7788216
[-] Running task for model: svc, rep: 17, k-fold: 1
Submitted batch job 7788217
[-] Running task for model: svc, rep: 17, k-fold: 2
Submitted batch job 7788218
[-] Running task for model: svc, rep: 17, k-fold: 3
Submitted batch job 7788219
[-] Running task for model: svc, rep: 17, k-fold: 4
Submitted batch job 7788220
[-] Running task for model: svc, rep: 17, k-fold: 5
Submitted batch job 7788221
[-] Running task for model: svc, rep: 18, k-fold: 1
Submitted batch job 7788222
[-] Running task for model: svc, rep: 18, k-fold: 2
Submitted batch job 7788223
[-] Running task for model: svc, rep: 18, k-fold: 3
Submitted batch job 7788224
[-] Running task for model: svc, rep: 18, k-fold: 4
Submitted batch job 7788225
[-] Running task for model: svc, rep: 18, k-fold: 5
Submitted batch job 7788226
[-] Running task for model: svc, rep: 19, k-fold: 1
Submitted batch job 7788227
[-] Running task for model: svc, rep: 19, k-fold: 2
Submitted batch job 7788228
[-] Running task for model: svc, rep: 19, k-fold: 3
Submitted batch job 7788229
[-] Running task for model: svc, rep: 19, k-fold: 4
Submitted batch job 7788230
[-] Running task for model: svc, rep: 19, k-fold: 5
Submitted batch job 7788231
[-] Running task for model: svc, rep: 20, k-fold: 1
Submitted batch job 7788232
[-] Running task for model: svc, rep: 20, k-fold: 2
Submitted batch job 7788233
[-] Running task for model: svc, rep: 20, k-fold: 3
Submitted batch job 7788234
[-] Running task for model: svc, rep: 20, k-fold: 4
Submitted batch job 7788235
[-] Running task for model: svc, rep: 20, k-fold: 5
Submitted batch job 7788236
[+] 100 repetitions have been launched for the experiment 20200707_202255
